#
# A fatal error has been detected by the Java Runtime Environment:
#
#  SIGBUS (0xa) at pc=0x0000000106edc568, pid=82271, tid=10243
#
# JRE version: OpenJDK Runtime Environment Zulu13.37+21-CA (13.0.6+5) (build 13.0.6+5-MTS)
# Java VM: OpenJDK 64-Bit Server VM Zulu13.37+21-CA (13.0.6+5-MTS, mixed mode, tiered, compressed oops, g1 gc, bsd-aarch64)
# Problematic frame:
# V  [libjvm.dylib+0x6dc568]  MarkActivationClosure::do_code_blob(CodeBlob*)+0x3c
#
# No core dump will be written. Core dumps have been disabled. To enable core dumping, try "ulimit -c unlimited" before starting Java again
#
# If you would like to submit a bug report, please visit:
#   http://www.azulsystems.com/support/
#

---------------  S U M M A R Y ------------

Command Line: -agentlib:jdwp=transport=dt_socket,address=127.0.0.1:64477,suspend=y,server=n -XX:TieredStopAtLevel=1 -Xverify:none -Dspring.output.ansi.enabled=always -javaagent:/Users/liujian/Library/Caches/JetBrains/IntelliJIdea2020.3/captureAgent/debugger-agent.jar -Dcom.sun.management.jmxremote -Dspring.jmx.enabled=true -Dspring.liveBeansView.mbeanDomain -Dspring.application.admin.enabled=true -Dfile.encoding=UTF-8 com.ecommerce.demo.DemoApplication

Host: MacBookPro17,1 arm64 1 MHz, 8 cores, 16G, Darwin 20.3.0
Time: Wed Mar 24 17:18:43 2021 CST elapsed time: 0 seconds (0d 0h 0m 0s)

---------------  T H R E A D  ---------------

Current thread (0x0000000132009800):  JavaThread "main" [_thread_in_vm, id=10243, stack(0x000000016de80000,0x000000016e083000)]

Stack: [0x000000016de80000,0x000000016e083000],  sp=0x000000016e080a80,  free space=2050k
Native frames: (J=compiled Java code, A=aot compiled Java code, j=interpreted, Vv=VM code, C=native code)
V  [libjvm.dylib+0x6dc568]  MarkActivationClosure::do_code_blob(CodeBlob*)+0x3c
V  [libjvm.dylib+0x70ad88]  JavaThread::nmethods_do(CodeBlobClosure*)+0x78
V  [libjvm.dylib+0x2de3a0]  HandshakeThreadsOperation::do_handshake(JavaThread*)+0xcc
V  [libjvm.dylib+0x2de744]  HandshakeState::process_self_inner(JavaThread*)+0x110
V  [libjvm.dylib+0x62258c]  SafepointMechanism::block_or_handshake(JavaThread*)+0x60
V  [libjvm.dylib+0x6225b4]  SafepointMechanism::block_if_requested_slow(JavaThread*)+0x18
V  [libjvm.dylib+0x15bfc4]  ThreadStateTransition::trans(JavaThreadState, JavaThreadState)+0x4c
V  [libjvm.dylib+0x487b40]  JvmtiEnv::GetThreadLocalStorage(_jobject*, void**)+0x244
C  [libjdwp.dylib+0x1eb58]  findThread+0x84
C  [libjdwp.dylib+0x1fe14]  threadControl_onEventHandlerEntry+0x68
C  [libjdwp.dylib+0x16a10]  event_callback+0x198
C  [libjdwp.dylib+0x14af8]  cbClassPrepare+0xc0
V  [libjvm.dylib+0x496ca8]  JvmtiExport::post_class_prepare(JavaThread*, Klass*)+0x1c0
V  [libjvm.dylib+0x304260]  InstanceKlass::link_class_impl(Thread*)+0x324
V  [libjvm.dylib+0x304394]  InstanceKlass::initialize_impl(Thread*)+0x54
V  [libjvm.dylib+0x314ec4]  InterpreterRuntime::_new(JavaThread*, ConstantPool*, int)+0x84
j  org.springframework.beans.factory.support.AbstractAutowireCapableBeanFactory.instantiateUsingFactoryMethod(Ljava/lang/String;Lorg/springframework/beans/factory/support/RootBeanDefinition;[Ljava/lang/Object;)Lorg/springframework/beans/BeanWrapper;+0
j  org.springframework.beans.factory.support.AbstractAutowireCapableBeanFactory.createBeanInstance(Ljava/lang/String;Lorg/springframework/beans/factory/support/RootBeanDefinition;[Ljava/lang/Object;)Lorg/springframework/beans/BeanWrapper;+102
j  org.springframework.beans.factory.support.AbstractAutowireCapableBeanFactory.doCreateBean(Ljava/lang/String;Lorg/springframework/beans/factory/support/RootBeanDefinition;[Ljava/lang/Object;)Ljava/lang/Object;+34
j  org.springframework.beans.factory.support.AbstractAutowireCapableBeanFactory.createBean(Ljava/lang/String;Lorg/springframework/beans/factory/support/RootBeanDefinition;[Ljava/lang/Object;)Ljava/lang/Object;+169
j  org.springframework.beans.factory.support.AbstractBeanFactory.lambda$doGetBean$0(Ljava/lang/String;Lorg/springframework/beans/factory/support/RootBeanDefinition;[Ljava/lang/Object;)Ljava/lang/Object;+4
j  org.springframework.beans.factory.support.AbstractBeanFactory$$Lambda$306.getObject()Ljava/lang/Object;+16
j  org.springframework.beans.factory.support.DefaultSingletonBeanRegistry.getSingleton(Ljava/lang/String;Lorg/springframework/beans/factory/ObjectFactory;)Ljava/lang/Object;+132
J 2840 c1 org.springframework.beans.factory.support.AbstractBeanFactory.doGetBean(Ljava/lang/String;Ljava/lang/Class;[Ljava/lang/Object;Z)Ljava/lang/Object; (832 bytes) @ 0x000000010fa8b1f4 [0x000000010fa8ac00+0x00000000000005f4]
j  org.springframework.beans.factory.support.AbstractBeanFactory.getBean(Ljava/lang/String;)Ljava/lang/Object;+5
j  org.springframework.beans.factory.support.DefaultListableBeanFactory.getBeansOfType(Ljava/lang/Class;ZZ)Ljava/util/Map;+46
j  org.springframework.context.support.AbstractApplicationContext.getBeansOfType(Ljava/lang/Class;ZZ)Ljava/util/Map;+11
j  org.mybatis.spring.mapper.MapperScannerConfigurer.processPropertyPlaceHolders()V+8
j  org.mybatis.spring.mapper.MapperScannerConfigurer.postProcessBeanDefinitionRegistry(Lorg/springframework/beans/factory/support/BeanDefinitionRegistry;)V+8
j  org.springframework.context.support.PostProcessorRegistrationDelegate.invokeBeanDefinitionRegistryPostProcessors(Ljava/util/Collection;Lorg/springframework/beans/factory/support/BeanDefinitionRegistry;Lorg/springframework/core/metrics/ApplicationStartup;)V+59
j  org.springframework.context.support.PostProcessorRegistrationDelegate.invokeBeanFactoryPostProcessors(Lorg/springframework/beans/factory/config/ConfigurableListableBeanFactory;Ljava/util/List;)V+496
j  org.springframework.context.support.AbstractApplicationContext.invokeBeanFactoryPostProcessors(Lorg/springframework/beans/factory/config/ConfigurableListableBeanFactory;)V+5
j  org.springframework.context.support.AbstractApplicationContext.refresh()V+53
j  org.springframework.boot.web.servlet.context.ServletWebServerApplicationContext.refresh()V+1
j  org.springframework.boot.SpringApplication.refresh(Lorg/springframework/context/ConfigurableApplicationContext;)V+1
j  org.springframework.boot.SpringApplication.refreshContext(Lorg/springframework/context/ConfigurableApplicationContext;)V+19
j  org.springframework.boot.SpringApplication.run([Ljava/lang/String;)Lorg/springframework/context/ConfigurableApplicationContext;+111
j  org.springframework.boot.SpringApplication.run([Ljava/lang/Class;[Ljava/lang/String;)Lorg/springframework/context/ConfigurableApplicationContext;+9
j  org.springframework.boot.SpringApplication.run(Ljava/lang/Class;[Ljava/lang/String;)Lorg/springframework/context/ConfigurableApplicationContext;+9
j  com.ecommerce.demo.DemoApplication.main([Ljava/lang/String;)V+3
v  ~StubRoutines::call_stub
V  [libjvm.dylib+0x31cd40]  JavaCalls::call_helper(JavaValue*, methodHandle const&, JavaCallArguments*, Thread*)+0x2f4
V  [libjvm.dylib+0x367760]  jni_invoke_static(JNIEnv_*, JavaValue*, _jobject*, JNICallType, _jmethodID*, JNI_ArgumentPusher*, Thread*)+0x10c
V  [libjvm.dylib+0x36ae28]  jni_CallStaticVoidMethod+0x158
C  [libjli.dylib+0x59c0]  JavaMain+0xb3c
C  [libjli.dylib+0x7af4]  ThreadJavaMain+0xc
C  [libsystem_pthread.dylib+0x706c]  _pthread_start+0x140

Java frames: (J=compiled Java code, j=interpreted, Vv=VM code)
j  org.springframework.beans.factory.support.AbstractAutowireCapableBeanFactory.instantiateUsingFactoryMethod(Ljava/lang/String;Lorg/springframework/beans/factory/support/RootBeanDefinition;[Ljava/lang/Object;)Lorg/springframework/beans/BeanWrapper;+0
j  org.springframework.beans.factory.support.AbstractAutowireCapableBeanFactory.createBeanInstance(Ljava/lang/String;Lorg/springframework/beans/factory/support/RootBeanDefinition;[Ljava/lang/Object;)Lorg/springframework/beans/BeanWrapper;+102
j  org.springframework.beans.factory.support.AbstractAutowireCapableBeanFactory.doCreateBean(Ljava/lang/String;Lorg/springframework/beans/factory/support/RootBeanDefinition;[Ljava/lang/Object;)Ljava/lang/Object;+34
j  org.springframework.beans.factory.support.AbstractAutowireCapableBeanFactory.createBean(Ljava/lang/String;Lorg/springframework/beans/factory/support/RootBeanDefinition;[Ljava/lang/Object;)Ljava/lang/Object;+169
j  org.springframework.beans.factory.support.AbstractBeanFactory.lambda$doGetBean$0(Ljava/lang/String;Lorg/springframework/beans/factory/support/RootBeanDefinition;[Ljava/lang/Object;)Ljava/lang/Object;+4
j  org.springframework.beans.factory.support.AbstractBeanFactory$$Lambda$306.getObject()Ljava/lang/Object;+16
j  org.springframework.beans.factory.support.DefaultSingletonBeanRegistry.getSingleton(Ljava/lang/String;Lorg/springframework/beans/factory/ObjectFactory;)Ljava/lang/Object;+132
J 2840 c1 org.springframework.beans.factory.support.AbstractBeanFactory.doGetBean(Ljava/lang/String;Ljava/lang/Class;[Ljava/lang/Object;Z)Ljava/lang/Object; (832 bytes) @ 0x000000010fa8b1f4 [0x000000010fa8ac00+0x00000000000005f4]
j  org.springframework.beans.factory.support.AbstractBeanFactory.getBean(Ljava/lang/String;)Ljava/lang/Object;+5
j  org.springframework.beans.factory.support.DefaultListableBeanFactory.getBeansOfType(Ljava/lang/Class;ZZ)Ljava/util/Map;+46
j  org.springframework.context.support.AbstractApplicationContext.getBeansOfType(Ljava/lang/Class;ZZ)Ljava/util/Map;+11
j  org.mybatis.spring.mapper.MapperScannerConfigurer.processPropertyPlaceHolders()V+8
j  org.mybatis.spring.mapper.MapperScannerConfigurer.postProcessBeanDefinitionRegistry(Lorg/springframework/beans/factory/support/BeanDefinitionRegistry;)V+8
j  org.springframework.context.support.PostProcessorRegistrationDelegate.invokeBeanDefinitionRegistryPostProcessors(Ljava/util/Collection;Lorg/springframework/beans/factory/support/BeanDefinitionRegistry;Lorg/springframework/core/metrics/ApplicationStartup;)V+59
j  org.springframework.context.support.PostProcessorRegistrationDelegate.invokeBeanFactoryPostProcessors(Lorg/springframework/beans/factory/config/ConfigurableListableBeanFactory;Ljava/util/List;)V+496
j  org.springframework.context.support.AbstractApplicationContext.invokeBeanFactoryPostProcessors(Lorg/springframework/beans/factory/config/ConfigurableListableBeanFactory;)V+5
j  org.springframework.context.support.AbstractApplicationContext.refresh()V+53
j  org.springframework.boot.web.servlet.context.ServletWebServerApplicationContext.refresh()V+1
j  org.springframework.boot.SpringApplication.refresh(Lorg/springframework/context/ConfigurableApplicationContext;)V+1
j  org.springframework.boot.SpringApplication.refreshContext(Lorg/springframework/context/ConfigurableApplicationContext;)V+19
j  org.springframework.boot.SpringApplication.run([Ljava/lang/String;)Lorg/springframework/context/ConfigurableApplicationContext;+111
j  org.springframework.boot.SpringApplication.run([Ljava/lang/Class;[Ljava/lang/String;)Lorg/springframework/context/ConfigurableApplicationContext;+9
j  org.springframework.boot.SpringApplication.run(Ljava/lang/Class;[Ljava/lang/String;)Lorg/springframework/context/ConfigurableApplicationContext;+9
j  com.ecommerce.demo.DemoApplication.main([Ljava/lang/String;)V+3
v  ~StubRoutines::call_stub

siginfo: si_signo: 10 (SIGBUS), si_code: 1 (BUS_ADRALN), si_addr: 0x000000010fa8a360

Register to memory mapping:

 x0=0x0000000107178820: _ZL23mark_activation_closure+0 in /Library/Java/JavaVirtualMachines/zulu-13.jdk/Contents/Home/lib/server/libjvm.dylib at 0x0000000106800000
 x1=0x000000010fa8a210 is at entry_point+-2544 in (nmethod*)0x000000010fa8a210
 x2=0x0000000106edc52c: _ZN21MarkActivationClosure12do_code_blobEP8CodeBlob+0 in /Library/Java/JavaVirtualMachines/zulu-13.jdk/Contents/Home/lib/server/libjvm.dylib at 0x0000000106800000
 x3=0x0000000132804c6c points into unknown readable memory: 00 00 00 00
 x4=0x000000016e080bc0 is pointing into the stack for thread: 0x0000000132009800
 x5=0x000000016e081180 is pointing into the stack for thread: 0x0000000132009800
 x6=0x0000000000000065 is an unknown value
 x7=0xd10143ff910003ed is an unknown value
 x8=0x0000000107125000: _ZN12StubRoutines17_verify_oop_countE+0 in /Library/Java/JavaVirtualMachines/zulu-13.jdk/Contents/Home/lib/server/libjvm.dylib at 0x0000000106800000
 x9=0x00000000000001e0 is an unknown value
x10=0x00000000000099c4 is an unknown value
x11=0x00000001023bc000 points into unknown readable memory: 00 01 02 03 04 05 06 07
x12=0x00000000000099c4 is an unknown value
x13=0x0 is NULL
x14=0x0000000000000010 is an unknown value
x15=0x0000000000001605 is an unknown value
x16=0x000000019eceeeec: free+0 in /usr/lib/system/libsystem_malloc.dylib at 0x000000019eced000
x17=0x0000000204b09e30: _printf_tbl_defaults_fbsd+0x3d8 in /usr/lib/system/libsystem_c.dylib at 0x000000019ed99000
x18=0x0 is NULL
x19=0x000000010fa8a210 is at entry_point+-2544 in (nmethod*)0x000000010fa8a210
x20=0x000000016e080ad0 is pointing into the stack for thread: 0x0000000132009800
x21=0x0000000107124fb8: _ZN12StubRoutines25_call_stub_return_addressE+0 in /Library/Java/JavaVirtualMachines/zulu-13.jdk/Contents/Home/lib/server/libjvm.dylib at 0x0000000106800000
x22=0x000000016f81ed00 is pointing into the stack for thread: 0x000000013106b000
x23=0x0000000132c2ab30 points into unknown readable memory: a8 64 60 c0 06 00 00 00
x24=0x000000019eedb940: tlv_get_addr+0 in /usr/lib/system/libdyld.dylib at 0x000000019eecf000
x25=0x0000000000000007 is an unknown value
x26=0x0000000102124000: debugInit_exit.cold.1+0xab28 in /Library/Java/JavaVirtualMachines/zulu-13.jdk/Contents/Home/lib/libjdwp.dylib at 0x00000001020f0000
x27=0x000000010711eec0: _ZN10JvmtiTrace18_event_trace_flagsE+0 in /Library/Java/JavaVirtualMachines/zulu-13.jdk/Contents/Home/lib/server/libjvm.dylib at 0x0000000106800000
x28=0x0000000107124d00: _ZN18SafepointMechanism13_polling_typeE+0 in /Library/Java/JavaVirtualMachines/zulu-13.jdk/Contents/Home/lib/server/libjvm.dylib at 0x0000000106800000


Registers:
 x0=0x0000000107178820  x1=0x000000010fa8a210  x2=0x0000000106edc52c  x3=0x0000000132804c6c
 x4=0x000000016e080bc0  x5=0x000000016e081180  x6=0x0000000000000065  x7=0xd10143ff910003ed
 x8=0x0000000107125000  x9=0x00000000000001e0 x10=0x00000000000099c4 x11=0x00000001023bc000
x12=0x00000000000099c4 x13=0x0000000000000000 x14=0x0000000000000010 x15=0x0000000000001605
x16=0x000000019eceeeec x17=0x0000000204b09e30 x18=0x0000000000000000 x19=0x000000010fa8a210
x20=0x000000016e080ad0 x21=0x0000000107124fb8 x22=0x000000016f81ed00 x23=0x0000000132c2ab30
x24=0x000000019eedb940 x25=0x0000000000000007 x26=0x0000000102124000 x27=0x000000010711eec0
x28=0x0000000107124d00  fp=0x000000016e080a90  lr=0x0000000106f0ad88  sp=0x000000016e080a80
pc=0x0000000106edc568 cpsr=0x0000000080001000
Top of Stack: (sp=0x000000016e080a80)
0x000000016e080a80:   000000016e080ad0 0000000107178820
0x000000016e080a90:   000000016e081170 0000000106f0ad88
0x000000016e080aa0:   000000016e081e90 000000010fa8b1f4
0x000000016e080ab0:   000000010fa8a210 0000000100000000
0x000000016e080ac0:   000000016e0822d0 000000016e081f00
0x000000016e080ad0:   000000016e080b50 000000016e080d8c
0x000000016e080ae0:   000000016e080d8b 000000016e080c64
0x000000016e080af0:   00000000b2f3be99 000000016e080d8a
0x000000016e080b00:   000000019ee15e81 000000016e080c64
0x000000016e080b10:   000000016e080c64 0000000000000001
0x000000016e080b20:   000000016e080cd7 00000000b2f3be99
0x000000016e080b30:   000000016e080f78 0000000000000000
0x000000016e080b40:   000000016e080d88 00000002097d28e8
0x000000016e080b50:   000000000000003c 0000000000000010
0x000000016e080b60:   000000016e080e7f 000000016e080c64
0x000000016e080b70:   0000000000000003 0000000106fa26ea
0x000000016e080b80:   0000000000000005 000000000000003c
0x000000016e080b90:   0000000000000000 ffffffffffffffff
0x000000016e080ba0:   000000016e080bc8 000000016e081180
0x000000016e080bb0:   0000000000000000 0000000106b9ca5c
0x000000016e080bc0:   000000016e080f78 000000016e080bd8
0x000000016e080bd0:   0000000000000000 0000000106fa2707
0x000000016e080be0:   0000000000000010 0000000106f856a4
0x000000016e080bf0:   0000000000000005 000000016e080d7f
0x000000016e080c00:   0000000000000009 000000016e080d64
0x000000016e080c10:   000000016e080d64 0000000000000001
0x000000016e080c20:   000000016e080dd7 0000000000000000
0x000000016e080c30:   000000016e081078 0000000000000000
0x000000016e080c40:   000000016e080e88 00000002097d28e8
0x000000016e080c50:   0000000000000037 58000006c1e4ff80
0x000000016e080c60:   000000016e080cc0 000000016e080d64
0x000000016e080c70:   0000000000000004 0000000106fd6c7b 

Instructions: (pc=0x0000000106edc568)
0x0000000106edc468:   fd41b500 5e61d800 f00008e8 fd474501
0x0000000106edc478:   1e611800 fd0003e0 f0000801 910c2421
0x0000000106edc488:   aa1303e0 97fb60bb b0001248 f9419508
0x0000000106edc498:   f90003e8 f0000801 910cd821 aa1303e0
0x0000000106edc4a8:   97fb60b4 b0001248 f941a908 b0001249
0x0000000106edc4b8:   f941ad29 a90027e8 f0000801 910d7421
0x0000000106edc4c8:   aa1303e0 97fb60ab b0001248 f941b108
0x0000000106edc4d8:   d34afd08 f90003e8 f0000801 910e7421
0x0000000106edc4e8:   aa1303e0 97fb60a3 aa1403e0 a9427bfd
0x0000000106edc4f8:   a9414ff4 9100c3ff 17fb6794 a9bf7bfd
0x0000000106edc508:   910003fd d2800000 a8c17bfd d65f03c0
0x0000000106edc518:   a9bf7bfd 910003fd d2800000 a8c17bfd
0x0000000106edc528:   d65f03c0 a9be4ff4 a9017bfd 910043fd
0x0000000106edc538:   aa0103f3 b0001248 b9434d09 35000129
0x0000000106edc548:   f0000f29 d503201f f9447529 d354fd2a
0x0000000106edc558:   531f794a f144013f 1a9f2549 b9034d09
0x0000000106edc568:   b9015269 f9400268 f9404108 aa1303e0
0x0000000106edc578:   d63f0100 340000a0 aa1303e0 a9417bfd
0x0000000106edc588:   a8c24ff4 17faaca0 a9417bfd a8c24ff4
0x0000000106edc598:   d65f03c0 a9bf7bfd 910003fd b0001248
0x0000000106edc5a8:   b9434d09 35000129 f0000f29 d503201f
0x0000000106edc5b8:   f9447529 d354fd2a 531f794a f144013f
0x0000000106edc5c8:   1a9f2549 b9034d09 b9015029 a8c17bfd
0x0000000106edc5d8:   d65f03c0 a9be4ff4 a9017bfd 910043fd
0x0000000106edc5e8:   aa0103f3 aa0003f4 f9400028 f9402108
0x0000000106edc5f8:   aa0103e0 d63f0100 340000c0 f9400268
0x0000000106edc608:   f9402908 aa1303e0 d63f0100 36000080
0x0000000106edc618:   a9417bfd a8c24ff4 d65f03c0 f9400681
0x0000000106edc628:   f9400268 f9406502 aa1303e0 a9417bfd
0x0000000106edc638:   a8c24ff4 d61f0040 a9bf7bfd 910003fd
0x0000000106edc648:   f9400c01 52800020 a8c17bfd 1400bdb4
0x0000000106edc658:   a9be4ff4 a9017bfd 910043fd 39404008 


Stack slot to memory mapping:
stack at sp + 0 slots: 0x000000016e080ad0 is pointing into the stack for thread: 0x0000000132009800
stack at sp + 1 slots: 0x0000000107178820: _ZL23mark_activation_closure+0 in /Library/Java/JavaVirtualMachines/zulu-13.jdk/Contents/Home/lib/server/libjvm.dylib at 0x0000000106800000
stack at sp + 2 slots: 0x000000016e081170 is pointing into the stack for thread: 0x0000000132009800
stack at sp + 3 slots: 0x0000000106f0ad88: _ZN10JavaThread11nmethods_doEP15CodeBlobClosure+0x78 in /Library/Java/JavaVirtualMachines/zulu-13.jdk/Contents/Home/lib/server/libjvm.dylib at 0x0000000106800000
stack at sp + 4 slots: 0x000000016e081e90 is pointing into the stack for thread: 0x0000000132009800
stack at sp + 5 slots: 0x000000010fa8b1f4 is at entry_point+1524 in (nmethod*)0x000000010fa8a210
stack at sp + 6 slots: 0x000000010fa8a210 is at entry_point+-2544 in (nmethod*)0x000000010fa8a210
stack at sp + 7 slots: 0x0000000100000000 is an unknown value


---------------  P R O C E S S  ---------------

Threads class SMR info:
_java_thread_list=0x0000000130573990, length=12, elements={
0x0000000132009800, 0x0000000131058000, 0x000000011f829000, 0x0000000131067000,
0x000000013106a000, 0x000000013106b000, 0x0000000133853000, 0x0000000133071800,
0x000000011f844000, 0x000000013180e800, 0x000000013300e800, 0x000000011f845800
}

Java Threads: ( => current thread )
=>0x0000000132009800 JavaThread "main" [_thread_in_vm, id=10243, stack(0x000000016de80000,0x000000016e083000)]
  0x0000000131058000 JavaThread "Reference Handler" daemon [_thread_blocked, id=18691, stack(0x000000016ecd4000,0x000000016eed7000)]
  0x000000011f829000 JavaThread "Finalizer" daemon [_thread_blocked, id=18179, stack(0x000000016eee0000,0x000000016f0e3000)]
  0x0000000131067000 JavaThread "Signal Dispatcher" daemon [_thread_blocked, id=22019, stack(0x000000016f204000,0x000000016f407000)]
  0x000000013106a000 JavaThread "C1 CompilerThread0" daemon [_thread_blocked, id=22531, stack(0x000000016f410000,0x000000016f613000)]
  0x000000013106b000 JavaThread "Sweeper thread" daemon [_thread_blocked, id=23299, stack(0x000000016f61c000,0x000000016f81f000)]
  0x0000000133853000 JavaThread "Common-Cleaner" daemon [_thread_blocked, id=24067, stack(0x000000016f828000,0x000000016fa2b000)]
  0x0000000133071800 JavaThread "JDWP Transport Listener: dt_socket" daemon [_thread_blocked, id=42755, stack(0x000000016fa34000,0x000000016fc37000)]
  0x000000011f844000 JavaThread "JDWP Event Helper Thread" daemon [_thread_blocked, id=42499, stack(0x000000016fc40000,0x000000016fe43000)]
  0x000000013180e800 JavaThread "JDWP Command Reader" daemon [_thread_in_native, id=42243, stack(0x000000016fe4c000,0x000000017004f000)]
  0x000000013300e800 JavaThread "Service Thread" daemon [_thread_blocked, id=41731, stack(0x0000000170058000,0x000000017025b000)]
  0x000000011f845800 JavaThread "RMI TCP Accept-0" daemon [_thread_in_native, id=26371, stack(0x0000000170264000,0x0000000170467000)]

Other Threads:
  0x0000000121015000 VMThread "VM Thread" [stack: 0x000000016eac8000,0x000000016eccb000] [id=14595] _threads_hazard_ptr=0x0000000130573990
  0x0000000131146000 WatcherThread [stack: 0x0000000170470000,0x0000000170673000] [id=41219]
  0x0000000131046000 GCTaskThread "GC Thread#0" [stack: 0x000000016e08c000,0x000000016e28f000] [id=20995]
  0x0000000133074800 GCTaskThread "GC Thread#1" [stack: 0x000000017067c000,0x000000017087f000] [id=26883]
  0x0000000133179000 GCTaskThread "GC Thread#2" [stack: 0x0000000170888000,0x0000000170a8b000] [id=40963]
  0x0000000133179800 GCTaskThread "GC Thread#3" [stack: 0x0000000170a94000,0x0000000170c97000] [id=27651]
  0x000000013317a800 GCTaskThread "GC Thread#4" [stack: 0x0000000170ca0000,0x0000000170ea3000] [id=40451]
  0x000000013317b000 GCTaskThread "GC Thread#5" [stack: 0x0000000170eac000,0x00000001710af000] [id=40195]
  0x0000000131057000 ConcurrentGCThread "G1 Main Marker" [stack: 0x000000016e298000,0x000000016e49b000] [id=20739]
  0x000000011f808800 ConcurrentGCThread "G1 Conc#0" [stack: 0x000000016e4a4000,0x000000016e6a7000] [id=12803]
  0x00000001211c4000 ConcurrentGCThread "G1 Conc#1" [stack: 0x00000001714d0000,0x00000001716d3000] [id=39171]
  0x000000013306d000 ConcurrentGCThread "G1 Refine#0" [stack: 0x000000016e6b0000,0x000000016e8b3000] [id=13315]
  0x0000000131820000 ConcurrentGCThread "G1 Refine#1" [stack: 0x00000001710b8000,0x00000001712bb000] [id=39939]
  0x0000000132012000 ConcurrentGCThread "G1 Young RemSet Sampling" [stack: 0x000000016e8bc000,0x000000016eabf000] [id=20227]

Threads with active compile tasks:

VM state:not at safepoint (normal execution)

VM Mutex/Monitor currently owned by a thread: None

Heap address: 0x00000006c0000000, size: 4096 MB, Compressed Oops mode: Zero based, Oop shift amount: 3
Narrow klass base: 0x0000000800000000, Narrow klass shift: 0
Compressed class space size: 1073741824 Address: 0x0000000800000000

Heap:
 garbage-first heap   total 48128K, used 29728K [0x00000006c0000000, 0x00000007c0000000)
  region size 1024K, 19 young (19456K), 2 survivors (2048K)
 Metaspace       used 27662K, capacity 28472K, committed 28720K, reserved 1075200K
  class space    used 3338K, capacity 3668K, committed 3712K, reserved 1048576K
Heap Regions: E=young(eden), S=young(survivor), O=old, HS=humongous(starts), HC=humongous(continues), CS=collection set, F=free, A=archive, TAMS=top-at-mark-start (previous, next)
|   0|0x00000006c0000000, 0x00000006c0100000, 0x00000006c0100000|100%|HS|  |TAMS 0x00000006c0100000, 0x00000006c0000000| Complete 
|   1|0x00000006c0100000, 0x00000006c0200000, 0x00000006c0200000|100%|HC|  |TAMS 0x00000006c0200000, 0x00000006c0100000| Complete 
|   2|0x00000006c0200000, 0x00000006c0300000, 0x00000006c0300000|100%| O|  |TAMS 0x00000006c0300000, 0x00000006c0200000| Untracked 
|   3|0x00000006c0300000, 0x00000006c0400000, 0x00000006c0400000|100%| O|  |TAMS 0x00000006c0400000, 0x00000006c0300000| Untracked 
|   4|0x00000006c0400000, 0x00000006c0500000, 0x00000006c0500000|100%| O|  |TAMS 0x00000006c0500000, 0x00000006c0400000| Untracked 
|   5|0x00000006c0500000, 0x00000006c059c600, 0x00000006c0600000| 61%| O|  |TAMS 0x00000006c059c600, 0x00000006c0500000| Untracked 
|   6|0x00000006c0600000, 0x00000006c0700000, 0x00000006c0700000|100%| O|  |TAMS 0x00000006c0600000, 0x00000006c0600000| Untracked 
|   7|0x00000006c0700000, 0x00000006c0800000, 0x00000006c0800000|100%| O|  |TAMS 0x00000006c0700000, 0x00000006c0700000| Untracked 
|   8|0x00000006c0800000, 0x00000006c0900000, 0x00000006c0900000|100%| O|  |TAMS 0x00000006c0800000, 0x00000006c0800000| Untracked 
|   9|0x00000006c0900000, 0x00000006c0a00000, 0x00000006c0a00000|100%| O|  |TAMS 0x00000006c0900000, 0x00000006c0900000| Untracked 
|  10|0x00000006c0a00000, 0x00000006c0b00000, 0x00000006c0b00000|100%| O|  |TAMS 0x00000006c0a00000, 0x00000006c0a00000| Untracked 
|  11|0x00000006c0b00000, 0x00000006c0bbc200, 0x00000006c0c00000| 73%| O|  |TAMS 0x00000006c0b00000, 0x00000006c0b00000| Untracked 
|  12|0x00000006c0c00000, 0x00000006c0c00000, 0x00000006c0d00000|  0%| F|  |TAMS 0x00000006c0c00000, 0x00000006c0c00000| Untracked 
|  13|0x00000006c0d00000, 0x00000006c0d00000, 0x00000006c0e00000|  0%| F|  |TAMS 0x00000006c0d00000, 0x00000006c0d00000| Untracked 
|  14|0x00000006c0e00000, 0x00000006c0e00000, 0x00000006c0f00000|  0%| F|  |TAMS 0x00000006c0e00000, 0x00000006c0e00000| Untracked 
|  15|0x00000006c0f00000, 0x00000006c0f00000, 0x00000006c1000000|  0%| F|  |TAMS 0x00000006c0f00000, 0x00000006c0f00000| Untracked 
|  16|0x00000006c1000000, 0x00000006c1000000, 0x00000006c1100000|  0%| F|  |TAMS 0x00000006c1000000, 0x00000006c1000000| Untracked 
|  17|0x00000006c1100000, 0x00000006c1100000, 0x00000006c1200000|  0%| F|  |TAMS 0x00000006c1100000, 0x00000006c1100000| Untracked 
|  18|0x00000006c1200000, 0x00000006c1200000, 0x00000006c1300000|  0%| F|  |TAMS 0x00000006c1200000, 0x00000006c1200000| Untracked 
|  19|0x00000006c1300000, 0x00000006c1300000, 0x00000006c1400000|  0%| F|  |TAMS 0x00000006c1300000, 0x00000006c1300000| Untracked 
|  20|0x00000006c1400000, 0x00000006c1400000, 0x00000006c1500000|  0%| F|  |TAMS 0x00000006c1400000, 0x00000006c1400000| Untracked 
|  21|0x00000006c1500000, 0x00000006c1500000, 0x00000006c1600000|  0%| F|  |TAMS 0x00000006c1500000, 0x00000006c1500000| Untracked 
|  22|0x00000006c1600000, 0x00000006c16afb80, 0x00000006c1700000| 68%| S|CS|TAMS 0x00000006c1600000, 0x00000006c1600000| Complete 
|  23|0x00000006c1700000, 0x00000006c1800000, 0x00000006c1800000|100%| S|CS|TAMS 0x00000006c1700000, 0x00000006c1700000| Complete 
|  24|0x00000006c1800000, 0x00000006c1800000, 0x00000006c1900000|  0%| F|  |TAMS 0x00000006c1800000, 0x00000006c1800000| Untracked 
|  25|0x00000006c1900000, 0x00000006c1900000, 0x00000006c1a00000|  0%| F|  |TAMS 0x00000006c1900000, 0x00000006c1900000| Untracked 
|  26|0x00000006c1a00000, 0x00000006c1a00000, 0x00000006c1b00000|  0%| F|  |TAMS 0x00000006c1a00000, 0x00000006c1a00000| Untracked 
|  27|0x00000006c1b00000, 0x00000006c1b00000, 0x00000006c1c00000|  0%| F|  |TAMS 0x00000006c1b00000, 0x00000006c1b00000| Untracked 
|  28|0x00000006c1c00000, 0x00000006c1c00000, 0x00000006c1d00000|  0%| F|  |TAMS 0x00000006c1c00000, 0x00000006c1c00000| Untracked 
|  29|0x00000006c1d00000, 0x00000006c1d00000, 0x00000006c1e00000|  0%| F|  |TAMS 0x00000006c1d00000, 0x00000006c1d00000| Untracked 
|  30|0x00000006c1e00000, 0x00000006c1e5d050, 0x00000006c1f00000| 36%| E|  |TAMS 0x00000006c1e00000, 0x00000006c1e00000| Complete 
|  31|0x00000006c1f00000, 0x00000006c2000000, 0x00000006c2000000|100%| E|CS|TAMS 0x00000006c1f00000, 0x00000006c1f00000| Complete 
|  32|0x00000006c2000000, 0x00000006c2100000, 0x00000006c2100000|100%| E|CS|TAMS 0x00000006c2000000, 0x00000006c2000000| Complete 
|  33|0x00000006c2100000, 0x00000006c2200000, 0x00000006c2200000|100%| E|CS|TAMS 0x00000006c2100000, 0x00000006c2100000| Complete 
|  34|0x00000006c2200000, 0x00000006c2300000, 0x00000006c2300000|100%| E|CS|TAMS 0x00000006c2200000, 0x00000006c2200000| Complete 
|  35|0x00000006c2300000, 0x00000006c2400000, 0x00000006c2400000|100%| E|CS|TAMS 0x00000006c2300000, 0x00000006c2300000| Complete 
|  36|0x00000006c2400000, 0x00000006c2500000, 0x00000006c2500000|100%| E|CS|TAMS 0x00000006c2400000, 0x00000006c2400000| Complete 
|  37|0x00000006c2500000, 0x00000006c2600000, 0x00000006c2600000|100%| E|CS|TAMS 0x00000006c2500000, 0x00000006c2500000| Complete 
|  38|0x00000006c2600000, 0x00000006c2700000, 0x00000006c2700000|100%| E|CS|TAMS 0x00000006c2600000, 0x00000006c2600000| Complete 
| 200|0x00000006cc800000, 0x00000006cc900000, 0x00000006cc900000|100%| E|CS|TAMS 0x00000006cc800000, 0x00000006cc800000| Complete 
| 201|0x00000006cc900000, 0x00000006cca00000, 0x00000006cca00000|100%| E|CS|TAMS 0x00000006cc900000, 0x00000006cc900000| Complete 
| 202|0x00000006cca00000, 0x00000006ccb00000, 0x00000006ccb00000|100%| E|CS|TAMS 0x00000006cca00000, 0x00000006cca00000| Complete 
| 203|0x00000006ccb00000, 0x00000006ccc00000, 0x00000006ccc00000|100%| E|CS|TAMS 0x00000006ccb00000, 0x00000006ccb00000| Complete 
| 204|0x00000006ccc00000, 0x00000006ccd00000, 0x00000006ccd00000|100%| E|CS|TAMS 0x00000006ccc00000, 0x00000006ccc00000| Complete 
| 205|0x00000006ccd00000, 0x00000006cce00000, 0x00000006cce00000|100%| E|CS|TAMS 0x00000006ccd00000, 0x00000006ccd00000| Complete 
| 254|0x00000006cfe00000, 0x00000006cff00000, 0x00000006cff00000|100%| E|CS|TAMS 0x00000006cfe00000, 0x00000006cfe00000| Complete 
| 255|0x00000006cff00000, 0x00000006d0000000, 0x00000006d0000000|100%| E|CS|TAMS 0x00000006cff00000, 0x00000006cff00000| Complete 

Card table byte_map: [0x000000011e688000,0x000000011ee88000] _byte_map_base: 0x000000011b088000

Marking Bits (Prev, Next): (CMBitMap*) 0x0000000131046a58, (CMBitMap*) 0x0000000131046a18
 Prev Bits: [0x0000000134000000, 0x0000000138000000)
 Next Bits: [0x0000000121800000, 0x0000000125800000)

Polling page: 0x00000001020e8000

Metaspace:

Usage:
  Non-class:     24.22 MB capacity,    23.75 MB ( 98%) used,   391.42 KB (  2%) free+waste,    88.69 KB ( <1%) overhead. 
      Class:      3.58 MB capacity,     3.26 MB ( 91%) used,   283.43 KB (  8%) free+waste,    45.75 KB (  1%) overhead. 
       Both:     27.80 MB capacity,    27.01 MB ( 97%) used,   674.85 KB (  2%) free+waste,   134.44 KB ( <1%) overhead. 

Virtual space:
  Non-class space:       26.00 MB reserved,      24.42 MB ( 94%) committed 
      Class space:        1.00 GB reserved,       3.62 MB ( <1%) committed 
             Both:        1.03 GB reserved,      28.05 MB (  3%) committed 

Chunk freelists:
   Non-Class:  12.00 KB
       Class:  12.00 KB
        Both:  24.00 KB

MaxMetaspaceSize: unlimited
CompressedClassSpaceSize: 1.00 GB

CodeHeap 'non-profiled nmethods': size=238384Kb used=5117Kb max_used=5117Kb free=233266Kb
 bounds [0x000000010f5bc000, 0x000000010fabc000, 0x000000011de88000]
CodeHeap 'non-nmethods': size=7376Kb used=1665Kb max_used=1665Kb free=5710Kb
 bounds [0x000000010ee88000, 0x000000010f0f8000, 0x000000010f5bc000]
 total_blobs=3260 nmethods=2837 adapters=361
 compilation: enabled
              stopped_count=0, restarted_count=0
 full_count=0

Compilation events (20 events):
Event: 0.930 Thread 0x000000013106a000 2897       1       java.lang.Class::getTypeParameters (19 bytes)
Event: 0.930 Thread 0x000000013106a000 nmethod 2897 0x000000010fab6910 code [0x000000010fab6b00, 0x000000010fab6ee0]
Event: 0.930 Thread 0x000000013106a000 2895       1       java.lang.StringLatin1::getChars (12 bytes)
Event: 0.931 Thread 0x000000013106a000 nmethod 2895 0x000000010fab7090 code [0x000000010fab7240, 0x000000010fab73d0]
Event: 0.931 Thread 0x000000013106a000 2896       1       java.beans.FeatureDescriptor::getName (5 bytes)
Event: 0.931 Thread 0x000000013106a000 nmethod 2896 0x000000010fab7510 code [0x000000010fab7680, 0x000000010fab77d0]
Event: 0.931 Thread 0x000000013106a000 2898       1       java.beans.FeatureDescriptor::setName (6 bytes)
Event: 0.931 Thread 0x000000013106a000 nmethod 2898 0x000000010fab7890 code [0x000000010fab7a00, 0x000000010fab7b90]
Event: 0.931 Thread 0x000000013106a000 2899       1       java.util.StringJoiner::add (104 bytes)
Event: 0.931 Thread 0x000000013106a000 nmethod 2899 0x000000010fab7c10 code [0x000000010fab7e00, 0x000000010fab83b0]
Event: 0.931 Thread 0x000000013106a000 2900       1       java.util.TimSort::sort (229 bytes)
Event: 0.931 Thread 0x000000013106a000 nmethod 2900 0x000000010fab8610 code [0x000000010fab8840, 0x000000010fab8d50]
Event: 0.931 Thread 0x000000013106a000 2901       1       java.beans.FeatureDescriptor::getClass0 (22 bytes)
Event: 0.931 Thread 0x000000013106a000 nmethod 2901 0x000000010fab9110 code [0x000000010fab92c0, 0x000000010fab94c0]
Event: 0.932 Thread 0x000000013106a000 2902       1       java.util.StringJoiner::getChars (15 bytes)
Event: 0.932 Thread 0x000000013106a000 nmethod 2902 0x000000010fab9590 code [0x000000010fab9740, 0x000000010fab98c0]
Event: 0.932 Thread 0x000000013106a000 2903       1       org.springframework.beans.factory.support.AbstractBeanFactory::isSingleton (179 bytes)
Event: 0.932 Thread 0x000000013106a000 nmethod 2903 0x000000010fab9990 code [0x000000010fab9d00, 0x000000010faba930]
Event: 0.932 Thread 0x000000013106a000 2904       1       org.springframework.beans.factory.support.AbstractBeanDefinition::isSingleton (30 bytes)
Event: 0.932 Thread 0x000000013106a000 nmethod 2904 0x000000010fabb090 code [0x000000010fabb240, 0x000000010fabb430]

GC Heap History (10 events):
Event: 0.350 GC heap before
{Heap before GC invocations=0 (full 0):
 garbage-first heap   total 262144K, used 25600K [0x00000006c0000000, 0x00000007c0000000)
  region size 1024K, 24 young (24576K), 0 survivors (0K)
 Metaspace       used 13154K, capacity 13483K, committed 13824K, reserved 1060864K
  class space    used 1360K, capacity 1466K, committed 1536K, reserved 1048576K
}
Event: 0.354 GC heap after
{Heap after GC invocations=1 (full 0):
 garbage-first heap   total 262144K, used 8817K [0x00000006c0000000, 0x00000007c0000000)
  region size 1024K, 3 young (3072K), 3 survivors (3072K)
 Metaspace       used 13154K, capacity 13483K, committed 13824K, reserved 1060864K
  class space    used 1360K, capacity 1466K, committed 1536K, reserved 1048576K
}
Event: 0.617 GC heap before
{Heap before GC invocations=1 (full 0):
 garbage-first heap   total 262144K, used 55921K [0x00000006c0000000, 0x00000007c0000000)
  region size 1024K, 50 young (51200K), 3 survivors (3072K)
 Metaspace       used 20608K, capacity 21134K, committed 21296K, reserved 1069056K
  class space    used 2377K, capacity 2587K, committed 2688K, reserved 1048576K
}
Event: 0.620 GC heap after
{Heap after GC invocations=2 (full 0):
 garbage-first heap   total 262144K, used 10938K [0x00000006c0000000, 0x00000007c0000000)
  region size 1024K, 6 young (6144K), 6 survivors (6144K)
 Metaspace       used 20608K, capacity 21134K, committed 21296K, reserved 1069056K
  class space    used 2377K, capacity 2587K, committed 2688K, reserved 1048576K
}
Event: 0.691 GC heap before
{Heap before GC invocations=3 (full 0):
 garbage-first heap   total 48128K, used 33466K [0x00000006c0000000, 0x00000007c0000000)
  region size 1024K, 28 young (28672K), 6 survivors (6144K)
 Metaspace       used 23200K, capacity 23851K, committed 23984K, reserved 1071104K
  class space    used 2729K, capacity 2984K, committed 3072K, reserved 1048576K
}
Event: 0.695 GC heap after
{Heap after GC invocations=4 (full 0):
 garbage-first heap   total 48128K, used 12075K [0x00000006c0000000, 0x00000007c0000000)
  region size 1024K, 2 young (2048K), 2 survivors (2048K)
 Metaspace       used 23200K, capacity 23851K, committed 23984K, reserved 1071104K
  class space    used 2729K, capacity 2984K, committed 3072K, reserved 1048576K
}
Event: 0.767 GC heap before
{Heap before GC invocations=4 (full 0):
 garbage-first heap   total 48128K, used 31531K [0x00000006c0000000, 0x00000007c0000000)
  region size 1024K, 22 young (22528K), 2 survivors (2048K)
 Metaspace       used 24510K, capacity 25268K, committed 25520K, reserved 1071104K
  class space    used 2904K, capacity 3203K, committed 3328K, reserved 1048576K
}
Event: 0.768 GC heap after
{Heap after GC invocations=5 (full 0):
 garbage-first heap   total 48128K, used 12836K [0x00000006c0000000, 0x00000007c0000000)
  region size 1024K, 2 young (2048K), 2 survivors (2048K)
 Metaspace       used 24510K, capacity 25268K, committed 25520K, reserved 1071104K
  class space    used 2904K, capacity 3203K, committed 3328K, reserved 1048576K
}
Event: 0.857 GC heap before
{Heap before GC invocations=5 (full 0):
 garbage-first heap   total 48128K, used 34340K [0x00000006c0000000, 0x00000007c0000000)
  region size 1024K, 23 young (23552K), 2 survivors (2048K)
 Metaspace       used 26053K, capacity 26853K, committed 26928K, reserved 1073152K
  class space    used 3121K, capacity 3450K, committed 3456K, reserved 1048576K
}
Event: 0.859 GC heap after
{Heap after GC invocations=6 (full 0):
 garbage-first heap   total 48128K, used 13344K [0x00000006c0000000, 0x00000007c0000000)
  region size 1024K, 2 young (2048K), 2 survivors (2048K)
 Metaspace       used 26053K, capacity 26853K, committed 26928K, reserved 1073152K
  class space    used 3121K, capacity 3450K, committed 3456K, reserved 1048576K
}

Deoptimization events (20 events):
Event: 0.931 Thread 0x0000000132009800 DEOPT PACKING pc=0x000000010f7ae84c sp=0x000000016e081310
Event: 0.931 Thread 0x0000000132009800 DEOPT UNPACKING pc=0x000000010ef3747c sp=0x000000016e081100 mode 1
Event: 0.931 Thread 0x0000000132009800 DEOPT PACKING pc=0x000000010f767c24 sp=0x000000016e080a30
Event: 0.931 Thread 0x0000000132009800 DEOPT UNPACKING pc=0x000000010ef3747c sp=0x000000016e0807d0 mode 1
Event: 0.931 Thread 0x0000000132009800 DEOPT PACKING pc=0x000000010f76653c sp=0x000000016e080b00
Event: 0.931 Thread 0x0000000132009800 DEOPT UNPACKING pc=0x000000010ef3747c sp=0x000000016e0808d0 mode 1
Event: 0.931 Thread 0x0000000132009800 DEOPT PACKING pc=0x000000010f7ae84c sp=0x000000016e0812a0
Event: 0.931 Thread 0x0000000132009800 DEOPT UNPACKING pc=0x000000010ef3747c sp=0x000000016e081090 mode 1
Event: 0.931 Thread 0x0000000132009800 DEOPT PACKING pc=0x000000010f8cc418 sp=0x000000016e0812c0
Event: 0.931 Thread 0x0000000132009800 DEOPT UNPACKING pc=0x000000010ef3747c sp=0x000000016e081090 mode 1
Event: 0.932 Thread 0x0000000132009800 DEOPT PACKING pc=0x000000010f8b50d4 sp=0x000000016e081240
Event: 0.932 Thread 0x0000000132009800 DEOPT UNPACKING pc=0x000000010ef3747c sp=0x000000016e0810c0 mode 1
Event: 0.932 Thread 0x0000000132009800 DEOPT PACKING pc=0x000000010f8b50d4 sp=0x000000016e0812c0
Event: 0.932 Thread 0x0000000132009800 DEOPT UNPACKING pc=0x000000010ef3747c sp=0x000000016e081140 mode 1
Event: 0.932 Thread 0x0000000132009800 DEOPT PACKING pc=0x000000010f8b50d4 sp=0x000000016e0812c0
Event: 0.932 Thread 0x0000000132009800 DEOPT UNPACKING pc=0x000000010ef3747c sp=0x000000016e081140 mode 1
Event: 0.932 Thread 0x0000000132009800 DEOPT PACKING pc=0x000000010f8b50d4 sp=0x000000016e0812c0
Event: 0.932 Thread 0x0000000132009800 DEOPT UNPACKING pc=0x000000010ef3747c sp=0x000000016e081140 mode 1
Event: 0.932 Thread 0x0000000132009800 DEOPT PACKING pc=0x000000010f9fcae0 sp=0x000000016e081250
Event: 0.932 Thread 0x0000000132009800 DEOPT UNPACKING pc=0x000000010ef3747c sp=0x000000016e0810a0 mode 1

Classes unloaded (0 events):
No events

Classes redefined (0 events):
No events

Internal exceptions (20 events):
Event: 0.653 Thread 0x0000000132009800 Exception <a 'java/lang/ClassNotFoundException'{0x00000006c1a97ea0}: org/springframework/context/ResourceLoaderAwareCustomizer> (0x00000006c1a97ea0) 
thrown [src/hotspot/share/classfile/systemDictionary.cpp, line 232]
Event: 0.653 Thread 0x0000000132009800 Exception <a 'java/lang/ClassNotFoundException'{0x00000006c1aa8308}: org/springframework/beans/factory/AwareCustomizer> (0x00000006c1aa8308) 
thrown [src/hotspot/share/classfile/systemDictionary.cpp, line 232]
Event: 0.653 Thread 0x0000000132009800 Exception <a 'java/lang/ClassNotFoundException'{0x00000006c1ab9558}: org/springframework/context/ApplicationStartupAwareCustomizer> (0x00000006c1ab9558) 
thrown [src/hotspot/share/classfile/systemDictionary.cpp, line 232]
Event: 0.654 Thread 0x0000000132009800 Exception <a 'java/lang/ClassNotFoundException'{0x00000006c1ac9c38}: org/springframework/beans/factory/AwareCustomizer> (0x00000006c1ac9c38) 
thrown [src/hotspot/share/classfile/systemDictionary.cpp, line 232]
Event: 0.654 Thread 0x0000000132009800 Exception <a 'java/lang/ClassNotFoundException'{0x00000006c1adb230}: org/springframework/beans/factory/BeanClassLoaderAwareCustomizer> (0x00000006c1adb230) 
thrown [src/hotspot/share/classfile/systemDictionary.cpp, line 232]
Event: 0.654 Thread 0x0000000132009800 Exception <a 'java/lang/ClassNotFoundException'{0x00000006c190cc10}: org/springframework/beans/factory/AwareCustomizer> (0x00000006c190cc10) 
thrown [src/hotspot/share/classfile/systemDictionary.cpp, line 232]
Event: 0.654 Thread 0x0000000132009800 Exception <a 'java/lang/ClassNotFoundException'{0x00000006c191cc68}: org/springframework/context/EnvironmentAwareCustomizer> (0x00000006c191cc68) 
thrown [src/hotspot/share/classfile/systemDictionary.cpp, line 232]
Event: 0.654 Thread 0x0000000132009800 Exception <a 'java/lang/ClassNotFoundException'{0x00000006c192d060}: org/springframework/beans/factory/AwareCustomizer> (0x00000006c192d060) 
thrown [src/hotspot/share/classfile/systemDictionary.cpp, line 232]
Event: 0.716 Thread 0x0000000132009800 Exception <a 'java/lang/IncompatibleClassChangeError'{0x00000006c261a068}: Found class java.lang.Object, but interface was expected> (0x00000006c261a068) 
thrown [src/hotspot/share/interpreter/linkResolver.cpp, line 833]
Event: 0.725 Thread 0x0000000132009800 Exception <a 'java/lang/NoSuchMethodError'{0x00000006c25f76e0}: 'void java.lang.invoke.DirectMethodHandle$Holder.invokeInterface(java.lang.Object, java.lang.Object, java.lang.Object, java.lang.Object)'> (0x00000006c25f76e0) 
thrown [src/hotspot/share/interpreter/linkResolver.cpp, line 767]
Event: 0.751 Thread 0x0000000132009800 Exception <a 'java/lang/NoSuchMethodError'{0x00000006c1e0fd40}: 'void java.lang.invoke.DelegatingMethodHandle$Holder.delegate(java.lang.Object, java.lang.Object, int, java.lang.Object)'> (0x00000006c1e0fd40) 
thrown [src/hotspot/share/interpreter/linkResolver.cpp, line 767]
Event: 0.929 Thread 0x0000000132009800 Exception <a 'java/lang/ClassNotFoundException'{0x00000006c1f6a4c8}: java/lang/ObjectCustomizer> (0x00000006c1f6a4c8) 
thrown [src/hotspot/share/classfile/systemDictionary.cpp, line 232]
Event: 0.930 Thread 0x0000000132009800 Exception <a 'java/lang/ClassNotFoundException'{0x00000006c1f7ea28}: org/mybatis/spring/mapper/MapperScannerConfigurerCustomizer> (0x00000006c1f7ea28) 
thrown [src/hotspot/share/classfile/systemDictionary.cpp, line 232]
Event: 0.931 Thread 0x0000000132009800 Exception <a 'java/lang/ClassNotFoundException'{0x00000006c1fb0a78}: org/springframework/beans/factory/support/BeanDefinitionRegistryPostProcessorCustomizer> (0x00000006c1fb0a78) 
thrown [src/hotspot/share/classfile/systemDictionary.cpp, line 232]
Event: 0.931 Thread 0x0000000132009800 Exception <a 'java/lang/ClassNotFoundException'{0x00000006c1fc4c98}: org/springframework/beans/factory/config/BeanFactoryPostProcessorCustomizer> (0x00000006c1fc4c98) 
thrown [src/hotspot/share/classfile/systemDictionary.cpp, line 232]
Event: 0.931 Thread 0x0000000132009800 Exception <a 'java/lang/ClassNotFoundException'{0x00000006c1fd6970}: org/springframework/beans/factory/InitializingBeanCustomizer> (0x00000006c1fd6970) 
thrown [src/hotspot/share/classfile/systemDictionary.cpp, line 232]
Event: 0.931 Thread 0x0000000132009800 Exception <a 'java/lang/ClassNotFoundException'{0x00000006c1fe8678}: org/springframework/context/ApplicationContextAwareCustomizer> (0x00000006c1fe8678) 
thrown [src/hotspot/share/classfile/systemDictionary.cpp, line 232]
Event: 0.931 Thread 0x0000000132009800 Exception <a 'java/lang/ClassNotFoundException'{0x00000006c1ff9250}: org/springframework/beans/factory/AwareCustomizer> (0x00000006c1ff9250) 
thrown [src/hotspot/share/classfile/systemDictionary.cpp, line 232]
Event: 0.931 Thread 0x0000000132009800 Exception <a 'java/lang/ClassNotFoundException'{0x00000006c1e0a0c0}: org/springframework/beans/factory/BeanNameAwareCustomizer> (0x00000006c1e0a0c0) 
thrown [src/hotspot/share/classfile/systemDictionary.cpp, line 232]
Event: 0.931 Thread 0x0000000132009800 Exception <a 'java/lang/ClassNotFoundException'{0x00000006c1e1a4c0}: org/springframework/beans/factory/AwareCustomizer> (0x00000006c1e1a4c0) 
thrown [src/hotspot/share/classfile/systemDictionary.cpp, line 232]

Events (20 events):
Event: 0.931 loading class org/springframework/beans/factory/AwareCustomizer done
Event: 0.931 loading class org/springframework/beans/factory/AwareCustomizer
Event: 0.931 loading class org/springframework/beans/factory/AwareCustomizer done
Event: 0.931 loading class org/springframework/beans/factory/AwareCustomizer
Event: 0.931 loading class org/springframework/beans/factory/AwareCustomizer done
Event: 0.931 loading class org/springframework/beans/factory/BeanNameAwareCustomizer
Event: 0.931 loading class org/springframework/beans/factory/BeanNameAwareCustomizer done
Event: 0.931 loading class org/springframework/beans/factory/BeanNameAwareCustomizer
Event: 0.931 loading class org/springframework/beans/factory/BeanNameAwareCustomizer done
Event: 0.931 loading class org/springframework/beans/factory/BeanNameAwareCustomizer
Event: 0.931 loading class org/springframework/beans/factory/BeanNameAwareCustomizer done
Event: 0.931 loading class org/springframework/beans/factory/AwareCustomizer
Event: 0.931 loading class org/springframework/beans/factory/AwareCustomizer done
Event: 0.931 loading class org/springframework/beans/factory/AwareCustomizer
Event: 0.931 loading class org/springframework/beans/factory/AwareCustomizer done
Event: 0.931 loading class org/springframework/beans/factory/AwareCustomizer
Event: 0.931 loading class org/springframework/beans/factory/AwareCustomizer done
Event: 0.932 loading class org/springframework/beans/factory/support/ConstructorResolver
Event: 0.932 loading class org/springframework/beans/factory/support/ConstructorResolver done
Event: 0.932 Executing VM operation: HandshakeAllThreads


Dynamic libraries:
0x00000001a8494000 	/usr/lib/libz.1.dylib
0x0000000102038000 	/Library/Java/JavaVirtualMachines/zulu-13.jdk/Contents/Home/lib/libjli.dylib
0x00000001b2abf000 	/System/Library/Frameworks/Cocoa.framework/Versions/A/Cocoa
0x00000001a0cf4000 	/System/Library/Frameworks/Security.framework/Versions/A/Security
0x00000001b0e0c000 	/System/Library/Frameworks/ApplicationServices.framework/Versions/A/ApplicationServices
0x00000001a853e000 	/usr/lib/libSystem.B.dylib
0x00000001a8538000 	/usr/lib/system/libcache.dylib
0x00000001a84f7000 	/usr/lib/system/libcommonCrypto.dylib
0x00000001a8521000 	/usr/lib/system/libcompiler_rt.dylib
0x00000001a8518000 	/usr/lib/system/libcopyfile.dylib
0x000000019ec78000 	/usr/lib/system/libcorecrypto.dylib
0x000000019ed19000 	/usr/lib/system/libdispatch.dylib
0x000000019eecf000 	/usr/lib/system/libdyld.dylib
0x00000001a852e000 	/usr/lib/system/libkeymgr.dylib
0x00000001ab952000 	/usr/lib/system/liblaunch.dylib
0x00000001a84d5000 	/usr/lib/system/libmacho.dylib
0x00000001a7d69000 	/usr/lib/system/libquarantine.dylib
0x00000001a852b000 	/usr/lib/system/libremovefile.dylib
0x00000001a3724000 	/usr/lib/system/libsystem_asl.dylib
0x000000019ec26000 	/usr/lib/system/libsystem_blocks.dylib
0x000000019ed99000 	/usr/lib/system/libsystem_c.dylib
0x00000001a8525000 	/usr/lib/system/libsystem_collections.dylib
0x00000001a73a4000 	/usr/lib/system/libsystem_configuration.dylib
0x00000001a6721000 	/usr/lib/system/libsystem_containermanager.dylib
0x00000001a82a1000 	/usr/lib/system/libsystem_coreservices.dylib
0x00000001a12c5000 	/usr/lib/system/libsystem_darwin.dylib
0x00000001a852f000 	/usr/lib/system/libsystem_dnssd.dylib
0x000000019ed96000 	/usr/lib/system/libsystem_featureflags.dylib
0x000000019ef15000 	/usr/lib/system/libsystem_info.dylib
0x00000001a84a6000 	/usr/lib/system/libsystem_m.dylib
0x000000019eced000 	/usr/lib/system/libsystem_malloc.dylib
0x00000001a36bd000 	/usr/lib/system/libsystem_networkextension.dylib
0x00000001a1702000 	/usr/lib/system/libsystem_notify.dylib
0x00000001ade1c000 	/usr/lib/system/libsystem_product_info_filter.dylib
0x00000001a73a9000 	/usr/lib/system/libsystem_sandbox.dylib
0x00000001a8528000 	/usr/lib/system/libsystem_secinit.dylib
0x000000019ee90000 	/usr/lib/system/libsystem_kernel.dylib
0x000000019ef0e000 	/usr/lib/system/libsystem_platform.dylib
0x000000019eec3000 	/usr/lib/system/libsystem_pthread.dylib
0x00000001a4cac000 	/usr/lib/system/libsystem_symptoms.dylib
0x000000019ec60000 	/usr/lib/system/libsystem_trace.dylib
0x00000001a8505000 	/usr/lib/system/libunwind.dylib
0x000000019ec28000 	/usr/lib/system/libxpc.dylib
0x000000019ee76000 	/usr/lib/libc++abi.dylib
0x000000019ed5d000 	/usr/lib/libobjc.A.dylib
0x00000001a8510000 	/usr/lib/liboah.dylib
0x000000019ee1a000 	/usr/lib/libc++.1.dylib
0x000000019ef41000 	/System/Library/Frameworks/CoreFoundation.framework/Versions/A/CoreFoundation
0x000000019fce7000 	/System/Library/Frameworks/Foundation.framework/Versions/C/Foundation
0x00000001a175b000 	/System/Library/Frameworks/AppKit.framework/Versions/C/AppKit
0x00000001a4558000 	/System/Library/Frameworks/CoreData.framework/Versions/A/CoreData
0x00000001a24ba000 	/System/Library/PrivateFrameworks/UIFoundation.framework/Versions/A/UIFoundation
0x00000001adb9c000 	/System/Library/PrivateFrameworks/RemoteViewServices.framework/Versions/A/RemoteViewServices
0x00000001a6dde000 	/System/Library/PrivateFrameworks/XCTTargetBootstrap.framework/Versions/A/XCTTargetBootstrap
0x00000001a96ff000 	/usr/lib/libspindump.dylib
0x00000001a26e9000 	/System/Library/Frameworks/UniformTypeIdentifiers.framework/Versions/A/UniformTypeIdentifiers
0x00000001a579e000 	/usr/lib/libapp_launch_measurement.dylib
0x00000001a57a1000 	/System/Library/PrivateFrameworks/CoreAutoLayout.framework/Versions/A/CoreAutoLayout
0x00000001a674f000 	/System/Library/Frameworks/Metal.framework/Versions/A/Metal
0x00000001a73b4000 	/usr/lib/liblangid.dylib
0x00000001a6de2000 	/System/Library/PrivateFrameworks/CoreSVG.framework/Versions/A/CoreSVG
0x00000001a3756000 	/System/Library/PrivateFrameworks/SkyLight.framework/Versions/A/SkyLight
0x00000001a3abd000 	/System/Library/Frameworks/CoreGraphics.framework/Versions/A/CoreGraphics
0x00000001ae1d7000 	/System/Library/Frameworks/Accelerate.framework/Versions/A/Accelerate
0x00000001a9153000 	/System/Library/PrivateFrameworks/IconServices.framework/Versions/A/IconServices
0x00000001a6733000 	/System/Library/Frameworks/IOSurface.framework/Versions/A/IOSurface
0x00000001a4e37000 	/usr/lib/libDiagnosticMessagesClient.dylib
0x00000001a6dc6000 	/System/Library/PrivateFrameworks/DFRFoundation.framework/Versions/A/DFRFoundation
0x00000001a1053000 	/usr/lib/libicucore.A.dylib
0x00000001aac24000 	/System/Library/Frameworks/AudioToolbox.framework/Versions/A/AudioToolbox
0x00000001a9e78000 	/System/Library/PrivateFrameworks/DataDetectorsCore.framework/Versions/A/DataDetectorsCore
0x00000001a6ab6000 	/System/Library/Frameworks/Carbon.framework/Versions/A/Frameworks/HIToolbox.framework/Versions/A/HIToolbox
0x00000001a5246000 	/System/Library/Frameworks/QuartzCore.framework/Versions/A/QuartzCore
0x00000001adbd4000 	/System/Library/Frameworks/Carbon.framework/Versions/A/Frameworks/SpeechRecognition.framework/Versions/A/SpeechRecognition
0x00000001a553c000 	/System/Library/PrivateFrameworks/CoreUI.framework/Versions/A/CoreUI
0x00000001a06ce000 	/System/Library/Frameworks/CoreAudio.framework/Versions/A/CoreAudio
0x00000001a4f20000 	/System/Library/Frameworks/DiskArbitration.framework/Versions/A/DiskArbitration
0x00000001a9ad4000 	/System/Library/PrivateFrameworks/MultitouchSupport.framework/Versions/A/MultitouchSupport
0x00000001a9e6f000 	/System/Library/PrivateFrameworks/InternationalSupport.framework/Versions/A/InternationalSupport
0x00000001a36cd000 	/usr/lib/libenergytrace.dylib
0x00000001a1637000 	/System/Library/Frameworks/IOKit.framework/Versions/A/IOKit
0x00000001adf1d000 	/System/Library/Frameworks/CoreServices.framework/Versions/A/CoreServices
0x00000001a5737000 	/System/Library/PrivateFrameworks/PerformanceAnalysis.framework/Versions/A/PerformanceAnalysis
0x00000001e173e000 	/System/Library/Frameworks/OpenGL.framework/Versions/A/OpenGL
0x00000001a9eed000 	/System/Library/PrivateFrameworks/UserActivity.framework/Versions/A/UserActivity
0x00000001a40ab000 	/System/Library/Frameworks/ColorSync.framework/Versions/A/ColorSync
0x00000001a702b000 	/System/Library/Frameworks/CoreImage.framework/Versions/A/CoreImage
0x00000001a04fc000 	/System/Library/Frameworks/CoreText.framework/Versions/A/CoreText
0x00000001a6e0d000 	/System/Library/Frameworks/ImageIO.framework/Versions/A/ImageIO
0x00000001a8544000 	/System/Library/PrivateFrameworks/SoftLinking.framework/Versions/A/SoftLinking
0x00000001a57e5000 	/usr/lib/libxml2.2.dylib
0x00000001a87c2000 	/usr/lib/libcompression.dylib
0x00000001a36cf000 	/usr/lib/libMobileGestalt.dylib
0x00000001a9dba000 	/System/Library/PrivateFrameworks/TextureIO.framework/Versions/A/TextureIO
0x00000001a8e97000 	/usr/lib/libate.dylib
0x00000001a8cdc000 	/usr/lib/liblzma.5.dylib
0x000000019fa00000 	/System/Library/Frameworks/SystemConfiguration.framework/Versions/A/SystemConfiguration
0x00000001a8540000 	/usr/lib/libfakelink.dylib
0x00000001a322f000 	/System/Library/Frameworks/CFNetwork.framework/Versions/A/CFNetwork
0x00000001a8689000 	/usr/lib/libarchive.2.dylib
0x000000019fa88000 	/usr/lib/libCRFSuite.dylib
0x00000001a7d93000 	/usr/lib/libbsm.0.dylib
0x00000001a2b24000 	/usr/lib/libnetwork.dylib
0x00000001a8545000 	/usr/lib/libpcap.A.dylib
0x00000001a4ca4000 	/usr/lib/libdns_services.dylib
0x00000001a8cf5000 	/usr/lib/libcoretls_cfhelpers.dylib
0x00000001a8792000 	/usr/lib/libapple_nghttp2.dylib
0x00000001a84db000 	/usr/lib/system/libkxld.dylib
0x00000001a4922000 	/usr/lib/libsqlite3.dylib
0x00000001a8284000 	/System/Library/PrivateFrameworks/AppleFSCompression.framework/Versions/A/AppleFSCompression
0x00000001a7d7c000 	/usr/lib/libcoretls.dylib
0x00000001a87bd000 	/usr/lib/libpam.2.dylib
0x00000001a8ddb000 	/usr/lib/libxar.1.dylib
0x00000001a73b0000 	/System/Library/PrivateFrameworks/AppleSystemInfo.framework/Versions/A/AppleSystemInfo
0x00000001a79c9000 	/System/Library/PrivateFrameworks/IOMobileFramebuffer.framework/Versions/A/IOMobileFramebuffer
0x00000001a8294000 	/usr/lib/libbz2.1.0.dylib
0x00000001a8580000 	/usr/lib/libiconv.2.dylib
0x00000001a84d4000 	/usr/lib/libcharset.1.dylib
0x00000001a5770000 	/System/Library/Frameworks/CoreServices.framework/Versions/A/Frameworks/FSEvents.framework/Versions/A/FSEvents
0x00000001a12d0000 	/System/Library/Frameworks/CoreServices.framework/Versions/A/Frameworks/CarbonCore.framework/Versions/A/CarbonCore
0x00000001a4e86000 	/System/Library/Frameworks/CoreServices.framework/Versions/A/Frameworks/Metadata.framework/Versions/A/Metadata
0x00000001a82a6000 	/System/Library/Frameworks/CoreServices.framework/Versions/A/Frameworks/OSServices.framework/Versions/A/OSServices
0x00000001a86fa000 	/System/Library/Frameworks/CoreServices.framework/Versions/A/Frameworks/SearchKit.framework/Versions/A/SearchKit
0x00000001a4c30000 	/System/Library/Frameworks/CoreServices.framework/Versions/A/Frameworks/AE.framework/Versions/A/AE
0x000000019f3eb000 	/System/Library/Frameworks/CoreServices.framework/Versions/A/Frameworks/LaunchServices.framework/Versions/A/LaunchServices
0x00000001a8c8a000 	/System/Library/Frameworks/CoreServices.framework/Versions/A/Frameworks/DictionaryServices.framework/Versions/A/DictionaryServices
0x00000001a5779000 	/System/Library/Frameworks/CoreServices.framework/Versions/A/Frameworks/SharedFileList.framework/Versions/A/SharedFileList
0x00000001a7d6c000 	/usr/lib/libCheckFix.dylib
0x00000001a373c000 	/System/Library/PrivateFrameworks/TCC.framework/Versions/A/TCC
0x00000001a73b6000 	/System/Library/PrivateFrameworks/CoreNLP.framework/Versions/A/CoreNLP
0x00000001a4e3a000 	/System/Library/PrivateFrameworks/MetadataUtilities.framework/Versions/A/MetadataUtilities
0x000000019fabc000 	/usr/lib/libmecabra.dylib
0x00000001a8052000 	/System/Library/Frameworks/MLCompute.framework/Versions/A/MLCompute
0x00000001a7da4000 	/usr/lib/libmecab.dylib
0x00000001a7de9000 	/usr/lib/libgermantok.dylib
0x00000001a876b000 	/usr/lib/libThaiTokenizer.dylib
0x00000001a8e17000 	/usr/lib/libChineseTokenizer.dylib
0x00000001a87bb000 	/System/Library/Frameworks/MetalPerformanceShaders.framework/Versions/A/MetalPerformanceShaders
0x00000001a4f27000 	/System/Library/Frameworks/Accelerate.framework/Versions/A/Frameworks/vImage.framework/Versions/A/vImage
0x00000001adef6000 	/System/Library/Frameworks/Accelerate.framework/Versions/A/Frameworks/vecLib.framework/Versions/A/vecLib
0x00000001a8e22000 	/System/Library/Frameworks/Accelerate.framework/Versions/A/Frameworks/vecLib.framework/Versions/A/libvMisc.dylib
0x00000001a7903000 	/System/Library/Frameworks/Accelerate.framework/Versions/A/Frameworks/vecLib.framework/Versions/A/libvDSP.dylib
0x000000019f6f7000 	/System/Library/Frameworks/Accelerate.framework/Versions/A/Frameworks/vecLib.framework/Versions/A/libBLAS.dylib
0x00000001a87df000 	/System/Library/Frameworks/Accelerate.framework/Versions/A/Frameworks/vecLib.framework/Versions/A/libLAPACK.dylib
0x00000001a7dee000 	/System/Library/Frameworks/Accelerate.framework/Versions/A/Frameworks/vecLib.framework/Versions/A/libLinearAlgebra.dylib
0x00000001a87a9000 	/System/Library/Frameworks/Accelerate.framework/Versions/A/Frameworks/vecLib.framework/Versions/A/libSparseBLAS.dylib
0x00000001a87da000 	/System/Library/Frameworks/Accelerate.framework/Versions/A/Frameworks/vecLib.framework/Versions/A/libQuadrature.dylib
0x00000001a744d000 	/System/Library/Frameworks/Accelerate.framework/Versions/A/Frameworks/vecLib.framework/Versions/A/libBNNS.dylib
0x000000019f99d000 	/System/Library/Frameworks/Accelerate.framework/Versions/A/Frameworks/vecLib.framework/Versions/A/libSparse.dylib
0x00000001a734c000 	/System/Library/Frameworks/MetalPerformanceShaders.framework/Versions/A/Frameworks/MPSCore.framework/Versions/A/MPSCore
0x00000001a81f9000 	/System/Library/Frameworks/MetalPerformanceShaders.framework/Versions/A/Frameworks/MPSImage.framework/Versions/A/MPSImage
0x00000001a7e04000 	/System/Library/Frameworks/MetalPerformanceShaders.framework/Versions/A/Frameworks/MPSNeuralNetwork.framework/Versions/A/MPSNeuralNetwork
0x00000001a818e000 	/System/Library/Frameworks/MetalPerformanceShaders.framework/Versions/A/Frameworks/MPSMatrix.framework/Versions/A/MPSMatrix
0x00000001a8008000 	/System/Library/Frameworks/MetalPerformanceShaders.framework/Versions/A/Frameworks/MPSRayIntersector.framework/Versions/A/MPSRayIntersector
0x00000001a81bd000 	/System/Library/Frameworks/MetalPerformanceShaders.framework/Versions/A/Frameworks/MPSNDArray.framework/Versions/A/MPSNDArray
0x000000019f61e000 	/System/Library/PrivateFrameworks/MetalTools.framework/Versions/A/MetalTools
0x00000001a73ae000 	/System/Library/PrivateFrameworks/AggregateDictionary.framework/Versions/A/AggregateDictionary
0x00000001a4e11000 	/System/Library/PrivateFrameworks/CoreAnalytics.framework/Versions/A/CoreAnalytics
0x00000001a876d000 	/System/Library/PrivateFrameworks/AppleSauce.framework/Versions/A/AppleSauce
0x00000001a6745000 	/System/Library/PrivateFrameworks/IOAccelerator.framework/Versions/A/IOAccelerator
0x00000001e1731000 	/System/Library/Frameworks/OpenGL.framework/Versions/A/Libraries/libCoreFSCache.dylib
0x00000001a0079000 	/System/Library/PrivateFrameworks/LanguageModeling.framework/Versions/A/LanguageModeling
0x00000001a79b6000 	/System/Library/PrivateFrameworks/CoreEmoji.framework/Versions/A/CoreEmoji
0x00000001a7445000 	/System/Library/PrivateFrameworks/LinguisticData.framework/Versions/A/LinguisticData
0x000000019f952000 	/System/Library/PrivateFrameworks/Lexicon.framework/Versions/A/Lexicon
0x00000001a8673000 	/usr/lib/libcmph.dylib
0x00000001a5750000 	/System/Library/Frameworks/OpenDirectory.framework/Versions/A/Frameworks/CFOpenDirectory.framework/Versions/A/CFOpenDirectory
0x00000001a5742000 	/System/Library/Frameworks/OpenDirectory.framework/Versions/A/OpenDirectory
0x00000001a8cf7000 	/System/Library/PrivateFrameworks/APFS.framework/Versions/A/APFS
0x00000001a7cd3000 	/System/Library/Frameworks/SecurityFoundation.framework/Versions/A/SecurityFoundation
0x00000001a8de9000 	/usr/lib/libutil.dylib
0x00000001a15fb000 	/System/Library/PrivateFrameworks/CoreServicesStore.framework/Versions/A/CoreServicesStore
0x00000001a7d63000 	/System/Library/Frameworks/ServiceManagement.framework/Versions/A/ServiceManagement
0x00000001a8ded000 	/usr/lib/libxslt.1.dylib
0x00000001a7d59000 	/System/Library/PrivateFrameworks/BackgroundTaskManagement.framework/Versions/A/BackgroundTaskManagement
0x00000001a9d09000 	/System/Library/Frameworks/ImageIO.framework/Versions/A/Resources/libRadiance.dylib
0x00000001a9d12000 	/System/Library/Frameworks/ImageIO.framework/Versions/A/Resources/libJPEG.dylib
0x00000001a9c62000 	/System/Library/Frameworks/ImageIO.framework/Versions/A/Resources/libPng.dylib
0x00000001a9c89000 	/System/Library/Frameworks/ImageIO.framework/Versions/A/Resources/libTIFF.dylib
0x00000001a9d63000 	/System/Library/Frameworks/ImageIO.framework/Versions/A/Resources/libGIF.dylib
0x00000001a99ee000 	/System/Library/Frameworks/ImageIO.framework/Versions/A/Resources/libJP2.dylib
0x00000001a911c000 	/usr/lib/libexpat.1.dylib
0x00000001a99aa000 	/System/Library/PrivateFrameworks/AppleJPEG.framework/Versions/A/AppleJPEG
0x00000001a695d000 	/System/Library/PrivateFrameworks/FontServices.framework/libFontParser.dylib
0x00000001a4bdf000 	/System/Library/PrivateFrameworks/RunningBoardServices.framework/Versions/A/RunningBoardServices
0x00000001b2feb000 	/System/Library/PrivateFrameworks/IOSurfaceAccelerator.framework/Versions/A/IOSurfaceAccelerator
0x00000001a9ad0000 	/System/Library/PrivateFrameworks/WatchdogClient.framework/Versions/A/WatchdogClient
0x00000001a016b000 	/System/Library/Frameworks/CoreDisplay.framework/Versions/A/CoreDisplay
0x00000001a6866000 	/System/Library/Frameworks/CoreMedia.framework/Versions/A/CoreMedia
0x00000001a58d1000 	/System/Library/Frameworks/CoreVideo.framework/Versions/A/CoreVideo
0x00000001a9b09000 	/System/Library/Frameworks/VideoToolbox.framework/Versions/A/VideoToolbox
0x00000001a4b5a000 	/System/Library/PrivateFrameworks/BaseBoard.framework/Versions/A/BaseBoard
0x00000001a925e000 	/System/Library/PrivateFrameworks/PersistentConnection.framework/Versions/A/PersistentConnection
0x00000001a490a000 	/System/Library/PrivateFrameworks/ProtocolBuffer.framework/Versions/A/ProtocolBuffer
0x00000001a4b42000 	/System/Library/PrivateFrameworks/CommonUtilities.framework/Versions/A/CommonUtilities
0x00000001a994a000 	/System/Library/PrivateFrameworks/Bom.framework/Versions/A/Bom
0x00000001a9d04000 	/System/Library/PrivateFrameworks/GPUWrangler.framework/Versions/A/GPUWrangler
0x00000001a9ce5000 	/System/Library/PrivateFrameworks/IOPresentment.framework/Versions/A/IOPresentment
0x00000001a9d0c000 	/System/Library/PrivateFrameworks/DSExternalDisplay.framework/Versions/A/DSExternalDisplay
0x00000001a9d68000 	/System/Library/PrivateFrameworks/CMCaptureCore.framework/Versions/A/CMCaptureCore
0x00000001a96e8000 	/System/Library/PrivateFrameworks/AppServerSupport.framework/Versions/A/AppServerSupport
0x00000001ab701000 	/System/Library/PrivateFrameworks/perfdata.framework/Versions/A/perfdata
0x00000001a7cc3000 	/System/Library/PrivateFrameworks/AssertionServices.framework/Versions/A/AssertionServices
0x00000001a028e000 	/System/Library/PrivateFrameworks/AudioToolboxCore.framework/Versions/A/AudioToolboxCore
0x00000001a6846000 	/System/Library/PrivateFrameworks/caulk.framework/Versions/A/caulk
0x00000001badde000 	/System/Library/PrivateFrameworks/SystemPolicy.framework/Versions/A/SystemPolicy
0x00000001a8f29000 	/usr/lib/libIOReport.dylib
0x00000001aaf88000 	/usr/lib/libSMC.dylib
0x00000001a9c2f000 	/usr/lib/libAudioToolboxUtility.dylib
0x00000001bb76c000 	/usr/lib/libmis.dylib
0x00000001e1793000 	/System/Library/Frameworks/OpenGL.framework/Versions/A/Libraries/libGLU.dylib
0x00000001e1751000 	/System/Library/Frameworks/OpenGL.framework/Versions/A/Libraries/libGFXShared.dylib
0x00000001e193b000 	/System/Library/Frameworks/OpenGL.framework/Versions/A/Libraries/libGL.dylib
0x00000001e175a000 	/System/Library/Frameworks/OpenGL.framework/Versions/A/Libraries/libGLImage.dylib
0x00000001e174e000 	/System/Library/Frameworks/OpenGL.framework/Versions/A/Libraries/libCVMSPluginSupport.dylib
0x00000001e1738000 	/System/Library/Frameworks/OpenGL.framework/Versions/A/Libraries/libCoreVMClient.dylib
0x00000001b1b25000 	/System/Library/PrivateFrameworks/ASEProcessing.framework/Versions/A/ASEProcessing
0x00000001a9285000 	/System/Library/PrivateFrameworks/GraphVisualizer.framework/Versions/A/GraphVisualizer
0x00000001a9293000 	/System/Library/PrivateFrameworks/FaceCore.framework/Versions/A/FaceCore
0x00000001a96a6000 	/System/Library/PrivateFrameworks/OTSVG.framework/Versions/A/OTSVG
0x00000001a54f9000 	/System/Library/Frameworks/ApplicationServices.framework/Versions/A/Frameworks/ATS.framework/Versions/A/Resources/libFontRegistry.dylib
0x00000001a96f0000 	/System/Library/PrivateFrameworks/FontServices.framework/libhvf.dylib
0x00000001e1ad6000 	/System/Library/Frameworks/OpenCL.framework/Versions/A/OpenCL
0x00000001a90d0000 	/System/Library/PrivateFrameworks/AppleVA.framework/Versions/A/AppleVA
0x00000001aadda000 	/System/Library/Frameworks/ApplicationServices.framework/Versions/A/Frameworks/ATS.framework/Versions/A/ATS
0x00000001ab0e6000 	/System/Library/Frameworks/ApplicationServices.framework/Versions/A/Frameworks/ColorSyncLegacy.framework/Versions/A/ColorSyncLegacy
0x00000001a41a1000 	/System/Library/Frameworks/ApplicationServices.framework/Versions/A/Frameworks/HIServices.framework/Versions/A/HIServices
0x00000001ab0c9000 	/System/Library/Frameworks/ApplicationServices.framework/Versions/A/Frameworks/LangAnalysis.framework/Versions/A/LangAnalysis
0x00000001a9d72000 	/System/Library/Frameworks/ApplicationServices.framework/Versions/A/Frameworks/PrintCore.framework/Versions/A/PrintCore
0x00000001ab0ee000 	/System/Library/Frameworks/ApplicationServices.framework/Versions/A/Frameworks/QD.framework/Versions/A/QD
0x00000001aadc6000 	/System/Library/Frameworks/ApplicationServices.framework/Versions/A/Frameworks/SpeechSynthesis.framework/Versions/A/SpeechSynthesis
0x00000001a9d33000 	/System/Library/Frameworks/ApplicationServices.framework/Versions/A/Frameworks/ATSUI.framework/Versions/A/ATSUI
0x00000001ab068000 	/usr/lib/libcups.2.dylib
0x00000001ab0d9000 	/System/Library/PrivateFrameworks/NetAuth.framework/Versions/A/NetAuth
0x00000001ab71c000 	/System/Library/Frameworks/Kerberos.framework/Versions/A/Kerberos
0x00000001ab72d000 	/System/Library/Frameworks/GSS.framework/Versions/A/GSS
0x00000001aae48000 	/usr/lib/libresolv.9.dylib
0x00000001a9702000 	/System/Library/PrivateFrameworks/Heimdal.framework/Versions/A/Heimdal
0x00000001b10f3000 	/System/Library/Frameworks/Kerberos.framework/Versions/A/Libraries/libHeimdalProxy.dylib
0x00000001a4cb4000 	/System/Library/Frameworks/Network.framework/Versions/A/Network
0x00000001a9136000 	/usr/lib/libheimdal-asn1.dylib
0x00000001ab776000 	/System/Library/PrivateFrameworks/CommonAuth.framework/Versions/A/CommonAuth
0x00000001a5924000 	/System/Library/PrivateFrameworks/login.framework/Versions/A/Frameworks/loginsupport.framework/Versions/A/loginsupport
0x00000001aad49000 	/System/Library/PrivateFrameworks/AudioSession.framework/Versions/A/AudioSession
0x00000001aadb3000 	/usr/lib/libAudioStatistics.dylib
0x00000001a91ba000 	/System/Library/PrivateFrameworks/MediaExperience.framework/Versions/A/MediaExperience
0x00000001aabee000 	/System/Library/PrivateFrameworks/AudioSession.framework/libSessionUtility.dylib
0x00000001ab70d000 	/usr/lib/libperfcheck.dylib
0x00000001ab0fa000 	/System/Library/PrivateFrameworks/AudioResourceArbitration.framework/Versions/A/AudioResourceArbitration
0x00000001a9140000 	/System/Library/PrivateFrameworks/IconFoundation.framework/Versions/A/IconFoundation
0x00000001adbc4000 	/System/Library/PrivateFrameworks/SpeechRecognitionCore.framework/Versions/A/SpeechRecognitionCore
0x00000001db0e8000 	/System/Library/CoreServices/Encodings/libSimplifiedChineseConverter.dylib
0x0000000106800000 	/Library/Java/JavaVirtualMachines/zulu-13.jdk/Contents/Home/lib/server/libjvm.dylib
0x0000000102084000 	/Library/Java/JavaVirtualMachines/zulu-13.jdk/Contents/Home/lib/libverify.dylib
0x000000010209c000 	/Library/Java/JavaVirtualMachines/zulu-13.jdk/Contents/Home/lib/libjava.dylib
0x00000001020d4000 	/Library/Java/JavaVirtualMachines/zulu-13.jdk/Contents/Home/lib/libjimage.dylib
0x00000001020f0000 	/Library/Java/JavaVirtualMachines/zulu-13.jdk/Contents/Home/lib/libjdwp.dylib
0x0000000102134000 	/Library/Java/JavaVirtualMachines/zulu-13.jdk/Contents/Home/lib/libinstrument.dylib
0x0000000102194000 	/Library/Java/JavaVirtualMachines/zulu-13.jdk/Contents/Home/lib/libzip.dylib
0x000000010229c000 	/Library/Java/JavaVirtualMachines/zulu-13.jdk/Contents/Home/lib/libdt_socket.dylib
0x0000000102590000 	/Library/Java/JavaVirtualMachines/zulu-13.jdk/Contents/Home/lib/libnio.dylib
0x00000001025b0000 	/Library/Java/JavaVirtualMachines/zulu-13.jdk/Contents/Home/lib/libnet.dylib
0x00000001025d4000 	/Library/Java/JavaVirtualMachines/zulu-13.jdk/Contents/Home/lib/libmanagement.dylib
0x00000001025e8000 	/Library/Java/JavaVirtualMachines/zulu-13.jdk/Contents/Home/lib/libmanagement_ext.dylib
0x000000011f688000 	/Library/Java/JavaVirtualMachines/zulu-13.jdk/Contents/Home/lib/libextnet.dylib


VM Arguments:
jvm_args: -agentlib:jdwp=transport=dt_socket,address=127.0.0.1:64477,suspend=y,server=n -XX:TieredStopAtLevel=1 -Xverify:none -Dspring.output.ansi.enabled=always -javaagent:/Users/liujian/Library/Caches/JetBrains/IntelliJIdea2020.3/captureAgent/debugger-agent.jar -Dcom.sun.management.jmxremote -Dspring.jmx.enabled=true -Dspring.liveBeansView.mbeanDomain -Dspring.application.admin.enabled=true -Dfile.encoding=UTF-8 
java_command: com.ecommerce.demo.DemoApplication
java_class_path (initial): /Users/liujian/Desktop/java/GraduationDesign/target/classes:/Users/liujian/Desktop/Maven/repo/org/springframework/boot/spring-boot-starter/2.4.2/spring-boot-starter-2.4.2.jar:/Users/liujian/Desktop/Maven/repo/org/springframework/boot/spring-boot/2.5.0-SNAPSHOT/spring-boot-2.5.0-20210219.201259-236.jar:/Users/liujian/Desktop/Maven/repo/org/springframework/boot/spring-boot-starter-logging/2.5.0-SNAPSHOT/spring-boot-starter-logging-2.5.0-20210219.201259-236.jar:/Users/liujian/Desktop/Maven/repo/ch/qos/logback/logback-classic/1.2.3/logback-classic-1.2.3.jar:/Users/liujian/Desktop/Maven/repo/ch/qos/logback/logback-core/1.2.3/logback-core-1.2.3.jar:/Users/liujian/Desktop/Maven/repo/org/apache/logging/log4j/log4j-to-slf4j/2.14.0/log4j-to-slf4j-2.14.0.jar:/Users/liujian/Desktop/Maven/repo/org/apache/logging/log4j/log4j-api/2.14.0/log4j-api-2.14.0.jar:/Users/liujian/Desktop/Maven/repo/org/slf4j/jul-to-slf4j/1.7.30/jul-to-slf4j-1.7.30.jar:/Users/liujian/Desktop/Maven/repo/jakarta/annotation/jakarta.annotation-api/1.3.5/jakarta.annotation-api-1.3.5.jar:/Users/liujian/Desktop/Maven/repo/org/yaml/snakeyaml/1.27/snakeyaml-1.27.jar:/Users/liujian/Desktop/Maven/repo/com/zhenzikj/zhenzisms/2.0.2/zhenzisms-2.0.2.jar:/Users/liujian/Desktop/Maven/repo/cn/hutool/hutool-all/5.3.3/hutool-all-5.3.3.jar:/Users/liujian/Desktop/Maven/repo/org/springframework/boot/spring-boot-starter-web/2.4.2/spring-boot-starter-web-2.4.2.jar:/Users/liujian/Desktop/Maven/repo/org/springframework/boot/spring-boot-starter-json/2.5.0-SNAPSHOT/spring-boot-starter-json-2.5.0-20210219.201259-236.jar:/Users/liujian/Desktop/Maven/repo/com/fasterxml/jackson/datatype/jackson-datatype-jdk8/2.12.1/jackson-datatype-jdk8-2.12.1.jar:/Users/liujian/Desktop/Maven/repo/com/fasterxml/jackson/datatype/jackson-datatype-jsr310/2.12.1/jackson-datatype-jsr310-2.12.1.jar:/Users/liujian/Desktop/Maven/repo/com/fasterxml/jackson/module/jackson-module-parameter-names/2.12.1/jackson-module-parameter-name
Launcher Type: SUN_STANDARD

[Global flags]
     intx CICompilerCount                          = 4                                         {product} {ergonomic}
     uint ConcGCThreads                            = 2                                         {product} {ergonomic}
     uint G1ConcRefinementThreads                  = 8                                         {product} {ergonomic}
   size_t G1HeapRegionSize                         = 1048576                                   {product} {ergonomic}
    uintx GCDrainStackTargetSize                   = 64                                        {product} {ergonomic}
   size_t InitialHeapSize                          = 268435456                                 {product} {ergonomic}
     bool ManagementServer                         = true                                      {product} {command line}
   size_t MarkStackSize                            = 4194304                                   {product} {ergonomic}
   size_t MaxHeapSize                              = 4294967296                                {product} {ergonomic}
   size_t MaxNewSize                               = 2576351232                                {product} {ergonomic}
   size_t MinHeapDeltaBytes                        = 1048576                                   {product} {ergonomic}
   size_t MinHeapSize                              = 8388608                                   {product} {ergonomic}
    uintx NonNMethodCodeHeapSize                   = 7549744                                {pd product} {ergonomic}
    uintx NonProfiledCodeHeapSize                  = 244108496                              {pd product} {ergonomic}
    uintx ProfiledCodeHeapSize                     = 0                                      {pd product} {ergonomic}
    uintx ReservedCodeCacheSize                    = 251658240                              {pd product} {ergonomic}
     bool SegmentedCodeCache                       = true                                      {product} {ergonomic}
   size_t SoftMaxHeapSize                          = 4294967296                             {manageable} {ergonomic}
     intx TieredStopAtLevel                        = 1                                         {product} {command line}
     bool UseCompressedClassPointers               = true                                 {lp64_product} {ergonomic}
     bool UseCompressedOops                        = true                                 {lp64_product} {ergonomic}
     bool UseG1GC                                  = true                                      {product} {ergonomic}

Logging:
Log output configuration:
 #0: stdout all=warning uptime,level,tags
 #1: stderr all=off uptime,level,tags

Environment Variables:
PATH=/opt/homebrew/bin:/usr/local/bin:/usr/bin:/bin:/usr/sbin:/sbin:/Users/liujian/Desktop/Maven/apache-maven-3.6.3/bin
SHELL=/bin/zsh

Signal Handlers:
SIGSEGV: [libjvm.dylib+0x74e468], sa_mask[0]=11111111011111110111111111111111, sa_flags=SA_ONSTACK|SA_RESTART|SA_SIGINFO
SIGBUS: [libjvm.dylib+0x74e468], sa_mask[0]=11111111011111110111111111111111, sa_flags=SA_RESTART|SA_SIGINFO
SIGFPE: [libjvm.dylib+0x74e468], sa_mask[0]=11111111011111110111111111111111, sa_flags=SA_RESTART|SA_SIGINFO
SIGPIPE: [libjvm.dylib+0x5acf00], sa_mask[0]=11111111011111110111111111111111, sa_flags=SA_RESTART|SA_SIGINFO
SIGXFSZ: [libjvm.dylib+0x5acf00], sa_mask[0]=11111111011111110111111111111111, sa_flags=SA_RESTART|SA_SIGINFO
SIGILL: [libjvm.dylib+0x74e468], sa_mask[0]=11111111011111110111111111111111, sa_flags=SA_RESTART|SA_SIGINFO
SIGUSR2: [libjvm.dylib+0x5ad500], sa_mask[0]=00100000000000000000000000000000, sa_flags=SA_RESTART|SA_SIGINFO
SIGHUP: [libjvm.dylib+0x5ac188], sa_mask[0]=11111111011111110111111111111111, sa_flags=SA_RESTART|SA_SIGINFO
SIGINT: [libjvm.dylib+0x5ac188], sa_mask[0]=11111111011111110111111111111111, sa_flags=SA_RESTART|SA_SIGINFO
SIGTERM: [libjvm.dylib+0x5ac188], sa_mask[0]=11111111011111110111111111111111, sa_flags=SA_RESTART|SA_SIGINFO
SIGQUIT: [libjvm.dylib+0x5ac188], sa_mask[0]=11111111011111110111111111111111, sa_flags=SA_RESTART|SA_SIGINFO


---------------  S Y S T E M  ---------------

OS:uname:Darwin 20.3.0 Darwin Kernel Version 20.3.0: Thu Jan 21 00:06:51 PST 2021; root:xnu-7195.81.3~1/RELEASE_ARM64_T8101 arm64
OS uptime: 24 days 7:24 hours
rlimit (soft/hard): STACK 8176k/65520k , CORE 0k/infinity , NPROC 2666/4000 , NOFILE 10240/infinity , AS infinity/infinity , CPU infinity/infinity , DATA infinity/infinity , FSIZE infinity/infinity , MEMLOCK infinity/infinity , RSS infinity/infinity
load average:1.30 1.75 1.86

CPU:total 8 (initial active 8) 0x61:0x0:0x1b588bb3:0, simd, crc, lse

Memory: 16k page, physical 16777216k(488176k free), swap 8388608k(1381120k free)

vm_info: OpenJDK 64-Bit Server VM (13.0.6+5-MTS) for bsd-aarch64 JRE (13.0.6+5-MTS) (Zulu13.37+21-CA), built on Dec 25 2020 12:57:28 by "zulu_re" with clang Apple LLVM 12.0.0 (clang-1200.0.32.27)

END.
