#
# A fatal error has been detected by the Java Runtime Environment:
#
#  SIGBUS (0xa) at pc=0x00000001056dc568, pid=33480, tid=32259
#
# JRE version: OpenJDK Runtime Environment Zulu13.37+21-CA (13.0.6+5) (build 13.0.6+5-MTS)
# Java VM: OpenJDK 64-Bit Server VM Zulu13.37+21-CA (13.0.6+5-MTS, mixed mode, tiered, compressed oops, g1 gc, bsd-aarch64)
# Problematic frame:
# V  [libjvm.dylib+0x6dc568]  MarkActivationClosure::do_code_blob(CodeBlob*)+0x3c
#
# No core dump will be written. Core dumps have been disabled. To enable core dumping, try "ulimit -c unlimited" before starting Java again
#
# If you would like to submit a bug report, please visit:
#   http://www.azulsystems.com/support/
#

---------------  S U M M A R Y ------------

Command Line: -agentlib:jdwp=transport=dt_socket,address=127.0.0.1:55778,suspend=y,server=n -XX:TieredStopAtLevel=1 -Xverify:none -Dspring.output.ansi.enabled=always -javaagent:/Users/liujian/Library/Caches/JetBrains/IntelliJIdea2020.3/captureAgent/debugger-agent.jar -Dcom.sun.management.jmxremote -Dspring.jmx.enabled=true -Dspring.liveBeansView.mbeanDomain -Dspring.application.admin.enabled=true -Dfile.encoding=UTF-8 com.ecommerce.demo.DemoApplication

Host: MacBookPro17,1 arm64 1 MHz, 8 cores, 16G, Darwin 20.2.0
Time: Thu Feb 25 18:31:29 2021 CST elapsed time: 12 seconds (0d 0h 0m 12s)

---------------  T H R E A D  ---------------

Current thread (0x0000000125401000):  JavaThread "http-nio-8080-exec-1" daemon [_thread_in_vm, id=32259, stack(0x00000001745e0000,0x00000001747e3000)]

Stack: [0x00000001745e0000,0x00000001747e3000],  sp=0x00000001747df330,  free space=2044k
Native frames: (J=compiled Java code, A=aot compiled Java code, j=interpreted, Vv=VM code, C=native code)
V  [libjvm.dylib+0x6dc568]  MarkActivationClosure::do_code_blob(CodeBlob*)+0x3c
V  [libjvm.dylib+0x70ad88]  JavaThread::nmethods_do(CodeBlobClosure*)+0x78
V  [libjvm.dylib+0x2de3a0]  HandshakeThreadsOperation::do_handshake(JavaThread*)+0xcc
V  [libjvm.dylib+0x2de744]  HandshakeState::process_self_inner(JavaThread*)+0x110
V  [libjvm.dylib+0x62258c]  SafepointMechanism::block_or_handshake(JavaThread*)+0x60
V  [libjvm.dylib+0x6225b4]  SafepointMechanism::block_if_requested_slow(JavaThread*)+0x18
V  [libjvm.dylib+0x15bfc4]  ThreadStateTransition::trans(JavaThreadState, JavaThreadState)+0x4c
V  [libjvm.dylib+0x487b40]  JvmtiEnv::GetThreadLocalStorage(_jobject*, void**)+0x244
C  [libjdwp.dylib+0x1eb58]  findThread+0x84
C  [libjdwp.dylib+0x1e5e0]  insertThread+0x30
C  [libjdwp.dylib+0x1ff90]  threadControl_onEventHandlerEntry+0x1e4
C  [libjdwp.dylib+0x16a10]  event_callback+0x198
C  [libjdwp.dylib+0x14af8]  cbClassPrepare+0xc0
V  [libjvm.dylib+0x496ca8]  JvmtiExport::post_class_prepare(JavaThread*, Klass*)+0x1c0
V  [libjvm.dylib+0x304260]  InstanceKlass::link_class_impl(Thread*)+0x324
V  [libjvm.dylib+0x304020]  InstanceKlass::link_class_impl(Thread*)+0xe4
V  [libjvm.dylib+0x304394]  InstanceKlass::initialize_impl(Thread*)+0x54
V  [libjvm.dylib+0x314ec4]  InterpreterRuntime::_new(JavaThread*, ConstantPool*, int)+0x84
j  com.ecommerce.demo.service.Impl.OrderServiceImpl.aliPay(Ljavax/servlet/http/HttpServletResponse;Ljavax/servlet/http/HttpServletRequest;)V+27
j  com.ecommerce.demo.controller.OrderController.payMent(Ljavax/servlet/http/HttpServletResponse;Ljavax/servlet/http/HttpServletRequest;)V+6
v  ~StubRoutines::call_stub
V  [libjvm.dylib+0x31cd40]  JavaCalls::call_helper(JavaValue*, methodHandle const&, JavaCallArguments*, Thread*)+0x2f4
V  [libjvm.dylib+0x60cbe8]  invoke(InstanceKlass*, methodHandle const&, Handle, bool, objArrayHandle, BasicType, objArrayHandle, bool, Thread*)+0x4e0
V  [libjvm.dylib+0x60c694]  Reflection::invoke_method(oopDesc*, Handle, objArrayHandle, Thread*)+0x108
V  [libjvm.dylib+0x3b2f3c]  JVM_InvokeMethod+0x270
J 2143  jdk.internal.reflect.NativeMethodAccessorImpl.invoke0(Ljava/lang/reflect/Method;Ljava/lang/Object;[Ljava/lang/Object;)Ljava/lang/Object; java.base@13.0.6 (0 bytes) @ 0x0000000130aa3ef0 [0x0000000130aa3e40+0x00000000000000b0]
C  0x00000006c28700e0

Java frames: (J=compiled Java code, j=interpreted, Vv=VM code)
j  com.ecommerce.demo.service.Impl.OrderServiceImpl.aliPay(Ljavax/servlet/http/HttpServletResponse;Ljavax/servlet/http/HttpServletRequest;)V+27
j  com.ecommerce.demo.controller.OrderController.payMent(Ljavax/servlet/http/HttpServletResponse;Ljavax/servlet/http/HttpServletRequest;)V+6
v  ~StubRoutines::call_stub
J 2143  jdk.internal.reflect.NativeMethodAccessorImpl.invoke0(Ljava/lang/reflect/Method;Ljava/lang/Object;[Ljava/lang/Object;)Ljava/lang/Object; java.base@13.0.6 (0 bytes) @ 0x0000000130aa3ef4 [0x0000000130aa3e40+0x00000000000000b4]
J 2142 c1 jdk.internal.reflect.NativeMethodAccessorImpl.invoke(Ljava/lang/Object;[Ljava/lang/Object;)Ljava/lang/Object; java.base@13.0.6 (104 bytes) @ 0x0000000130aa5a78 [0x0000000130aa5740+0x0000000000000338]
J 1989 c1 jdk.internal.reflect.DelegatingMethodAccessorImpl.invoke(Ljava/lang/Object;[Ljava/lang/Object;)Ljava/lang/Object; java.base@13.0.6 (10 bytes) @ 0x0000000130a62a48 [0x0000000130a629c0+0x0000000000000088]
J 1990 c1 java.lang.reflect.Method.invoke(Ljava/lang/Object;[Ljava/lang/Object;)Ljava/lang/Object; java.base@13.0.6 (65 bytes) @ 0x0000000130a62f20 [0x0000000130a62e00+0x0000000000000120]
j  org.springframework.web.method.support.InvocableHandlerMethod.doInvoke([Ljava/lang/Object;)Ljava/lang/Object;+32
j  org.springframework.web.method.support.InvocableHandlerMethod.invokeForRequest(Lorg/springframework/web/context/request/NativeWebRequest;Lorg/springframework/web/method/support/ModelAndViewContainer;[Ljava/lang/Object;)Ljava/lang/Object;+54
j  org.springframework.web.servlet.mvc.method.annotation.ServletInvocableHandlerMethod.invokeAndHandle(Lorg/springframework/web/context/request/ServletWebRequest;Lorg/springframework/web/method/support/ModelAndViewContainer;[Ljava/lang/Object;)V+4
j  org.springframework.web.servlet.mvc.method.annotation.RequestMappingHandlerAdapter.invokeHandlerMethod(Ljavax/servlet/http/HttpServletRequest;Ljavax/servlet/http/HttpServletResponse;Lorg/springframework/web/method/HandlerMethod;)Lorg/springframework/web/servlet/ModelAndView;+244
j  org.springframework.web.servlet.mvc.method.annotation.RequestMappingHandlerAdapter.handleInternal(Ljavax/servlet/http/HttpServletRequest;Ljavax/servlet/http/HttpServletResponse;Lorg/springframework/web/method/HandlerMethod;)Lorg/springframework/web/servlet/ModelAndView;+81
j  org.springframework.web.servlet.mvc.method.AbstractHandlerMethodAdapter.handle(Ljavax/servlet/http/HttpServletRequest;Ljavax/servlet/http/HttpServletResponse;Ljava/lang/Object;)Lorg/springframework/web/servlet/ModelAndView;+7
j  org.springframework.web.servlet.DispatcherServlet.doDispatch(Ljavax/servlet/http/HttpServletRequest;Ljavax/servlet/http/HttpServletResponse;)V+257
j  org.springframework.web.servlet.DispatcherServlet.doService(Ljavax/servlet/http/HttpServletRequest;Ljavax/servlet/http/HttpServletResponse;)V+241
j  org.springframework.web.servlet.FrameworkServlet.processRequest(Ljavax/servlet/http/HttpServletRequest;Ljavax/servlet/http/HttpServletResponse;)V+71
j  org.springframework.web.servlet.FrameworkServlet.doGet(Ljavax/servlet/http/HttpServletRequest;Ljavax/servlet/http/HttpServletResponse;)V+3
j  javax.servlet.http.HttpServlet.service(Ljavax/servlet/http/HttpServletRequest;Ljavax/servlet/http/HttpServletResponse;)V+35
j  org.springframework.web.servlet.FrameworkServlet.service(Ljavax/servlet/http/HttpServletRequest;Ljavax/servlet/http/HttpServletResponse;)V+33
j  javax.servlet.http.HttpServlet.service(Ljavax/servlet/ServletRequest;Ljavax/servlet/ServletResponse;)V+36
j  org.apache.catalina.core.ApplicationFilterChain.internalDoFilter(Ljavax/servlet/ServletRequest;Ljavax/servlet/ServletResponse;)V+304
j  org.apache.catalina.core.ApplicationFilterChain.doFilter(Ljavax/servlet/ServletRequest;Ljavax/servlet/ServletResponse;)V+99
j  org.apache.tomcat.websocket.server.WsFilter.doFilter(Ljavax/servlet/ServletRequest;Ljavax/servlet/ServletResponse;Ljavax/servlet/FilterChain;)V+21
j  org.apache.catalina.core.ApplicationFilterChain.internalDoFilter(Ljavax/servlet/ServletRequest;Ljavax/servlet/ServletResponse;)V+135
j  org.apache.catalina.core.ApplicationFilterChain.doFilter(Ljavax/servlet/ServletRequest;Ljavax/servlet/ServletResponse;)V+99
j  org.springframework.web.filter.RequestContextFilter.doFilterInternal(Ljavax/servlet/http/HttpServletRequest;Ljavax/servlet/http/HttpServletResponse;Ljavax/servlet/FilterChain;)V+21
j  org.springframework.web.filter.OncePerRequestFilter.doFilter(Ljavax/servlet/ServletRequest;Ljavax/servlet/ServletResponse;Ljavax/servlet/FilterChain;)V+147
j  org.apache.catalina.core.ApplicationFilterChain.internalDoFilter(Ljavax/servlet/ServletRequest;Ljavax/servlet/ServletResponse;)V+135
j  org.apache.catalina.core.ApplicationFilterChain.doFilter(Ljavax/servlet/ServletRequest;Ljavax/servlet/ServletResponse;)V+99
j  org.springframework.web.filter.FormContentFilter.doFilterInternal(Ljavax/servlet/http/HttpServletRequest;Ljavax/servlet/http/HttpServletResponse;Ljavax/servlet/FilterChain;)V+38
j  org.springframework.web.filter.OncePerRequestFilter.doFilter(Ljavax/servlet/ServletRequest;Ljavax/servlet/ServletResponse;Ljavax/servlet/FilterChain;)V+147
j  org.apache.catalina.core.ApplicationFilterChain.internalDoFilter(Ljavax/servlet/ServletRequest;Ljavax/servlet/ServletResponse;)V+135
j  org.apache.catalina.core.ApplicationFilterChain.doFilter(Ljavax/servlet/ServletRequest;Ljavax/servlet/ServletResponse;)V+99
j  org.springframework.web.filter.CharacterEncodingFilter.doFilterInternal(Ljavax/servlet/http/HttpServletRequest;Ljavax/servlet/http/HttpServletResponse;Ljavax/servlet/FilterChain;)V+53
j  org.springframework.web.filter.OncePerRequestFilter.doFilter(Ljavax/servlet/ServletRequest;Ljavax/servlet/ServletResponse;Ljavax/servlet/FilterChain;)V+147
j  org.apache.catalina.core.ApplicationFilterChain.internalDoFilter(Ljavax/servlet/ServletRequest;Ljavax/servlet/ServletResponse;)V+135
j  org.apache.catalina.core.ApplicationFilterChain.doFilter(Ljavax/servlet/ServletRequest;Ljavax/servlet/ServletResponse;)V+99
j  org.apache.catalina.core.StandardWrapperValve.invoke(Lorg/apache/catalina/connector/Request;Lorg/apache/catalina/connector/Response;)V+694
j  org.apache.catalina.core.StandardContextValve.invoke(Lorg/apache/catalina/connector/Request;Lorg/apache/catalina/connector/Response;)V+169
j  org.apache.catalina.authenticator.AuthenticatorBase.invoke(Lorg/apache/catalina/connector/Request;Lorg/apache/catalina/connector/Response;)V+260
j  org.apache.catalina.core.StandardHostValve.invoke(Lorg/apache/catalina/connector/Request;Lorg/apache/catalina/connector/Response;)V+128
j  org.apache.catalina.valves.ErrorReportValve.invoke(Lorg/apache/catalina/connector/Request;Lorg/apache/catalina/connector/Response;)V+6
j  org.apache.catalina.core.StandardEngineValve.invoke(Lorg/apache/catalina/connector/Request;Lorg/apache/catalina/connector/Response;)V+59
j  org.apache.catalina.connector.CoyoteAdapter.service(Lorg/apache/coyote/Request;Lorg/apache/coyote/Response;)V+199
j  org.apache.coyote.http11.Http11Processor.service(Lorg/apache/tomcat/util/net/SocketWrapperBase;)Lorg/apache/tomcat/util/net/AbstractEndpoint$Handler$SocketState;+737
j  org.apache.coyote.AbstractProcessorLight.process(Lorg/apache/tomcat/util/net/SocketWrapperBase;Lorg/apache/tomcat/util/net/SocketEvent;)Lorg/apache/tomcat/util/net/AbstractEndpoint$Handler$SocketState;+170
j  org.apache.coyote.AbstractProtocol$ConnectionHandler.process(Lorg/apache/tomcat/util/net/SocketWrapperBase;Lorg/apache/tomcat/util/net/SocketEvent;)Lorg/apache/tomcat/util/net/AbstractEndpoint$Handler$SocketState;+505
j  org.apache.tomcat.util.net.NioEndpoint$SocketProcessor.doRun()V+216
j  org.apache.tomcat.util.net.SocketProcessorBase.run()V+21
j  java.util.concurrent.ThreadPoolExecutor.runWorker(Ljava/util/concurrent/ThreadPoolExecutor$Worker;)V+92 java.base@13.0.6
j  java.util.concurrent.ThreadPoolExecutor$Worker.run()V+5 java.base@13.0.6
j  org.apache.tomcat.util.threads.TaskThread$WrappingRunnable.run()V+4
j  java.lang.Thread.run()V+11 java.base@13.0.6
v  ~StubRoutines::call_stub

siginfo: si_signo: 10 (SIGBUS), si_code: 1 (BUS_ADRALN), si_addr: 0x0000000130aa3de0

Register to memory mapping:

 x0=0x0000000105978820: _ZL23mark_activation_closure+0 in /Library/Java/JavaVirtualMachines/zulu-13.jdk/Contents/Home/lib/server/libjvm.dylib at 0x0000000105000000
 x1=0x0000000130aa3c90 is at entry_point+-432 in (nmethod*)0x0000000130aa3c90
 x2=0x00000001056dc52c: _ZN21MarkActivationClosure12do_code_blobEP8CodeBlob+0 in /Library/Java/JavaVirtualMachines/zulu-13.jdk/Contents/Home/lib/server/libjvm.dylib at 0x0000000105000000
 x3=0x000000011758aebc points into unknown readable memory: 00 00 00 00
 x4=0x00000001747df470 is pointing into the stack for thread: 0x0000000125401000
 x5=0x00000001747dfa30 is pointing into the stack for thread: 0x0000000125401000
 x6=0x0000000000000065 is an unknown value
 x7=0xf90017e8d61f0100 is an unknown value
 x8=0x0000000105925000: _ZN12StubRoutines17_verify_oop_countE+0 in /Library/Java/JavaVirtualMachines/zulu-13.jdk/Contents/Home/lib/server/libjvm.dylib at 0x0000000105000000
 x9=0x00000000000001e0 is an unknown value
x10=0x0000000000006df9 is an unknown value
x11=0x0000000100524000 points into unknown readable memory: 00 01 02 03 04 05 06 00
x12=0x0000000000006df9 is an unknown value
x13=0x0 is NULL
x14=0x0000000000000010 is an unknown value
x15=0x0000000000009977 is an unknown value
x16=0x00000001a18a9eec: free+0 in /usr/lib/system/libsystem_malloc.dylib at 0x00000001a18a8000
x17=0x0000000207469bb0: _printf_tbl_defaults_fbsd+0x3d8 in /usr/lib/system/libsystem_c.dylib at 0x00000001a1954000
x18=0x0 is NULL
x19=0x0000000130aa3c90 is at entry_point+-432 in (nmethod*)0x0000000130aa3c90
x20=0x00000001747df380 is pointing into the stack for thread: 0x0000000125401000
x21=0x0000000105924fb8: _ZN12StubRoutines25_call_stub_return_addressE+0 in /Library/Java/JavaVirtualMachines/zulu-13.jdk/Contents/Home/lib/server/libjvm.dylib at 0x0000000105000000
x22=0x00000001714b6d00 is pointing into the stack for thread: 0x0000000124842000
x23=0x0000000122e33470 points into unknown readable memory: 88 05 a8 c1 06 00 00 00
x24=0x00000001a1a96940: tlv_get_addr+0 in /usr/lib/system/libdyld.dylib at 0x00000001a1a8a000
x25=0x0000000000000007 is an unknown value
x26=0x000000010048c000: debugInit_exit.cold.1+0xab28 in /Library/Java/JavaVirtualMachines/zulu-13.jdk/Contents/Home/lib/libjdwp.dylib at 0x0000000100458000
x27=0x000000010591eec0: _ZN10JvmtiTrace18_event_trace_flagsE+0 in /Library/Java/JavaVirtualMachines/zulu-13.jdk/Contents/Home/lib/server/libjvm.dylib at 0x0000000105000000
x28=0x0000000105924d00: _ZN18SafepointMechanism13_polling_typeE+0 in /Library/Java/JavaVirtualMachines/zulu-13.jdk/Contents/Home/lib/server/libjvm.dylib at 0x0000000105000000


Registers:
 x0=0x0000000105978820  x1=0x0000000130aa3c90  x2=0x00000001056dc52c  x3=0x000000011758aebc
 x4=0x00000001747df470  x5=0x00000001747dfa30  x6=0x0000000000000065  x7=0xf90017e8d61f0100
 x8=0x0000000105925000  x9=0x00000000000001e0 x10=0x0000000000006df9 x11=0x0000000100524000
x12=0x0000000000006df9 x13=0x0000000000000000 x14=0x0000000000000010 x15=0x0000000000009977
x16=0x00000001a18a9eec x17=0x0000000207469bb0 x18=0x0000000000000000 x19=0x0000000130aa3c90
x20=0x00000001747df380 x21=0x0000000105924fb8 x22=0x00000001714b6d00 x23=0x0000000122e33470
x24=0x00000001a1a96940 x25=0x0000000000000007 x26=0x000000010048c000 x27=0x000000010591eec0
x28=0x0000000105924d00  fp=0x00000001747df340  lr=0x000000010570ad88  sp=0x00000001747df330
pc=0x00000001056dc568 cpsr=0x0000000080001000
Top of Stack: (sp=0x00000001747df330)
0x00000001747df330:   00000001747df380 0000000105978820
0x00000001747df340:   00000001747dfa20 000000010570ad88
0x00000001747df350:   00000001747e0a70 0000000130aa3ef4
0x00000001747df360:   0000000130aa3c90 0000000100000000
0x00000001747df370:   0000000000000000 00000001747e0a70
0x00000001747df380:   00000006cc930000 00000001747df63c
0x00000001747df390:   00000001747df63b 00000001747df514
0x00000001747df3a0:   0000000025401000 00000001747df63a
0x00000001747df3b0:   00000001a19d0e81 00000001747df514
0x00000001747df3c0:   00000001747df514 0000000000000001
0x00000001747df3d0:   00000001747df587 0000000000000022
0x00000001747df3e0:   00000001747df828 0000000000000000
0x00000001747df3f0:   00000001747df638 000000020c0e6728
0x00000001747df400:   000000000000003c 7f0a0001055a49dc
0x00000001747df410:   2e4018e1a7600044 00000001747df514
0x00000001747df420:   0000000000000003 00000001057a26ea
0x00000001747df430:   0000000000000005 000000000000003c
0x00000001747df440:   00000000747df6d8 ffffffffffffffff
0x00000001747df450:   00000001747df478 00000001747dfa30
0x00000001747df460:   0000000000000000 0000000125401000
0x00000001747df470:   00000001747df828 00000001747df488
0x00000001747df480:   0000000000000000 00000001057a2707
0x00000001747df490:   0000000000000010 00000001057856a4
0x00000001747df4a0:   0000000000000005 00000001747df62f
0x00000001747df4b0:   0000000000000009 00000001747df4d0
0x00000001747df4c0:   00000001747df8a0 647f0001a1999998
0x00000001747df4d0:   00000001301b0400 00000000545deb03
0x00000001747df4e0:   00000001a19cf24f 0000000000000000
0x00000001747df4f0:   0000000125401000 00000001747df7ac
0x00000001747df500:   00000001747df7ab 58000001747df684
0x00000001747df510:   000000001758aeb0 00000001747df7aa
0x00000001747df520:   00000001a19d0e81 00000001747df684 

Instructions: (pc=0x00000001056dc568)
0x00000001056dc468:   fd41b500 5e61d800 f00008e8 fd474501
0x00000001056dc478:   1e611800 fd0003e0 f0000801 910c2421
0x00000001056dc488:   aa1303e0 97fb60bb b0001248 f9419508
0x00000001056dc498:   f90003e8 f0000801 910cd821 aa1303e0
0x00000001056dc4a8:   97fb60b4 b0001248 f941a908 b0001249
0x00000001056dc4b8:   f941ad29 a90027e8 f0000801 910d7421
0x00000001056dc4c8:   aa1303e0 97fb60ab b0001248 f941b108
0x00000001056dc4d8:   d34afd08 f90003e8 f0000801 910e7421
0x00000001056dc4e8:   aa1303e0 97fb60a3 aa1403e0 a9427bfd
0x00000001056dc4f8:   a9414ff4 9100c3ff 17fb6794 a9bf7bfd
0x00000001056dc508:   910003fd d2800000 a8c17bfd d65f03c0
0x00000001056dc518:   a9bf7bfd 910003fd d2800000 a8c17bfd
0x00000001056dc528:   d65f03c0 a9be4ff4 a9017bfd 910043fd
0x00000001056dc538:   aa0103f3 b0001248 b9434d09 35000129
0x00000001056dc548:   f0000f29 d503201f f9447529 d354fd2a
0x00000001056dc558:   531f794a f144013f 1a9f2549 b9034d09
0x00000001056dc568:   b9015269 f9400268 f9404108 aa1303e0
0x00000001056dc578:   d63f0100 340000a0 aa1303e0 a9417bfd
0x00000001056dc588:   a8c24ff4 17faaca0 a9417bfd a8c24ff4
0x00000001056dc598:   d65f03c0 a9bf7bfd 910003fd b0001248
0x00000001056dc5a8:   b9434d09 35000129 f0000f29 d503201f
0x00000001056dc5b8:   f9447529 d354fd2a 531f794a f144013f
0x00000001056dc5c8:   1a9f2549 b9034d09 b9015029 a8c17bfd
0x00000001056dc5d8:   d65f03c0 a9be4ff4 a9017bfd 910043fd
0x00000001056dc5e8:   aa0103f3 aa0003f4 f9400028 f9402108
0x00000001056dc5f8:   aa0103e0 d63f0100 340000c0 f9400268
0x00000001056dc608:   f9402908 aa1303e0 d63f0100 36000080
0x00000001056dc618:   a9417bfd a8c24ff4 d65f03c0 f9400681
0x00000001056dc628:   f9400268 f9406502 aa1303e0 a9417bfd
0x00000001056dc638:   a8c24ff4 d61f0040 a9bf7bfd 910003fd
0x00000001056dc648:   f9400c01 52800020 a8c17bfd 1400bdb4
0x00000001056dc658:   a9be4ff4 a9017bfd 910043fd 39404008 


Stack slot to memory mapping:
stack at sp + 0 slots: 0x00000001747df380 is pointing into the stack for thread: 0x0000000125401000
stack at sp + 1 slots: 0x0000000105978820: _ZL23mark_activation_closure+0 in /Library/Java/JavaVirtualMachines/zulu-13.jdk/Contents/Home/lib/server/libjvm.dylib at 0x0000000105000000
stack at sp + 2 slots: 0x00000001747dfa20 is pointing into the stack for thread: 0x0000000125401000
stack at sp + 3 slots: 0x000000010570ad88: _ZN10JavaThread11nmethods_doEP15CodeBlobClosure+0x78 in /Library/Java/JavaVirtualMachines/zulu-13.jdk/Contents/Home/lib/server/libjvm.dylib at 0x0000000105000000
stack at sp + 4 slots: 0x00000001747e0a70 is pointing into the stack for thread: 0x0000000125401000
stack at sp + 5 slots: 0x0000000130aa3ef4 is at entry_point+180 in (nmethod*)0x0000000130aa3c90
stack at sp + 6 slots: 0x0000000130aa3c90 is at entry_point+-432 in (nmethod*)0x0000000130aa3c90
stack at sp + 7 slots: 0x0000000100000000 is an unknown value


---------------  P R O C E S S  ---------------

Threads class SMR info:
_java_thread_list=0x00000001166ec580, length=34, elements={
0x000000012483d800, 0x000000012483e000, 0x0000000124845000, 0x0000000124846000,
0x0000000124842000, 0x0000000113829000, 0x000000011382c000, 0x000000011382d000,
0x000000011182c800, 0x0000000123016800, 0x000000012525c800, 0x0000000123022800,
0x0000000113903000, 0x000000012534a000, 0x000000012534c800, 0x0000000124bd4000,
0x00000001231a7800, 0x0000000124bc0000, 0x0000000113a26000, 0x0000000113a22800,
0x0000000125401000, 0x0000000124bed800, 0x0000000124c0c800, 0x0000000124c0d800,
0x0000000124c0e800, 0x00000001231b7800, 0x0000000113a26800, 0x0000000113ab2800,
0x0000000113ab3800, 0x0000000113ab4800, 0x00000001231c5800, 0x0000000124bf0800,
0x0000000124bf1000, 0x00000001231b4800
}

Java Threads: ( => current thread )
  0x000000012483d800 JavaThread "Reference Handler" daemon [_thread_blocked, id=17411, stack(0x000000017096c000,0x0000000170b6f000)]
  0x000000012483e000 JavaThread "Finalizer" daemon [_thread_blocked, id=14083, stack(0x0000000170b78000,0x0000000170d7b000)]
  0x0000000124845000 JavaThread "Signal Dispatcher" daemon [_thread_blocked, id=22019, stack(0x0000000170e9c000,0x000000017109f000)]
  0x0000000124846000 JavaThread "C1 CompilerThread0" daemon [_thread_blocked, id=22787, stack(0x00000001710a8000,0x00000001712ab000)]
  0x0000000124842000 JavaThread "Sweeper thread" daemon [_thread_blocked, id=23555, stack(0x00000001712b4000,0x00000001714b7000)]
  0x0000000113829000 JavaThread "Common-Cleaner" daemon [_thread_blocked, id=23811, stack(0x00000001714c0000,0x00000001716c3000)]
  0x000000011382c000 JavaThread "JDWP Transport Listener: dt_socket" daemon [_thread_blocked, id=24323, stack(0x00000001716cc000,0x00000001718cf000)]
  0x000000011382d000 JavaThread "JDWP Event Helper Thread" daemon [_thread_blocked, id=42243, stack(0x00000001718d8000,0x0000000171adb000)]
  0x000000011182c800 JavaThread "JDWP Command Reader" daemon [_thread_in_native, id=25091, stack(0x0000000171ae4000,0x0000000171ce7000)]
  0x0000000123016800 JavaThread "Service Thread" daemon [_thread_blocked, id=41219, stack(0x0000000171cf0000,0x0000000171ef3000)]
  0x000000012525c800 JavaThread "RMI TCP Accept-0" daemon [_thread_in_native, id=40707, stack(0x0000000171efc000,0x00000001720ff000)]
  0x0000000123022800 JavaThread "Attach Listener" daemon [_thread_blocked, id=27147, stack(0x0000000172d50000,0x0000000172f53000)]
  0x0000000113903000 JavaThread "RMI TCP Connection(1)-127.0.0.1" daemon [_thread_in_native, id=28163, stack(0x0000000173168000,0x000000017336b000)]
  0x000000012534a000 JavaThread "Catalina-utility-1" [_thread_blocked, id=28419, stack(0x0000000173374000,0x0000000173577000)]
  0x000000012534c800 JavaThread "Catalina-utility-2" [_thread_blocked, id=37123, stack(0x0000000173580000,0x0000000173783000)]
  0x0000000124bd4000 JavaThread "container-0" [_thread_blocked, id=28931, stack(0x000000017378c000,0x000000017398f000)]
  0x00000001231a7800 JavaThread "RMI Scheduler(0)" daemon [_thread_blocked, id=36611, stack(0x0000000173998000,0x0000000173b9b000)]
  0x0000000124bc0000 JavaThread "mysql-cj-abandoned-connection-cleanup" daemon [_thread_blocked, id=30467, stack(0x0000000173fbc000,0x00000001741bf000)]
  0x0000000113a26000 JavaThread "lettuce-timer-3-1" [_thread_blocked, id=35587, stack(0x00000001741c8000,0x00000001743cb000)]
  0x0000000113a22800 JavaThread "http-nio-8080-BlockPoller" daemon [_thread_in_native, id=31747, stack(0x00000001743d4000,0x00000001745d7000)]
=>0x0000000125401000 JavaThread "http-nio-8080-exec-1" daemon [_thread_in_vm, id=32259, stack(0x00000001745e0000,0x00000001747e3000)]
  0x0000000124bed800 JavaThread "http-nio-8080-exec-2" daemon [_thread_blocked, id=32771, stack(0x00000001747ec000,0x00000001749ef000)]
  0x0000000124c0c800 JavaThread "http-nio-8080-exec-3" daemon [_thread_blocked, id=34563, stack(0x00000001749f8000,0x0000000174bfb000)]
  0x0000000124c0d800 JavaThread "http-nio-8080-exec-4" daemon [_thread_blocked, id=33539, stack(0x0000000174c04000,0x0000000174e07000)]
  0x0000000124c0e800 JavaThread "http-nio-8080-exec-5" daemon [_thread_blocked, id=43523, stack(0x0000000174e10000,0x0000000175013000)]
  0x00000001231b7800 JavaThread "http-nio-8080-exec-6" daemon [_thread_blocked, id=43779, stack(0x000000017501c000,0x000000017521f000)]
  0x0000000113a26800 JavaThread "http-nio-8080-exec-7" daemon [_thread_blocked, id=44291, stack(0x0000000175228000,0x000000017542b000)]
  0x0000000113ab2800 JavaThread "http-nio-8080-exec-8" daemon [_thread_blocked, id=44547, stack(0x0000000175434000,0x0000000175637000)]
  0x0000000113ab3800 JavaThread "http-nio-8080-exec-9" daemon [_thread_blocked, id=45315, stack(0x0000000175640000,0x0000000175843000)]
  0x0000000113ab4800 JavaThread "http-nio-8080-exec-10" daemon [_thread_blocked, id=85251, stack(0x000000017584c000,0x0000000175a4f000)]
  0x00000001231c5800 JavaThread "http-nio-8080-ClientPoller" daemon [_thread_in_native, id=45827, stack(0x0000000175a58000,0x0000000175c5b000)]
  0x0000000124bf0800 JavaThread "http-nio-8080-Acceptor" daemon [_thread_in_native, id=84227, stack(0x0000000175c64000,0x0000000175e67000)]
  0x0000000124bf1000 JavaThread "DestroyJavaVM" [_thread_blocked, id=9731, stack(0x000000016fb18000,0x000000016fd1b000)]
  0x00000001231b4800 JavaThread "RMI TCP Connection(2)-127.0.0.1" daemon [_thread_in_native, id=83719, stack(0x0000000175e70000,0x0000000176073000)]

Other Threads:
  0x00000001250de000 VMThread "VM Thread" [stack: 0x0000000170760000,0x0000000170963000] [id=17923] _threads_hazard_ptr=0x00000001166ec580
  0x0000000123017800 WatcherThread [stack: 0x0000000172108000,0x000000017230b000] [id=40195]
  0x000000012483c800 GCTaskThread "GC Thread#0" [stack: 0x000000016fd24000,0x000000016ff27000] [id=20739]
  0x0000000123123000 GCTaskThread "GC Thread#1" [stack: 0x0000000172314000,0x0000000172517000] [id=39683]
  0x0000000111809800 GCTaskThread "GC Thread#2" [stack: 0x0000000172520000,0x0000000172723000] [id=25603]
  0x0000000123833800 GCTaskThread "GC Thread#3" [stack: 0x000000017272c000,0x000000017292f000] [id=26115]
  0x0000000123834800 GCTaskThread "GC Thread#4" [stack: 0x0000000172938000,0x0000000172b3b000] [id=26371]
  0x0000000123820800 GCTaskThread "GC Thread#5" [stack: 0x0000000172b44000,0x0000000172d47000] [id=26883]
  0x0000000113a03800 GCTaskThread "GC Thread#6" [stack: 0x0000000173ba4000,0x0000000173da7000] [id=35847]
  0x00000001139f1000 GCTaskThread "GC Thread#7" [stack: 0x0000000173db0000,0x0000000173fb3000] [id=36103]
  0x000000012381f000 ConcurrentGCThread "G1 Main Marker" [stack: 0x000000016ff30000,0x0000000170133000] [id=20483]
  0x000000012500b000 ConcurrentGCThread "G1 Conc#0" [stack: 0x000000017013c000,0x000000017033f000] [id=19715]
  0x0000000113902800 ConcurrentGCThread "G1 Conc#1" [stack: 0x0000000172f5c000,0x000000017315f000] [id=27651]
  0x00000001250b6800 ConcurrentGCThread "G1 Refine#0" [stack: 0x0000000170348000,0x000000017054b000] [id=12291]
  0x00000001250b7000 ConcurrentGCThread "G1 Young RemSet Sampling" [stack: 0x0000000170554000,0x0000000170757000] [id=19203]

Threads with active compile tasks:

VM state:not at safepoint (normal execution)

VM Mutex/Monitor currently owned by a thread: None

Heap address: 0x00000006c0000000, size: 4096 MB, Compressed Oops mode: Zero based, Oop shift amount: 3
Narrow klass base: 0x0000000800000000, Narrow klass shift: 0
Compressed class space size: 1073741824 Address: 0x0000000800000000

Heap:
 garbage-first heap   total 92160K, used 25236K [0x00000006c0000000, 0x00000007c0000000)
  region size 1024K, 11 young (11264K), 6 survivors (6144K)
 Metaspace       used 45741K, capacity 47318K, committed 47472K, reserved 1091584K
  class space    used 5725K, capacity 6323K, committed 6336K, reserved 1048576K
Heap Regions: E=young(eden), S=young(survivor), O=old, HS=humongous(starts), HC=humongous(continues), CS=collection set, F=free, A=archive, TAMS=top-at-mark-start (previous, next)
|   0|0x00000006c0000000, 0x00000006c0100000, 0x00000006c0100000|100%|HS|  |TAMS 0x00000006c0100000, 0x00000006c0000000| Complete 
|   1|0x00000006c0100000, 0x00000006c0200000, 0x00000006c0200000|100%|HC|  |TAMS 0x00000006c0200000, 0x00000006c0100000| Complete 
|   2|0x00000006c0200000, 0x00000006c0300000, 0x00000006c0300000|100%| O|  |TAMS 0x00000006c0300000, 0x00000006c0200000| Untracked 
|   3|0x00000006c0300000, 0x00000006c0400000, 0x00000006c0400000|100%| O|  |TAMS 0x00000006c0400000, 0x00000006c0300000| Untracked 
|   4|0x00000006c0400000, 0x00000006c0500000, 0x00000006c0500000|100%| O|  |TAMS 0x00000006c0500000, 0x00000006c0400000| Untracked 
|   5|0x00000006c0500000, 0x00000006c05a0a00, 0x00000006c0600000| 62%| O|  |TAMS 0x00000006c05a0a00, 0x00000006c0500000| Untracked 
|   6|0x00000006c0600000, 0x00000006c0700000, 0x00000006c0700000|100%| O|  |TAMS 0x00000006c0700000, 0x00000006c0600000| Untracked 
|   7|0x00000006c0700000, 0x00000006c0800000, 0x00000006c0800000|100%| O|  |TAMS 0x00000006c0800000, 0x00000006c0700000| Untracked 
|   8|0x00000006c0800000, 0x00000006c0900000, 0x00000006c0900000|100%| O|  |TAMS 0x00000006c0900000, 0x00000006c0800000| Untracked 
|   9|0x00000006c0900000, 0x00000006c092b400, 0x00000006c0a00000| 16%| O|  |TAMS 0x00000006c092b400, 0x00000006c0900000| Untracked 
|  10|0x00000006c0a00000, 0x00000006c0b00000, 0x00000006c0b00000|100%| O|  |TAMS 0x00000006c0a00000, 0x00000006c0a00000| Untracked 
|  11|0x00000006c0b00000, 0x00000006c0c00000, 0x00000006c0c00000|100%| O|  |TAMS 0x00000006c0b00000, 0x00000006c0b00000| Untracked 
|  12|0x00000006c0c00000, 0x00000006c0d00000, 0x00000006c0d00000|100%| O|  |TAMS 0x00000006c0c00000, 0x00000006c0c00000| Untracked 
|  13|0x00000006c0d00000, 0x00000006c0e00000, 0x00000006c0e00000|100%| O|  |TAMS 0x00000006c0d00000, 0x00000006c0d00000| Untracked 
|  14|0x00000006c0e00000, 0x00000006c0e83c00, 0x00000006c0f00000| 51%| O|  |TAMS 0x00000006c0e00000, 0x00000006c0e00000| Untracked 
|  15|0x00000006c0f00000, 0x00000006c0f00000, 0x00000006c1000000|  0%| F|  |TAMS 0x00000006c0f00000, 0x00000006c0f00000| Untracked 
|  16|0x00000006c1000000, 0x00000006c1000000, 0x00000006c1100000|  0%| F|  |TAMS 0x00000006c1000000, 0x00000006c1000000| Untracked 
|  17|0x00000006c1100000, 0x00000006c1100000, 0x00000006c1200000|  0%| F|  |TAMS 0x00000006c1100000, 0x00000006c1100000| Untracked 
|  18|0x00000006c1200000, 0x00000006c1200000, 0x00000006c1300000|  0%| F|  |TAMS 0x00000006c1200000, 0x00000006c1200000| Untracked 
|  19|0x00000006c1300000, 0x00000006c1300000, 0x00000006c1400000|  0%| F|  |TAMS 0x00000006c1300000, 0x00000006c1300000| Untracked 
|  20|0x00000006c1400000, 0x00000006c1400000, 0x00000006c1500000|  0%| F|  |TAMS 0x00000006c1400000, 0x00000006c1400000| Untracked 
|  21|0x00000006c1500000, 0x00000006c15558f0, 0x00000006c1600000| 33%| S|CS|TAMS 0x00000006c1500000, 0x00000006c1500000| Complete 
|  22|0x00000006c1600000, 0x00000006c1700000, 0x00000006c1700000|100%| S|CS|TAMS 0x00000006c1600000, 0x00000006c1600000| Complete 
|  23|0x00000006c1700000, 0x00000006c1800000, 0x00000006c1800000|100%| S|CS|TAMS 0x00000006c1700000, 0x00000006c1700000| Complete 
|  24|0x00000006c1800000, 0x00000006c1900000, 0x00000006c1900000|100%| S|CS|TAMS 0x00000006c1800000, 0x00000006c1800000| Complete 
|  25|0x00000006c1900000, 0x00000006c1a00000, 0x00000006c1a00000|100%| S|CS|TAMS 0x00000006c1900000, 0x00000006c1900000| Complete 
|  26|0x00000006c1a00000, 0x00000006c1b00000, 0x00000006c1b00000|100%| S|CS|TAMS 0x00000006c1a00000, 0x00000006c1a00000| Complete 
|  27|0x00000006c1b00000, 0x00000006c1b00000, 0x00000006c1c00000|  0%| F|  |TAMS 0x00000006c1b00000, 0x00000006c1b00000| Untracked 
|  28|0x00000006c1c00000, 0x00000006c1c00000, 0x00000006c1d00000|  0%| F|  |TAMS 0x00000006c1c00000, 0x00000006c1c00000| Untracked 
|  29|0x00000006c1d00000, 0x00000006c1d00000, 0x00000006c1e00000|  0%| F|  |TAMS 0x00000006c1d00000, 0x00000006c1d00000| Untracked 
|  30|0x00000006c1e00000, 0x00000006c1e00000, 0x00000006c1f00000|  0%| F|  |TAMS 0x00000006c1e00000, 0x00000006c1e00000| Untracked 
|  31|0x00000006c1f00000, 0x00000006c1f00000, 0x00000006c2000000|  0%| F|  |TAMS 0x00000006c1f00000, 0x00000006c1f00000| Untracked 
|  32|0x00000006c2000000, 0x00000006c2000000, 0x00000006c2100000|  0%| F|  |TAMS 0x00000006c2000000, 0x00000006c2000000| Untracked 
|  33|0x00000006c2100000, 0x00000006c2100000, 0x00000006c2200000|  0%| F|  |TAMS 0x00000006c2100000, 0x00000006c2100000| Untracked 
|  34|0x00000006c2200000, 0x00000006c2200000, 0x00000006c2300000|  0%| F|  |TAMS 0x00000006c2200000, 0x00000006c2200000| Untracked 
|  35|0x00000006c2300000, 0x00000006c2300000, 0x00000006c2400000|  0%| F|  |TAMS 0x00000006c2300000, 0x00000006c2300000| Untracked 
|  36|0x00000006c2400000, 0x00000006c2400000, 0x00000006c2500000|  0%| F|  |TAMS 0x00000006c2400000, 0x00000006c2400000| Untracked 
|  37|0x00000006c2500000, 0x00000006c2500000, 0x00000006c2600000|  0%| F|  |TAMS 0x00000006c2500000, 0x00000006c2500000| Untracked 
|  38|0x00000006c2600000, 0x00000006c2600000, 0x00000006c2700000|  0%| F|  |TAMS 0x00000006c2600000, 0x00000006c2600000| Untracked 
|  39|0x00000006c2700000, 0x00000006c2700000, 0x00000006c2800000|  0%| F|  |TAMS 0x00000006c2700000, 0x00000006c2700000| Untracked 
|  40|0x00000006c2800000, 0x00000006c2900000, 0x00000006c2900000|100%| O|  |TAMS 0x00000006c2900000, 0x00000006c2800000| Untracked 
|  41|0x00000006c2900000, 0x00000006c2a00000, 0x00000006c2a00000|100%| O|  |TAMS 0x00000006c2a00000, 0x00000006c2900000| Untracked 
|  42|0x00000006c2a00000, 0x00000006c2b00000, 0x00000006c2b00000|100%| O|  |TAMS 0x00000006c2b00000, 0x00000006c2a00000| Untracked 
|  43|0x00000006c2b00000, 0x00000006c2b00000, 0x00000006c2c00000|  0%| F|  |TAMS 0x00000006c2b00000, 0x00000006c2b00000| Untracked 
|  44|0x00000006c2c00000, 0x00000006c2c00000, 0x00000006c2d00000|  0%| F|  |TAMS 0x00000006c2c00000, 0x00000006c2c00000| Untracked 
|  45|0x00000006c2d00000, 0x00000006c2d00000, 0x00000006c2e00000|  0%| F|  |TAMS 0x00000006c2d00000, 0x00000006c2d00000| Untracked 
|  46|0x00000006c2e00000, 0x00000006c2e00000, 0x00000006c2f00000|  0%| F|  |TAMS 0x00000006c2e00000, 0x00000006c2e00000| Untracked 
|  47|0x00000006c2f00000, 0x00000006c2f00000, 0x00000006c3000000|  0%| F|  |TAMS 0x00000006c2f00000, 0x00000006c2f00000| Untracked 
|  48|0x00000006c3000000, 0x00000006c3000000, 0x00000006c3100000|  0%| F|  |TAMS 0x00000006c3000000, 0x00000006c3000000| Untracked 
|  49|0x00000006c3100000, 0x00000006c3100000, 0x00000006c3200000|  0%| F|  |TAMS 0x00000006c3100000, 0x00000006c3100000| Untracked 
|  50|0x00000006c3200000, 0x00000006c3200000, 0x00000006c3300000|  0%| F|  |TAMS 0x00000006c3200000, 0x00000006c3200000| Untracked 
|  51|0x00000006c3300000, 0x00000006c3300000, 0x00000006c3400000|  0%| F|  |TAMS 0x00000006c3300000, 0x00000006c3300000| Untracked 
|  52|0x00000006c3400000, 0x00000006c3400000, 0x00000006c3500000|  0%| F|  |TAMS 0x00000006c3400000, 0x00000006c3400000| Untracked 
|  53|0x00000006c3500000, 0x00000006c3500000, 0x00000006c3600000|  0%| F|  |TAMS 0x00000006c3500000, 0x00000006c3500000| Untracked 
|  54|0x00000006c3600000, 0x00000006c3600000, 0x00000006c3700000|  0%| F|  |TAMS 0x00000006c3600000, 0x00000006c3600000| Untracked 
|  55|0x00000006c3700000, 0x00000006c3700000, 0x00000006c3800000|  0%| F|  |TAMS 0x00000006c3700000, 0x00000006c3700000| Untracked 
|  56|0x00000006c3800000, 0x00000006c3800000, 0x00000006c3900000|  0%| F|  |TAMS 0x00000006c3800000, 0x00000006c3800000| Untracked 
|  57|0x00000006c3900000, 0x00000006c3900000, 0x00000006c3a00000|  0%| F|  |TAMS 0x00000006c3900000, 0x00000006c3900000| Untracked 
|  58|0x00000006c3a00000, 0x00000006c3a00000, 0x00000006c3b00000|  0%| F|  |TAMS 0x00000006c3a00000, 0x00000006c3a00000| Untracked 
|  59|0x00000006c3b00000, 0x00000006c3b00000, 0x00000006c3c00000|  0%| F|  |TAMS 0x00000006c3b00000, 0x00000006c3b00000| Untracked 
|  60|0x00000006c3c00000, 0x00000006c3c00000, 0x00000006c3d00000|  0%| F|  |TAMS 0x00000006c3c00000, 0x00000006c3c00000| Untracked 
|  61|0x00000006c3d00000, 0x00000006c3d00000, 0x00000006c3e00000|  0%| F|  |TAMS 0x00000006c3d00000, 0x00000006c3d00000| Untracked 
|  62|0x00000006c3e00000, 0x00000006c3e00000, 0x00000006c3f00000|  0%| F|  |TAMS 0x00000006c3e00000, 0x00000006c3e00000| Untracked 
|  63|0x00000006c3f00000, 0x00000006c3f00000, 0x00000006c4000000|  0%| F|  |TAMS 0x00000006c3f00000, 0x00000006c3f00000| Untracked 
|  64|0x00000006c4000000, 0x00000006c4000000, 0x00000006c4100000|  0%| F|  |TAMS 0x00000006c4000000, 0x00000006c4000000| Untracked 
|  65|0x00000006c4100000, 0x00000006c4100000, 0x00000006c4200000|  0%| F|  |TAMS 0x00000006c4100000, 0x00000006c4100000| Untracked 
|  66|0x00000006c4200000, 0x00000006c4200000, 0x00000006c4300000|  0%| F|  |TAMS 0x00000006c4200000, 0x00000006c4200000| Untracked 
|  67|0x00000006c4300000, 0x00000006c4300000, 0x00000006c4400000|  0%| F|  |TAMS 0x00000006c4300000, 0x00000006c4300000| Untracked 
|  68|0x00000006c4400000, 0x00000006c4400000, 0x00000006c4500000|  0%| F|  |TAMS 0x00000006c4400000, 0x00000006c4400000| Untracked 
|  69|0x00000006c4500000, 0x00000006c4500000, 0x00000006c4600000|  0%| F|  |TAMS 0x00000006c4500000, 0x00000006c4500000| Untracked 
|  70|0x00000006c4600000, 0x00000006c4600000, 0x00000006c4700000|  0%| F|  |TAMS 0x00000006c4600000, 0x00000006c4600000| Untracked 
|  71|0x00000006c4700000, 0x00000006c4700000, 0x00000006c4800000|  0%| F|  |TAMS 0x00000006c4700000, 0x00000006c4700000| Untracked 
|  72|0x00000006c4800000, 0x00000006c4800000, 0x00000006c4900000|  0%| F|  |TAMS 0x00000006c4800000, 0x00000006c4800000| Untracked 
|  73|0x00000006c4900000, 0x00000006c4900000, 0x00000006c4a00000|  0%| F|  |TAMS 0x00000006c4900000, 0x00000006c4900000| Untracked 
|  74|0x00000006c4a00000, 0x00000006c4a00000, 0x00000006c4b00000|  0%| F|  |TAMS 0x00000006c4a00000, 0x00000006c4a00000| Untracked 
|  75|0x00000006c4b00000, 0x00000006c4b00000, 0x00000006c4c00000|  0%| F|  |TAMS 0x00000006c4b00000, 0x00000006c4b00000| Untracked 
|  76|0x00000006c4c00000, 0x00000006c4c00000, 0x00000006c4d00000|  0%| F|  |TAMS 0x00000006c4c00000, 0x00000006c4c00000| Untracked 
|  77|0x00000006c4d00000, 0x00000006c4d00000, 0x00000006c4e00000|  0%| F|  |TAMS 0x00000006c4d00000, 0x00000006c4d00000| Untracked 
|  78|0x00000006c4e00000, 0x00000006c4e00000, 0x00000006c4f00000|  0%| F|  |TAMS 0x00000006c4e00000, 0x00000006c4e00000| Untracked 
|  79|0x00000006c4f00000, 0x00000006c4f00000, 0x00000006c5000000|  0%| F|  |TAMS 0x00000006c4f00000, 0x00000006c4f00000| Untracked 
|  80|0x00000006c5000000, 0x00000006c5000000, 0x00000006c5100000|  0%| F|  |TAMS 0x00000006c5000000, 0x00000006c5000000| Untracked 
|  81|0x00000006c5100000, 0x00000006c5100000, 0x00000006c5200000|  0%| F|  |TAMS 0x00000006c5100000, 0x00000006c5100000| Untracked 
|  82|0x00000006c5200000, 0x00000006c5200000, 0x00000006c5300000|  0%| F|  |TAMS 0x00000006c5200000, 0x00000006c5200000| Untracked 
| 145|0x00000006c9100000, 0x00000006c9100000, 0x00000006c9200000|  0%| F|  |TAMS 0x00000006c9100000, 0x00000006c9100000| Untracked 
| 146|0x00000006c9200000, 0x00000006c9200000, 0x00000006c9300000|  0%| F|  |TAMS 0x00000006c9200000, 0x00000006c9200000| Untracked 
| 201|0x00000006cc900000, 0x00000006cc98c5c8, 0x00000006cca00000| 54%| E|  |TAMS 0x00000006cc900000, 0x00000006cc900000| Complete 
| 202|0x00000006cca00000, 0x00000006ccb00000, 0x00000006ccb00000|100%| E|CS|TAMS 0x00000006cca00000, 0x00000006cca00000| Complete 
| 203|0x00000006ccb00000, 0x00000006ccc00000, 0x00000006ccc00000|100%| E|CS|TAMS 0x00000006ccb00000, 0x00000006ccb00000| Complete 
| 204|0x00000006ccc00000, 0x00000006ccd00000, 0x00000006ccd00000|100%| E|CS|TAMS 0x00000006ccc00000, 0x00000006ccc00000| Complete 
| 255|0x00000006cff00000, 0x00000006d0000000, 0x00000006d0000000|100%| E|  |TAMS 0x00000006cff00000, 0x00000006cff00000| Complete 

Card table byte_map: [0x000000010de88000,0x000000010e688000] _byte_map_base: 0x000000010a888000

Marking Bits (Prev, Next): (CMBitMap*) 0x000000012380e818, (CMBitMap*) 0x000000012380e858
 Prev Bits: [0x0000000148000000, 0x000000014c000000)
 Next Bits: [0x000000014c000000, 0x0000000150000000)

Polling page: 0x0000000100450000

Metaspace:

Usage:
  Non-class:     40.03 MB capacity,    39.08 MB ( 98%) used,   807.23 KB (  2%) free+waste,   172.50 KB ( <1%) overhead. 
      Class:      6.17 MB capacity,     5.59 MB ( 91%) used,   509.70 KB (  8%) free+waste,    87.56 KB (  1%) overhead. 
       Both:     46.21 MB capacity,    44.67 MB ( 97%) used,     1.29 MB (  3%) free+waste,   260.06 KB ( <1%) overhead. 

Virtual space:
  Non-class space:       42.00 MB reserved,      40.17 MB ( 96%) committed 
      Class space:        1.00 GB reserved,       6.19 MB ( <1%) committed 
             Both:        1.04 GB reserved,      46.36 MB (  4%) committed 

Chunk freelists:
   Non-Class:  13.00 KB
       Class:  13.00 KB
        Both:  26.00 KB

MaxMetaspaceSize: unlimited
CompressedClassSpaceSize: 1.00 GB

CodeHeap 'non-profiled nmethods': size=238384Kb used=7784Kb max_used=7810Kb free=230600Kb
 bounds [0x0000000130734000, 0x0000000130ee4000, 0x000000013f000000]
CodeHeap 'non-nmethods': size=7376Kb used=1729Kb max_used=1729Kb free=5646Kb
 bounds [0x0000000130000000, 0x0000000130270000, 0x0000000130734000]
 total_blobs=4593 nmethods=4084 adapters=447
 compilation: enabled
              stopped_count=0, restarted_count=0
 full_count=0

Compilation events (20 events):
Event: 12.596 Thread 0x0000000124846000 4234       1       sun.util.calendar.AbstractCalendar::getDayOfWeekDateOnOrBefore (31 bytes)
Event: 12.597 Thread 0x0000000124846000 nmethod 4234 0x00000001307f0390 code [0x00000001307f0500, 0x00000001307f0690]
Event: 12.602 Thread 0x0000000124846000 4235 %     1       java.util.Properties$LineReader::readLine @ 293 (584 bytes)
Event: 12.604 Thread 0x0000000124846000 nmethod 4235% 0x0000000130881b90 code [0x0000000130881e40, 0x0000000130883010]
Event: 12.605 Thread 0x0000000124846000 4237       1       java.text.SimpleDateFormat::subFormat (1264 bytes)
Event: 12.607 Thread 0x0000000124846000 nmethod 4237 0x0000000130ed4910 code [0x0000000130ed5080, 0x0000000130ed8ba0]
Event: 12.607 Thread 0x0000000124846000 4241       1       org.springframework.core.OrderComparator::findOrder (24 bytes)
Event: 12.607 Thread 0x0000000124846000 nmethod 4241 0x000000013074b510 code [0x000000013074b6c0, 0x000000013074ba00]
Event: 12.607 Thread 0x0000000124846000 4242       1       ch.qos.logback.core.pattern.LiteralConverter::convert (5 bytes)
Event: 12.607 Thread 0x0000000124846000 nmethod 4242 0x00000001308c8d90 code [0x00000001308c8f00, 0x00000001308c9050]
Event: 12.607 Thread 0x0000000124846000 4238       1       java.util.Calendar::getDisplayName (165 bytes)
Event: 12.607 Thread 0x0000000124846000 nmethod 4238 0x000000013079df10 code [0x000000013079e140, 0x000000013079e700]
Event: 12.607 Thread 0x0000000124846000 4239       1       java.util.Calendar::checkDisplayNameParams (67 bytes)
Event: 12.607 Thread 0x0000000124846000 nmethod 4239 0x00000001308f7090 code [0x00000001308f7240, 0x00000001308f7530]
Event: 12.607 Thread 0x0000000124846000 4240   !   1       java.text.SimpleDateFormat::zeroPaddingNumber (270 bytes)
Event: 12.608 Thread 0x0000000124846000 nmethod 4240 0x000000013087f510 code [0x000000013087f840, 0x0000000130881170]
Event: 12.608 Thread 0x0000000124846000 4243       1       ch.qos.logback.core.pattern.Converter::write (11 bytes)
Event: 12.608 Thread 0x0000000124846000 nmethod 4243 0x0000000130990810 code [0x00000001309909c0, 0x0000000130990bb0]
Event: 12.611 Thread 0x0000000124846000 4244   !   1       com.sun.proxy.$Proxy13::attribute (29 bytes)
Event: 12.611 Thread 0x0000000124846000 nmethod 4244 0x0000000130838710 code [0x00000001308388c0, 0x0000000130838b70]

GC Heap History (18 events):
Event: 0.428 GC heap before
{Heap before GC invocations=0 (full 0):
 garbage-first heap   total 262144K, used 25600K [0x00000006c0000000, 0x00000007c0000000)
  region size 1024K, 24 young (24576K), 0 survivors (0K)
 Metaspace       used 13165K, capacity 13483K, committed 13824K, reserved 1060864K
  class space    used 1360K, capacity 1466K, committed 1536K, reserved 1048576K
}
Event: 0.432 GC heap after
{Heap after GC invocations=1 (full 0):
 garbage-first heap   total 262144K, used 8834K [0x00000006c0000000, 0x00000007c0000000)
  region size 1024K, 3 young (3072K), 3 survivors (3072K)
 Metaspace       used 13165K, capacity 13483K, committed 13824K, reserved 1060864K
  class space    used 1360K, capacity 1466K, committed 1536K, reserved 1048576K
}
Event: 0.654 GC heap before
{Heap before GC invocations=1 (full 0):
 garbage-first heap   total 262144K, used 54914K [0x00000006c0000000, 0x00000007c0000000)
  region size 1024K, 49 young (50176K), 3 survivors (3072K)
 Metaspace       used 20488K, capacity 21087K, committed 21248K, reserved 1069056K
  class space    used 2353K, capacity 2551K, committed 2560K, reserved 1048576K
}
Event: 0.657 GC heap after
{Heap after GC invocations=2 (full 0):
 garbage-first heap   total 262144K, used 11125K [0x00000006c0000000, 0x00000007c0000000)
  region size 1024K, 6 young (6144K), 6 survivors (6144K)
 Metaspace       used 20488K, capacity 21087K, committed 21248K, reserved 1069056K
  class space    used 2353K, capacity 2551K, committed 2560K, reserved 1048576K
}
Event: 0.771 GC heap before
{Heap before GC invocations=3 (full 0):
 garbage-first heap   total 48128K, used 45941K [0x00000006c0000000, 0x00000007c0000000)
  region size 1024K, 41 young (41984K), 6 survivors (6144K)
 Metaspace       used 24127K, capacity 24775K, committed 24960K, reserved 1071104K
  class space    used 2835K, capacity 3102K, committed 3200K, reserved 1048576K
}
Event: 0.775 GC heap after
{Heap after GC invocations=4 (full 0):
 garbage-first heap   total 55296K, used 12755K [0x00000006c0000000, 0x00000007c0000000)
  region size 1024K, 4 young (4096K), 4 survivors (4096K)
 Metaspace       used 24127K, capacity 24775K, committed 24960K, reserved 1071104K
  class space    used 2835K, capacity 3102K, committed 3200K, reserved 1048576K
}
Event: 0.876 GC heap before
{Heap before GC invocations=4 (full 0):
 garbage-first heap   total 55296K, used 36307K [0x00000006c0000000, 0x00000007c0000000)
  region size 1024K, 27 young (27648K), 4 survivors (4096K)
 Metaspace       used 25452K, capacity 26241K, committed 26496K, reserved 1073152K
  class space    used 3039K, capacity 3335K, committed 3456K, reserved 1048576K
}
Event: 0.878 GC heap after
{Heap after GC invocations=5 (full 0):
 garbage-first heap   total 55296K, used 13058K [0x00000006c0000000, 0x00000007c0000000)
  region size 1024K, 3 young (3072K), 3 survivors (3072K)
 Metaspace       used 25452K, capacity 26241K, committed 26496K, reserved 1073152K
  class space    used 3039K, capacity 3335K, committed 3456K, reserved 1048576K
}
Event: 0.996 GC heap before
{Heap before GC invocations=5 (full 0):
 garbage-first heap   total 55296K, used 37634K [0x00000006c0000000, 0x00000007c0000000)
  region size 1024K, 27 young (27648K), 3 survivors (3072K)
 Metaspace       used 27862K, capacity 28741K, committed 28928K, reserved 1075200K
  class space    used 3372K, capacity 3718K, committed 3840K, reserved 1048576K
}
Event: 0.999 GC heap after
{Heap after GC invocations=6 (full 0):
 garbage-first heap   total 158720K, used 14066K [0x00000006c0000000, 0x00000007c0000000)
  region size 1024K, 2 young (2048K), 2 survivors (2048K)
 Metaspace       used 27862K, capacity 28741K, committed 28928K, reserved 1075200K
  class space    used 3372K, capacity 3718K, committed 3840K, reserved 1048576K
}
Event: 1.255 GC heap before
{Heap before GC invocations=6 (full 0):
 garbage-first heap   total 158720K, used 87794K [0x00000006c0000000, 0x00000007c0000000)
  region size 1024K, 74 young (75776K), 2 survivors (2048K)
 Metaspace       used 34178K, capacity 35309K, committed 35456K, reserved 1079296K
  class space    used 4214K, capacity 4688K, committed 4736K, reserved 1048576K
}
Event: 1.258 GC heap after
{Heap after GC invocations=7 (full 0):
 garbage-first heap   total 158720K, used 17402K [0x00000006c0000000, 0x00000007c0000000)
  region size 1024K, 6 young (6144K), 6 survivors (6144K)
 Metaspace       used 34178K, capacity 35309K, committed 35456K, reserved 1079296K
  class space    used 4214K, capacity 4688K, committed 4736K, reserved 1048576K
}
Event: 1.274 GC heap before
{Heap before GC invocations=7 (full 0):
 garbage-first heap   total 158720K, used 20474K [0x00000006c0000000, 0x00000007c0000000)
  region size 1024K, 10 young (10240K), 6 survivors (6144K)
 Metaspace       used 34468K, capacity 35553K, committed 35632K, reserved 1081344K
  class space    used 4255K, capacity 4726K, committed 4736K, reserved 1048576K
}
Event: 1.277 GC heap after
{Heap after GC invocations=8 (full 0):
 garbage-first heap   total 158720K, used 17627K [0x00000006c0000000, 0x00000007c0000000)
  region size 1024K, 6 young (6144K), 6 survivors (6144K)
 Metaspace       used 34468K, capacity 35553K, committed 35632K, reserved 1081344K
  class space    used 4255K, capacity 4726K, committed 4736K, reserved 1048576K
}
Event: 1.498 GC heap before
{Heap before GC invocations=9 (full 0):
 garbage-first heap   total 68608K, used 66779K [0x00000006c0000000, 0x00000007c0000000)
  region size 1024K, 54 young (55296K), 6 survivors (6144K)
 Metaspace       used 40562K, capacity 41838K, committed 41968K, reserved 1085440K
  class space    used 5071K, capacity 5605K, committed 5696K, reserved 1048576K
}
Event: 1.502 GC heap after
{Heap after GC invocations=10 (full 0):
 garbage-first heap   total 76800K, used 20237K [0x00000006c0000000, 0x00000007c0000000)
  region size 1024K, 8 young (8192K), 8 survivors (8192K)
 Metaspace       used 40562K, capacity 41838K, committed 41968K, reserved 1085440K
  class space    used 5071K, capacity 5605K, committed 5696K, reserved 1048576K
}
Event: 12.586 GC heap before
{Heap before GC invocations=10 (full 0):
 garbage-first heap   total 76800K, used 57101K [0x00000006c0000000, 0x00000007c0000000)
  region size 1024K, 45 young (46080K), 8 survivors (8192K)
 Metaspace       used 44982K, capacity 46520K, committed 46704K, reserved 1089536K
  class space    used 5643K, capacity 6249K, committed 6336K, reserved 1048576K
}
Event: 12.591 GC heap after
{Heap after GC invocations=11 (full 0):
 garbage-first heap   total 92160K, used 22164K [0x00000006c0000000, 0x00000007c0000000)
  region size 1024K, 6 young (6144K), 6 survivors (6144K)
 Metaspace       used 44982K, capacity 46520K, committed 46704K, reserved 1089536K
  class space    used 5643K, capacity 6249K, committed 6336K, reserved 1048576K
}

Deoptimization events (20 events):
Event: 12.603 Thread 0x0000000125401000 DEOPT PACKING pc=0x00000001308e8924 sp=0x00000001747e0f90
Event: 12.603 Thread 0x0000000125401000 DEOPT UNPACKING pc=0x00000001300af47c sp=0x00000001747e0d30 mode 1
Event: 12.603 Thread 0x0000000125401000 DEOPT PACKING pc=0x000000013090473c sp=0x00000001747e1060
Event: 12.603 Thread 0x0000000125401000 DEOPT UNPACKING pc=0x00000001300af47c sp=0x00000001747e0e20 mode 1
Event: 12.603 Thread 0x0000000125401000 DEOPT PACKING pc=0x0000000130d24880 sp=0x00000001747e10b0
Event: 12.603 Thread 0x0000000125401000 DEOPT UNPACKING pc=0x00000001300af47c sp=0x00000001747e1090 mode 1
Event: 12.607 Thread 0x0000000125401000 DEOPT PACKING pc=0x00000001308e8924 sp=0x00000001747e05e0
Event: 12.607 Thread 0x0000000125401000 DEOPT UNPACKING pc=0x00000001300af47c sp=0x00000001747e0380 mode 1
Event: 12.607 Thread 0x0000000125401000 DEOPT PACKING pc=0x000000013090473c sp=0x00000001747e06b0
Event: 12.607 Thread 0x0000000125401000 DEOPT UNPACKING pc=0x00000001300af47c sp=0x00000001747e0480 mode 1
Event: 12.607 Thread 0x0000000125401000 DEOPT PACKING pc=0x0000000130879dcc sp=0x00000001747e0e50
Event: 12.607 Thread 0x0000000125401000 DEOPT UNPACKING pc=0x00000001300af47c sp=0x00000001747e0c30 mode 1
Event: 12.607 Thread 0x0000000125401000 DEOPT PACKING pc=0x0000000130ad7ce8 sp=0x00000001747e0ef0
Event: 12.607 Thread 0x0000000125401000 DEOPT UNPACKING pc=0x00000001300af47c sp=0x00000001747e0d90 mode 1
Event: 12.607 Thread 0x0000000125401000 DEOPT PACKING pc=0x00000001308e8924 sp=0x00000001747e0670
Event: 12.607 Thread 0x0000000125401000 DEOPT UNPACKING pc=0x00000001300af47c sp=0x00000001747e0410 mode 1
Event: 12.607 Thread 0x0000000125401000 DEOPT PACKING pc=0x000000013090473c sp=0x00000001747e0740
Event: 12.607 Thread 0x0000000125401000 DEOPT UNPACKING pc=0x00000001300af47c sp=0x00000001747e0510 mode 1
Event: 12.607 Thread 0x0000000125401000 DEOPT PACKING pc=0x0000000130879dcc sp=0x00000001747e0ee0
Event: 12.607 Thread 0x0000000125401000 DEOPT UNPACKING pc=0x00000001300af47c sp=0x00000001747e0cd0 mode 1

Classes unloaded (0 events):
No events

Classes redefined (0 events):
No events

Internal exceptions (20 events):
Event: 1.599 Thread 0x0000000114008800 Exception <a 'java/lang/ClassNotFoundException'{0x00000006c31ffb20}: org/springframework/data/convert/EntityConverterCustomizer> (0x00000006c31ffb20) 
thrown [src/hotspot/share/classfile/systemDictionary.cpp, line 232]
Event: 1.600 Thread 0x0000000114008800 Exception <a 'java/lang/ClassNotFoundException'{0x00000006c30136b0}: org/springframework/data/convert/EntityReaderCustomizer> (0x00000006c30136b0) 
thrown [src/hotspot/share/classfile/systemDictionary.cpp, line 232]
Event: 1.600 Thread 0x0000000114008800 Exception <a 'java/lang/ClassNotFoundException'{0x00000006c30270c8}: org/springframework/data/convert/EntityWriterCustomizer> (0x00000006c30270c8) 
thrown [src/hotspot/share/classfile/systemDictionary.cpp, line 232]
Event: 1.600 Thread 0x0000000114008800 Exception <a 'java/lang/ClassNotFoundException'{0x00000006c30391a8}: org/springframework/beans/factory/InitializingBeanCustomizer> (0x00000006c30391a8) 
thrown [src/hotspot/share/classfile/systemDictionary.cpp, line 232]
Event: 1.605 Thread 0x0000000114008800 Exception <a 'java/lang/ClassNotFoundException'{0x00000006c2f3f2c8}: java/lang/ObjectCustomizer> (0x00000006c2f3f2c8) 
thrown [src/hotspot/share/classfile/systemDictionary.cpp, line 232]
Event: 1.606 Thread 0x0000000114008800 Exception <a 'java/lang/ClassNotFoundException'{0x00000006c2f54e28}: org/springframework/data/keyvalue/core/AbstractKeyValueAdapterCustomizer> (0x00000006c2f54e28) 
thrown [src/hotspot/share/classfile/systemDictionary.cpp, line 232]
Event: 1.606 Thread 0x0000000114008800 Exception <a 'java/lang/ClassNotFoundException'{0x00000006c2f70c30}: org/springframework/data/redis/core/RedisKeyValueAdapterCustomizer> (0x00000006c2f70c30) 
thrown [src/hotspot/share/classfile/systemDictionary.cpp, line 232]
Event: 1.606 Thread 0x0000000114008800 Exception <a 'java/lang/ClassNotFoundException'{0x00000006c2f9f780}: org/springframework/beans/factory/InitializingBeanCustomizer> (0x00000006c2f9f780) 
thrown [src/hotspot/share/classfile/systemDictionary.cpp, line 232]
Event: 1.606 Thread 0x0000000114008800 Exception <a 'java/lang/ClassNotFoundException'{0x00000006c2fb1190}: org/springframework/context/ApplicationContextAwareCustomizer> (0x00000006c2fb1190) 
thrown [src/hotspot/share/classfile/systemDictionary.cpp, line 232]
Event: 1.607 Thread 0x0000000114008800 Exception <a 'java/lang/ClassNotFoundException'{0x00000006c2fc18f8}: org/springframework/beans/factory/AwareCustomizer> (0x00000006c2fc18f8) 
thrown [src/hotspot/share/classfile/systemDictionary.cpp, line 232]
Event: 1.607 Thread 0x0000000114008800 Exception <a 'java/lang/ClassNotFoundException'{0x00000006c2fd1ed8}: org/springframework/context/ApplicationListenerCustomizer> (0x00000006c2fd1ed8) 
thrown [src/hotspot/share/classfile/systemDictionary.cpp, line 232]
Event: 1.607 Thread 0x0000000114008800 Exception <a 'java/lang/ClassNotFoundException'{0x00000006c2fd4688}: java/util/EventListenerCustomizer> (0x00000006c2fd4688) 
thrown [src/hotspot/share/classfile/systemDictionary.cpp, line 232]
Event: 1.607 Thread 0x0000000114008800 Exception <a 'java/lang/ClassNotFoundException'{0x00000006c2fe6110}: org/springframework/data/keyvalue/core/KeyValueAdapterCustomizer> (0x00000006c2fe6110) 
thrown [src/hotspot/share/classfile/systemDictionary.cpp, line 232]
Event: 1.608 Thread 0x0000000114008800 Exception <a 'java/lang/ClassNotFoundException'{0x00000006c2e04608}: org/springframework/beans/factory/DisposableBeanCustomizer> (0x00000006c2e04608) 
thrown [src/hotspot/share/classfile/systemDictionary.cpp, line 232]
Event: 1.649 Thread 0x0000000114008800 Exception <a 'java/lang/NoSuchMethodError'{0x00000006c238ee38}: 'java.lang.Object java.lang.invoke.DirectMethodHandle$Holder.invokeSpecial(java.lang.Object, java.lang.Object, int, java.lang.Object, int, java.lang.Object)'> (0x00000006c238ee38) 
thrown [src/hotspot/share/interpreter/linkResolver.cpp, line 767]
Event: 1.649 Thread 0x0000000114008800 Exception <a 'java/lang/NoSuchMethodError'{0x00000006c23959e8}: 'java.lang.Object java.lang.invoke.DirectMethodHandle$Holder.invokeStatic(java.lang.Object, java.lang.Object, int, java.lang.Object, int)'> (0x00000006c23959e8) 
thrown [src/hotspot/share/interpreter/linkResolver.cpp, line 767]
Event: 1.649 Thread 0x0000000114008800 Exception <a 'java/lang/NoSuchMethodError'{0x00000006c2398d98}: 'java.lang.Object java.lang.invoke.DirectMethodHandle$Holder.invokeSpecial(java.lang.Object, java.lang.Object, java.lang.Object, int, java.lang.Object, int)'> (0x00000006c2398d98) 
thrown [src/hotspot/share/interpreter/linkResolver.cpp, line 767]
Event: 1.650 Thread 0x0000000114008800 Exception <a 'java/lang/NoSuchMethodError'{0x00000006c23a5770}: 'void java.lang.invoke.DirectMethodHandle$Holder.invokeVirtual(java.lang.Object, java.lang.Object)'> (0x00000006c23a5770) 
thrown [src/hotspot/share/interpreter/linkResolver.cpp, line 767]
Event: 12.564 Thread 0x0000000124bf0800 Exception <a 'java/lang/NoSuchMethodError'{0x00000006c1c6bcd0}: 'java.lang.Object java.lang.invoke.Invokers$Holder.linkToTargetMethod(java.lang.Object, int, java.lang.Object)'> (0x00000006c1c6bcd0) 
thrown [src/hotspot/share/interpreter/linkResolver.cpp, line 767]
Event: 12.611 Thread 0x0000000125401000 Exception <a 'java/lang/NoSuchMethodError'{0x00000006cca91750}: 'void java.lang.invoke.DirectMethodHandle$Holder.invokeSpecial(java.lang.Object, java.lang.Object, java.lang.Object, java.lang.Object, java.lang.Object, java.lang.Object, java.lang.Object)'> (0x00000006cca91750) 
thrown [src/hotspot/share/interpreter/linkResolver.cpp, line 767]

Events (20 events):
Event: 12.613 loading class org/springframework/web/bind/annotation/RequestHeader done
Event: 12.613 loading class org/springframework/web/bind/annotation/CookieValue
Event: 12.613 loading class org/springframework/web/bind/annotation/CookieValue done
Event: 12.613 loading class org/springframework/web/bind/annotation/SessionAttribute
Event: 12.613 loading class org/springframework/web/bind/annotation/SessionAttribute done
Event: 12.613 loading class org/springframework/web/bind/annotation/RequestAttribute
Event: 12.613 loading class org/springframework/web/bind/annotation/RequestAttribute done
Event: 12.613 loading class org/apache/tomcat/util/http/parser/MediaType
Event: 12.613 loading class org/apache/tomcat/util/http/parser/MediaType done
Event: 12.613 loading class org/apache/tomcat/util/buf/C2BConverter
Event: 12.613 loading class org/apache/tomcat/util/buf/C2BConverter done
Event: 12.614 loading class org/apache/catalina/connector/CoyoteWriter
Event: 12.614 loading class org/apache/catalina/connector/CoyoteWriter done
Event: 12.614 loading class com/alipay/api/DefaultAlipayClient
Event: 12.614 loading class com/alipay/api/DefaultAlipayClient done
Event: 12.614 loading class com/alipay/api/AbstractAlipayClient
Event: 12.614 loading class com/alipay/api/AbstractAlipayClient done
Event: 12.614 loading class com/alipay/api/AlipayClient
Event: 12.614 loading class com/alipay/api/AlipayClient done
Event: 12.615 Executing VM operation: HandshakeAllThreads


Dynamic libraries:
0x00000001ab045000 	/usr/lib/libz.1.dylib
0x0000000100398000 	/Library/Java/JavaVirtualMachines/zulu-13.jdk/Contents/Home/lib/libjli.dylib
0x00000001b5660000 	/System/Library/Frameworks/Cocoa.framework/Versions/A/Cocoa
0x00000001a38ae000 	/System/Library/Frameworks/Security.framework/Versions/A/Security
0x00000001b39b0000 	/System/Library/Frameworks/ApplicationServices.framework/Versions/A/ApplicationServices
0x00000001ab0ef000 	/usr/lib/libSystem.B.dylib
0x00000001ab0e9000 	/usr/lib/system/libcache.dylib
0x00000001ab0a8000 	/usr/lib/system/libcommonCrypto.dylib
0x00000001ab0d2000 	/usr/lib/system/libcompiler_rt.dylib
0x00000001ab0c9000 	/usr/lib/system/libcopyfile.dylib
0x00000001a1834000 	/usr/lib/system/libcorecrypto.dylib
0x00000001a18d4000 	/usr/lib/system/libdispatch.dylib
0x00000001a1a8a000 	/usr/lib/system/libdyld.dylib
0x00000001ab0df000 	/usr/lib/system/libkeymgr.dylib
0x00000001ae501000 	/usr/lib/system/liblaunch.dylib
0x00000001ab086000 	/usr/lib/system/libmacho.dylib
0x00000001aa91b000 	/usr/lib/system/libquarantine.dylib
0x00000001ab0dc000 	/usr/lib/system/libremovefile.dylib
0x00000001a62dc000 	/usr/lib/system/libsystem_asl.dylib
0x00000001a17e2000 	/usr/lib/system/libsystem_blocks.dylib
0x00000001a1954000 	/usr/lib/system/libsystem_c.dylib
0x00000001ab0d6000 	/usr/lib/system/libsystem_collections.dylib
0x00000001a9f57000 	/usr/lib/system/libsystem_configuration.dylib
0x00000001a92d4000 	/usr/lib/system/libsystem_containermanager.dylib
0x00000001aae52000 	/usr/lib/system/libsystem_coreservices.dylib
0x00000001a3e7e000 	/usr/lib/system/libsystem_darwin.dylib
0x00000001ab0e0000 	/usr/lib/system/libsystem_dnssd.dylib
0x00000001a1951000 	/usr/lib/system/libsystem_featureflags.dylib
0x00000001a1ad0000 	/usr/lib/system/libsystem_info.dylib
0x00000001ab057000 	/usr/lib/system/libsystem_m.dylib
0x00000001a18a8000 	/usr/lib/system/libsystem_malloc.dylib
0x00000001a6275000 	/usr/lib/system/libsystem_networkextension.dylib
0x00000001a42bb000 	/usr/lib/system/libsystem_notify.dylib
0x00000001b09c4000 	/usr/lib/system/libsystem_product_info_filter.dylib
0x00000001a9f5c000 	/usr/lib/system/libsystem_sandbox.dylib
0x00000001ab0d9000 	/usr/lib/system/libsystem_secinit.dylib
0x00000001a1a4b000 	/usr/lib/system/libsystem_kernel.dylib
0x00000001a1ac9000 	/usr/lib/system/libsystem_platform.dylib
0x00000001a1a7e000 	/usr/lib/system/libsystem_pthread.dylib
0x00000001a7863000 	/usr/lib/system/libsystem_symptoms.dylib
0x00000001a181c000 	/usr/lib/system/libsystem_trace.dylib
0x00000001ab0b6000 	/usr/lib/system/libunwind.dylib
0x00000001a17e4000 	/usr/lib/system/libxpc.dylib
0x00000001a1a31000 	/usr/lib/libc++abi.dylib
0x00000001a1918000 	/usr/lib/libobjc.A.dylib
0x00000001ab0c1000 	/usr/lib/liboah.dylib
0x00000001a19d5000 	/usr/lib/libc++.1.dylib
0x00000001a1afc000 	/System/Library/Frameworks/CoreFoundation.framework/Versions/A/CoreFoundation
0x00000001a28a2000 	/System/Library/Frameworks/Foundation.framework/Versions/C/Foundation
0x00000001a4314000 	/System/Library/Frameworks/AppKit.framework/Versions/C/AppKit
0x00000001a710f000 	/System/Library/Frameworks/CoreData.framework/Versions/A/CoreData
0x00000001a5073000 	/System/Library/PrivateFrameworks/UIFoundation.framework/Versions/A/UIFoundation
0x00000001b0744000 	/System/Library/PrivateFrameworks/RemoteViewServices.framework/Versions/A/RemoteViewServices
0x00000001a9991000 	/System/Library/PrivateFrameworks/XCTTargetBootstrap.framework/Versions/A/XCTTargetBootstrap
0x00000001ac2b3000 	/usr/lib/libspindump.dylib
0x00000001a52a1000 	/System/Library/Frameworks/UniformTypeIdentifiers.framework/Versions/A/UniformTypeIdentifiers
0x00000001a8355000 	/usr/lib/libapp_launch_measurement.dylib
0x00000001a8358000 	/System/Library/PrivateFrameworks/CoreAutoLayout.framework/Versions/A/CoreAutoLayout
0x00000001a9302000 	/System/Library/Frameworks/Metal.framework/Versions/A/Metal
0x00000001a9f67000 	/usr/lib/liblangid.dylib
0x00000001a9995000 	/System/Library/PrivateFrameworks/CoreSVG.framework/Versions/A/CoreSVG
0x00000001a630e000 	/System/Library/PrivateFrameworks/SkyLight.framework/Versions/A/SkyLight
0x00000001a6674000 	/System/Library/Frameworks/CoreGraphics.framework/Versions/A/CoreGraphics
0x00000001b0d7e000 	/System/Library/Frameworks/Accelerate.framework/Versions/A/Accelerate
0x00000001abd07000 	/System/Library/PrivateFrameworks/IconServices.framework/Versions/A/IconServices
0x00000001a92e6000 	/System/Library/Frameworks/IOSurface.framework/Versions/A/IOSurface
0x00000001a79ee000 	/usr/lib/libDiagnosticMessagesClient.dylib
0x00000001a9979000 	/System/Library/PrivateFrameworks/DFRFoundation.framework/Versions/A/DFRFoundation
0x00000001a3c0c000 	/usr/lib/libicucore.A.dylib
0x00000001ad7d3000 	/System/Library/Frameworks/AudioToolbox.framework/Versions/A/AudioToolbox
0x00000001aca2b000 	/System/Library/PrivateFrameworks/DataDetectorsCore.framework/Versions/A/DataDetectorsCore
0x00000001a9669000 	/System/Library/Frameworks/Carbon.framework/Versions/A/Frameworks/HIToolbox.framework/Versions/A/HIToolbox
0x00000001a7dfd000 	/System/Library/Frameworks/QuartzCore.framework/Versions/A/QuartzCore
0x00000001b077c000 	/System/Library/Frameworks/Carbon.framework/Versions/A/Frameworks/SpeechRecognition.framework/Versions/A/SpeechRecognition
0x00000001a80f3000 	/System/Library/PrivateFrameworks/CoreUI.framework/Versions/A/CoreUI
0x00000001a3289000 	/System/Library/Frameworks/CoreAudio.framework/Versions/A/CoreAudio
0x00000001a7ad7000 	/System/Library/Frameworks/DiskArbitration.framework/Versions/A/DiskArbitration
0x00000001ac68a000 	/System/Library/PrivateFrameworks/MultitouchSupport.framework/Versions/A/MultitouchSupport
0x00000001aca22000 	/System/Library/PrivateFrameworks/InternationalSupport.framework/Versions/A/InternationalSupport
0x00000001a6285000 	/usr/lib/libenergytrace.dylib
0x00000001a41f0000 	/System/Library/Frameworks/IOKit.framework/Versions/A/IOKit
0x00000001b0ac4000 	/System/Library/Frameworks/CoreServices.framework/Versions/A/CoreServices
0x00000001a82ee000 	/System/Library/PrivateFrameworks/PerformanceAnalysis.framework/Versions/A/PerformanceAnalysis
0x00000001e416f000 	/System/Library/Frameworks/OpenGL.framework/Versions/A/OpenGL
0x00000001acaa0000 	/System/Library/PrivateFrameworks/UserActivity.framework/Versions/A/UserActivity
0x00000001a6c62000 	/System/Library/Frameworks/ColorSync.framework/Versions/A/ColorSync
0x00000001a9bde000 	/System/Library/Frameworks/CoreImage.framework/Versions/A/CoreImage
0x00000001a30b7000 	/System/Library/Frameworks/CoreText.framework/Versions/A/CoreText
0x00000001a99c0000 	/System/Library/Frameworks/ImageIO.framework/Versions/A/ImageIO
0x00000001ab0f5000 	/System/Library/PrivateFrameworks/SoftLinking.framework/Versions/A/SoftLinking
0x00000001a839c000 	/usr/lib/libxml2.2.dylib
0x00000001ab373000 	/usr/lib/libcompression.dylib
0x00000001a6287000 	/usr/lib/libMobileGestalt.dylib
0x00000001ac96d000 	/System/Library/PrivateFrameworks/TextureIO.framework/Versions/A/TextureIO
0x00000001aba4b000 	/usr/lib/libate.dylib
0x00000001ab88d000 	/usr/lib/liblzma.5.dylib
0x00000001a25bb000 	/System/Library/Frameworks/SystemConfiguration.framework/Versions/A/SystemConfiguration
0x00000001ab0f1000 	/usr/lib/libfakelink.dylib
0x00000001a5de7000 	/System/Library/Frameworks/CFNetwork.framework/Versions/A/CFNetwork
0x00000001ab23a000 	/usr/lib/libarchive.2.dylib
0x00000001a2643000 	/usr/lib/libCRFSuite.dylib
0x00000001aa945000 	/usr/lib/libbsm.0.dylib
0x00000001a56dc000 	/usr/lib/libnetwork.dylib
0x00000001ab0f6000 	/usr/lib/libpcap.A.dylib
0x00000001a785b000 	/usr/lib/libdns_services.dylib
0x00000001ab8a6000 	/usr/lib/libcoretls_cfhelpers.dylib
0x00000001ab343000 	/usr/lib/libapple_nghttp2.dylib
0x00000001ab08c000 	/usr/lib/system/libkxld.dylib
0x00000001a74d9000 	/usr/lib/libsqlite3.dylib
0x00000001aae35000 	/System/Library/PrivateFrameworks/AppleFSCompression.framework/Versions/A/AppleFSCompression
0x00000001aa92e000 	/usr/lib/libcoretls.dylib
0x00000001ab36e000 	/usr/lib/libpam.2.dylib
0x00000001ab98f000 	/usr/lib/libxar.1.dylib
0x00000001a9f63000 	/System/Library/PrivateFrameworks/AppleSystemInfo.framework/Versions/A/AppleSystemInfo
0x00000001aa57b000 	/System/Library/PrivateFrameworks/IOMobileFramebuffer.framework/Versions/A/IOMobileFramebuffer
0x00000001aae45000 	/usr/lib/libbz2.1.0.dylib
0x00000001ab131000 	/usr/lib/libiconv.2.dylib
0x00000001ab085000 	/usr/lib/libcharset.1.dylib
0x00000001a8327000 	/System/Library/Frameworks/CoreServices.framework/Versions/A/Frameworks/FSEvents.framework/Versions/A/FSEvents
0x00000001a3e89000 	/System/Library/Frameworks/CoreServices.framework/Versions/A/Frameworks/CarbonCore.framework/Versions/A/CarbonCore
0x00000001a7a3d000 	/System/Library/Frameworks/CoreServices.framework/Versions/A/Frameworks/Metadata.framework/Versions/A/Metadata
0x00000001aae57000 	/System/Library/Frameworks/CoreServices.framework/Versions/A/Frameworks/OSServices.framework/Versions/A/OSServices
0x00000001ab2ab000 	/System/Library/Frameworks/CoreServices.framework/Versions/A/Frameworks/SearchKit.framework/Versions/A/SearchKit
0x00000001a77e7000 	/System/Library/Frameworks/CoreServices.framework/Versions/A/Frameworks/AE.framework/Versions/A/AE
0x00000001a1fa6000 	/System/Library/Frameworks/CoreServices.framework/Versions/A/Frameworks/LaunchServices.framework/Versions/A/LaunchServices
0x00000001ab83b000 	/System/Library/Frameworks/CoreServices.framework/Versions/A/Frameworks/DictionaryServices.framework/Versions/A/DictionaryServices
0x00000001a8330000 	/System/Library/Frameworks/CoreServices.framework/Versions/A/Frameworks/SharedFileList.framework/Versions/A/SharedFileList
0x00000001aa91e000 	/usr/lib/libCheckFix.dylib
0x00000001a62f4000 	/System/Library/PrivateFrameworks/TCC.framework/Versions/A/TCC
0x00000001a9f69000 	/System/Library/PrivateFrameworks/CoreNLP.framework/Versions/A/CoreNLP
0x00000001a79f1000 	/System/Library/PrivateFrameworks/MetadataUtilities.framework/Versions/A/MetadataUtilities
0x00000001a2677000 	/usr/lib/libmecabra.dylib
0x00000001aac04000 	/System/Library/Frameworks/MLCompute.framework/Versions/A/MLCompute
0x00000001aa956000 	/usr/lib/libmecab.dylib
0x00000001aa99b000 	/usr/lib/libgermantok.dylib
0x00000001ab31c000 	/usr/lib/libThaiTokenizer.dylib
0x00000001ab9cb000 	/usr/lib/libChineseTokenizer.dylib
0x00000001ab36c000 	/System/Library/Frameworks/MetalPerformanceShaders.framework/Versions/A/MetalPerformanceShaders
0x00000001a7ade000 	/System/Library/Frameworks/Accelerate.framework/Versions/A/Frameworks/vImage.framework/Versions/A/vImage
0x00000001b0a9d000 	/System/Library/Frameworks/Accelerate.framework/Versions/A/Frameworks/vecLib.framework/Versions/A/vecLib
0x00000001ab9d6000 	/System/Library/Frameworks/Accelerate.framework/Versions/A/Frameworks/vecLib.framework/Versions/A/libvMisc.dylib
0x00000001aa4b5000 	/System/Library/Frameworks/Accelerate.framework/Versions/A/Frameworks/vecLib.framework/Versions/A/libvDSP.dylib
0x00000001a22b2000 	/System/Library/Frameworks/Accelerate.framework/Versions/A/Frameworks/vecLib.framework/Versions/A/libBLAS.dylib
0x00000001ab390000 	/System/Library/Frameworks/Accelerate.framework/Versions/A/Frameworks/vecLib.framework/Versions/A/libLAPACK.dylib
0x00000001aa9a0000 	/System/Library/Frameworks/Accelerate.framework/Versions/A/Frameworks/vecLib.framework/Versions/A/libLinearAlgebra.dylib
0x00000001ab35a000 	/System/Library/Frameworks/Accelerate.framework/Versions/A/Frameworks/vecLib.framework/Versions/A/libSparseBLAS.dylib
0x00000001ab38b000 	/System/Library/Frameworks/Accelerate.framework/Versions/A/Frameworks/vecLib.framework/Versions/A/libQuadrature.dylib
0x00000001aa000000 	/System/Library/Frameworks/Accelerate.framework/Versions/A/Frameworks/vecLib.framework/Versions/A/libBNNS.dylib
0x00000001a2558000 	/System/Library/Frameworks/Accelerate.framework/Versions/A/Frameworks/vecLib.framework/Versions/A/libSparse.dylib
0x00000001a9eff000 	/System/Library/Frameworks/MetalPerformanceShaders.framework/Versions/A/Frameworks/MPSCore.framework/Versions/A/MPSCore
0x00000001aadaa000 	/System/Library/Frameworks/MetalPerformanceShaders.framework/Versions/A/Frameworks/MPSImage.framework/Versions/A/MPSImage
0x00000001aa9b6000 	/System/Library/Frameworks/MetalPerformanceShaders.framework/Versions/A/Frameworks/MPSNeuralNetwork.framework/Versions/A/MPSNeuralNetwork
0x00000001aad3f000 	/System/Library/Frameworks/MetalPerformanceShaders.framework/Versions/A/Frameworks/MPSMatrix.framework/Versions/A/MPSMatrix
0x00000001aabba000 	/System/Library/Frameworks/MetalPerformanceShaders.framework/Versions/A/Frameworks/MPSRayIntersector.framework/Versions/A/MPSRayIntersector
0x00000001aad6e000 	/System/Library/Frameworks/MetalPerformanceShaders.framework/Versions/A/Frameworks/MPSNDArray.framework/Versions/A/MPSNDArray
0x00000001a21d9000 	/System/Library/PrivateFrameworks/MetalTools.framework/Versions/A/MetalTools
0x00000001a9f61000 	/System/Library/PrivateFrameworks/AggregateDictionary.framework/Versions/A/AggregateDictionary
0x00000001a79c8000 	/System/Library/PrivateFrameworks/CoreAnalytics.framework/Versions/A/CoreAnalytics
0x00000001ab31e000 	/System/Library/PrivateFrameworks/AppleSauce.framework/Versions/A/AppleSauce
0x00000001a92f8000 	/System/Library/PrivateFrameworks/IOAccelerator.framework/Versions/A/IOAccelerator
0x00000001e4162000 	/System/Library/Frameworks/OpenGL.framework/Versions/A/Libraries/libCoreFSCache.dylib
0x00000001a2c34000 	/System/Library/PrivateFrameworks/LanguageModeling.framework/Versions/A/LanguageModeling
0x00000001aa568000 	/System/Library/PrivateFrameworks/CoreEmoji.framework/Versions/A/CoreEmoji
0x00000001a9ff8000 	/System/Library/PrivateFrameworks/LinguisticData.framework/Versions/A/LinguisticData
0x00000001a250d000 	/System/Library/PrivateFrameworks/Lexicon.framework/Versions/A/Lexicon
0x00000001ab224000 	/usr/lib/libcmph.dylib
0x00000001a8307000 	/System/Library/Frameworks/OpenDirectory.framework/Versions/A/Frameworks/CFOpenDirectory.framework/Versions/A/CFOpenDirectory
0x00000001a82f9000 	/System/Library/Frameworks/OpenDirectory.framework/Versions/A/OpenDirectory
0x00000001ab8a8000 	/System/Library/PrivateFrameworks/APFS.framework/Versions/A/APFS
0x00000001aa885000 	/System/Library/Frameworks/SecurityFoundation.framework/Versions/A/SecurityFoundation
0x00000001ab99d000 	/usr/lib/libutil.dylib
0x00000001a41b4000 	/System/Library/PrivateFrameworks/CoreServicesStore.framework/Versions/A/CoreServicesStore
0x00000001aa915000 	/System/Library/Frameworks/ServiceManagement.framework/Versions/A/ServiceManagement
0x00000001ab9a1000 	/usr/lib/libxslt.1.dylib
0x00000001aa90b000 	/System/Library/PrivateFrameworks/BackgroundTaskManagement.framework/Versions/A/BackgroundTaskManagement
0x00000001ac8bc000 	/System/Library/Frameworks/ImageIO.framework/Versions/A/Resources/libRadiance.dylib
0x00000001ac8c5000 	/System/Library/Frameworks/ImageIO.framework/Versions/A/Resources/libJPEG.dylib
0x00000001ac818000 	/System/Library/Frameworks/ImageIO.framework/Versions/A/Resources/libPng.dylib
0x00000001ac83f000 	/System/Library/Frameworks/ImageIO.framework/Versions/A/Resources/libTIFF.dylib
0x00000001ac916000 	/System/Library/Frameworks/ImageIO.framework/Versions/A/Resources/libGIF.dylib
0x00000001ac5a1000 	/System/Library/Frameworks/ImageIO.framework/Versions/A/Resources/libJP2.dylib
0x00000001abcd0000 	/usr/lib/libexpat.1.dylib
0x00000001ac55d000 	/System/Library/PrivateFrameworks/AppleJPEG.framework/Versions/A/AppleJPEG
0x00000001a9510000 	/System/Library/PrivateFrameworks/FontServices.framework/libFontParser.dylib
0x00000001a7796000 	/System/Library/PrivateFrameworks/RunningBoardServices.framework/Versions/A/RunningBoardServices
0x00000001b5b8b000 	/System/Library/PrivateFrameworks/IOSurfaceAccelerator.framework/Versions/A/IOSurfaceAccelerator
0x00000001ac686000 	/System/Library/PrivateFrameworks/WatchdogClient.framework/Versions/A/WatchdogClient
0x00000001a2d26000 	/System/Library/Frameworks/CoreDisplay.framework/Versions/A/CoreDisplay
0x00000001a9419000 	/System/Library/Frameworks/CoreMedia.framework/Versions/A/CoreMedia
0x00000001a8488000 	/System/Library/Frameworks/CoreVideo.framework/Versions/A/CoreVideo
0x00000001ac6bf000 	/System/Library/Frameworks/VideoToolbox.framework/Versions/A/VideoToolbox
0x00000001a7711000 	/System/Library/PrivateFrameworks/BaseBoard.framework/Versions/A/BaseBoard
0x00000001abe12000 	/System/Library/PrivateFrameworks/PersistentConnection.framework/Versions/A/PersistentConnection
0x00000001a74c1000 	/System/Library/PrivateFrameworks/ProtocolBuffer.framework/Versions/A/ProtocolBuffer
0x00000001a76f9000 	/System/Library/PrivateFrameworks/CommonUtilities.framework/Versions/A/CommonUtilities
0x00000001ac4fd000 	/System/Library/PrivateFrameworks/Bom.framework/Versions/A/Bom
0x00000001ac8b7000 	/System/Library/PrivateFrameworks/GPUWrangler.framework/Versions/A/GPUWrangler
0x00000001ac89a000 	/System/Library/PrivateFrameworks/IOPresentment.framework/Versions/A/IOPresentment
0x00000001ac8bf000 	/System/Library/PrivateFrameworks/DSExternalDisplay.framework/Versions/A/DSExternalDisplay
0x00000001ac91b000 	/System/Library/PrivateFrameworks/CMCaptureCore.framework/Versions/A/CMCaptureCore
0x00000001ac29c000 	/System/Library/PrivateFrameworks/AppServerSupport.framework/Versions/A/AppServerSupport
0x00000001ae2b0000 	/System/Library/PrivateFrameworks/perfdata.framework/Versions/A/perfdata
0x00000001aa875000 	/System/Library/PrivateFrameworks/AssertionServices.framework/Versions/A/AssertionServices
0x00000001a2e49000 	/System/Library/PrivateFrameworks/AudioToolboxCore.framework/Versions/A/AudioToolboxCore
0x00000001a93f9000 	/System/Library/PrivateFrameworks/caulk.framework/Versions/A/caulk
0x00000001bd969000 	/System/Library/PrivateFrameworks/SystemPolicy.framework/Versions/A/SystemPolicy
0x00000001abadd000 	/usr/lib/libIOReport.dylib
0x00000001adb37000 	/usr/lib/libSMC.dylib
0x00000001ac7e5000 	/usr/lib/libAudioToolboxUtility.dylib
0x00000001be2f7000 	/usr/lib/libmis.dylib
0x00000001e41c4000 	/System/Library/Frameworks/OpenGL.framework/Versions/A/Libraries/libGLU.dylib
0x00000001e4182000 	/System/Library/Frameworks/OpenGL.framework/Versions/A/Libraries/libGFXShared.dylib
0x00000001e436c000 	/System/Library/Frameworks/OpenGL.framework/Versions/A/Libraries/libGL.dylib
0x00000001e418b000 	/System/Library/Frameworks/OpenGL.framework/Versions/A/Libraries/libGLImage.dylib
0x00000001e417f000 	/System/Library/Frameworks/OpenGL.framework/Versions/A/Libraries/libCVMSPluginSupport.dylib
0x00000001e4169000 	/System/Library/Frameworks/OpenGL.framework/Versions/A/Libraries/libCoreVMClient.dylib
0x00000001b46c8000 	/System/Library/PrivateFrameworks/ASEProcessing.framework/Versions/A/ASEProcessing
0x00000001abe39000 	/System/Library/PrivateFrameworks/GraphVisualizer.framework/Versions/A/GraphVisualizer
0x00000001abe47000 	/System/Library/PrivateFrameworks/FaceCore.framework/Versions/A/FaceCore
0x00000001ac25a000 	/System/Library/PrivateFrameworks/OTSVG.framework/Versions/A/OTSVG
0x00000001a80b0000 	/System/Library/Frameworks/ApplicationServices.framework/Versions/A/Frameworks/ATS.framework/Versions/A/Resources/libFontRegistry.dylib
0x00000001ac2a4000 	/System/Library/PrivateFrameworks/FontServices.framework/libhvf.dylib
0x00000001e4507000 	/System/Library/Frameworks/OpenCL.framework/Versions/A/OpenCL
0x00000001abc84000 	/System/Library/PrivateFrameworks/AppleVA.framework/Versions/A/AppleVA
0x00000001ad989000 	/System/Library/Frameworks/ApplicationServices.framework/Versions/A/Frameworks/ATS.framework/Versions/A/ATS
0x00000001adc95000 	/System/Library/Frameworks/ApplicationServices.framework/Versions/A/Frameworks/ColorSyncLegacy.framework/Versions/A/ColorSyncLegacy
0x00000001a6d58000 	/System/Library/Frameworks/ApplicationServices.framework/Versions/A/Frameworks/HIServices.framework/Versions/A/HIServices
0x00000001adc78000 	/System/Library/Frameworks/ApplicationServices.framework/Versions/A/Frameworks/LangAnalysis.framework/Versions/A/LangAnalysis
0x00000001ac925000 	/System/Library/Frameworks/ApplicationServices.framework/Versions/A/Frameworks/PrintCore.framework/Versions/A/PrintCore
0x00000001adc9d000 	/System/Library/Frameworks/ApplicationServices.framework/Versions/A/Frameworks/QD.framework/Versions/A/QD
0x00000001ad975000 	/System/Library/Frameworks/ApplicationServices.framework/Versions/A/Frameworks/SpeechSynthesis.framework/Versions/A/SpeechSynthesis
0x00000001ac8e6000 	/System/Library/Frameworks/ApplicationServices.framework/Versions/A/Frameworks/ATSUI.framework/Versions/A/ATSUI
0x00000001adc17000 	/usr/lib/libcups.2.dylib
0x00000001adc88000 	/System/Library/PrivateFrameworks/NetAuth.framework/Versions/A/NetAuth
0x00000001ae2cb000 	/System/Library/Frameworks/Kerberos.framework/Versions/A/Kerberos
0x00000001ae2dc000 	/System/Library/Frameworks/GSS.framework/Versions/A/GSS
0x00000001ad9f7000 	/usr/lib/libresolv.9.dylib
0x00000001ac2b6000 	/System/Library/PrivateFrameworks/Heimdal.framework/Versions/A/Heimdal
0x00000001b3c96000 	/System/Library/Frameworks/Kerberos.framework/Versions/A/Libraries/libHeimdalProxy.dylib
0x00000001a786b000 	/System/Library/Frameworks/Network.framework/Versions/A/Network
0x00000001abcea000 	/usr/lib/libheimdal-asn1.dylib
0x00000001ae325000 	/System/Library/PrivateFrameworks/CommonAuth.framework/Versions/A/CommonAuth
0x00000001a84db000 	/System/Library/PrivateFrameworks/login.framework/Versions/A/Frameworks/loginsupport.framework/Versions/A/loginsupport
0x00000001ad8f8000 	/System/Library/PrivateFrameworks/AudioSession.framework/Versions/A/AudioSession
0x00000001ad962000 	/usr/lib/libAudioStatistics.dylib
0x00000001abd6e000 	/System/Library/PrivateFrameworks/MediaExperience.framework/Versions/A/MediaExperience
0x00000001ad79d000 	/System/Library/PrivateFrameworks/AudioSession.framework/libSessionUtility.dylib
0x00000001ae2bc000 	/usr/lib/libperfcheck.dylib
0x00000001adca9000 	/System/Library/PrivateFrameworks/AudioResourceArbitration.framework/Versions/A/AudioResourceArbitration
0x00000001abcf4000 	/System/Library/PrivateFrameworks/IconFoundation.framework/Versions/A/IconFoundation
0x00000001b076c000 	/System/Library/PrivateFrameworks/SpeechRecognitionCore.framework/Versions/A/SpeechRecognitionCore
0x00000001ddb23000 	/System/Library/CoreServices/Encodings/libSimplifiedChineseConverter.dylib
0x0000000105000000 	/Library/Java/JavaVirtualMachines/zulu-13.jdk/Contents/Home/lib/server/libjvm.dylib
0x00000001003ec000 	/Library/Java/JavaVirtualMachines/zulu-13.jdk/Contents/Home/lib/libverify.dylib
0x0000000100404000 	/Library/Java/JavaVirtualMachines/zulu-13.jdk/Contents/Home/lib/libjava.dylib
0x000000010043c000 	/Library/Java/JavaVirtualMachines/zulu-13.jdk/Contents/Home/lib/libjimage.dylib
0x0000000100458000 	/Library/Java/JavaVirtualMachines/zulu-13.jdk/Contents/Home/lib/libjdwp.dylib
0x000000010049c000 	/Library/Java/JavaVirtualMachines/zulu-13.jdk/Contents/Home/lib/libinstrument.dylib
0x00000001004fc000 	/Library/Java/JavaVirtualMachines/zulu-13.jdk/Contents/Home/lib/libzip.dylib
0x000000010070c000 	/Library/Java/JavaVirtualMachines/zulu-13.jdk/Contents/Home/lib/libdt_socket.dylib
0x0000000100908000 	/Library/Java/JavaVirtualMachines/zulu-13.jdk/Contents/Home/lib/libnio.dylib
0x0000000100928000 	/Library/Java/JavaVirtualMachines/zulu-13.jdk/Contents/Home/lib/libnet.dylib
0x0000000100724000 	/Library/Java/JavaVirtualMachines/zulu-13.jdk/Contents/Home/lib/libmanagement.dylib
0x000000010094c000 	/Library/Java/JavaVirtualMachines/zulu-13.jdk/Contents/Home/lib/libmanagement_ext.dylib
0x0000000100b60000 	/Library/Java/JavaVirtualMachines/zulu-13.jdk/Contents/Home/lib/libextnet.dylib


VM Arguments:
jvm_args: -agentlib:jdwp=transport=dt_socket,address=127.0.0.1:55778,suspend=y,server=n -XX:TieredStopAtLevel=1 -Xverify:none -Dspring.output.ansi.enabled=always -javaagent:/Users/liujian/Library/Caches/JetBrains/IntelliJIdea2020.3/captureAgent/debugger-agent.jar -Dcom.sun.management.jmxremote -Dspring.jmx.enabled=true -Dspring.liveBeansView.mbeanDomain -Dspring.application.admin.enabled=true -Dfile.encoding=UTF-8 
java_command: com.ecommerce.demo.DemoApplication
java_class_path (initial): /Users/liujian/Desktop/java/GraduationDesign/target/classes:/Users/liujian/Desktop/Maven/repo/org/springframework/boot/spring-boot-starter/2.4.2/spring-boot-starter-2.4.2.jar:/Users/liujian/Desktop/Maven/repo/org/springframework/boot/spring-boot/2.5.0-SNAPSHOT/spring-boot-2.5.0-20210219.201259-236.jar:/Users/liujian/Desktop/Maven/repo/org/springframework/boot/spring-boot-starter-logging/2.5.0-SNAPSHOT/spring-boot-starter-logging-2.5.0-20210219.201259-236.jar:/Users/liujian/Desktop/Maven/repo/ch/qos/logback/logback-classic/1.2.3/logback-classic-1.2.3.jar:/Users/liujian/Desktop/Maven/repo/ch/qos/logback/logback-core/1.2.3/logback-core-1.2.3.jar:/Users/liujian/Desktop/Maven/repo/org/apache/logging/log4j/log4j-to-slf4j/2.14.0/log4j-to-slf4j-2.14.0.jar:/Users/liujian/Desktop/Maven/repo/org/apache/logging/log4j/log4j-api/2.14.0/log4j-api-2.14.0.jar:/Users/liujian/Desktop/Maven/repo/org/slf4j/jul-to-slf4j/1.7.30/jul-to-slf4j-1.7.30.jar:/Users/liujian/Desktop/Maven/repo/jakarta/annotation/jakarta.annotation-api/1.3.5/jakarta.annotation-api-1.3.5.jar:/Users/liujian/Desktop/Maven/repo/org/yaml/snakeyaml/1.27/snakeyaml-1.27.jar:/Users/liujian/Desktop/Maven/repo/com/zhenzikj/zhenzisms/2.0.2/zhenzisms-2.0.2.jar:/Users/liujian/Desktop/Maven/repo/cn/hutool/hutool-all/5.3.3/hutool-all-5.3.3.jar:/Users/liujian/Desktop/Maven/repo/org/springframework/boot/spring-boot-starter-web/2.4.2/spring-boot-starter-web-2.4.2.jar:/Users/liujian/Desktop/Maven/repo/org/springframework/boot/spring-boot-starter-json/2.5.0-SNAPSHOT/spring-boot-starter-json-2.5.0-20210219.201259-236.jar:/Users/liujian/Desktop/Maven/repo/com/fasterxml/jackson/datatype/jackson-datatype-jdk8/2.12.1/jackson-datatype-jdk8-2.12.1.jar:/Users/liujian/Desktop/Maven/repo/com/fasterxml/jackson/datatype/jackson-datatype-jsr310/2.12.1/jackson-datatype-jsr310-2.12.1.jar:/Users/liujian/Desktop/Maven/repo/com/fasterxml/jackson/module/jackson-module-parameter-names/2.12.1/jackson-module-parameter-name
Launcher Type: SUN_STANDARD

[Global flags]
     intx CICompilerCount                          = 4                                         {product} {ergonomic}
     uint ConcGCThreads                            = 2                                         {product} {ergonomic}
     uint G1ConcRefinementThreads                  = 8                                         {product} {ergonomic}
   size_t G1HeapRegionSize                         = 1048576                                   {product} {ergonomic}
    uintx GCDrainStackTargetSize                   = 64                                        {product} {ergonomic}
   size_t InitialHeapSize                          = 268435456                                 {product} {ergonomic}
     bool ManagementServer                         = true                                      {product} {command line}
   size_t MarkStackSize                            = 4194304                                   {product} {ergonomic}
   size_t MaxHeapSize                              = 4294967296                                {product} {ergonomic}
   size_t MaxNewSize                               = 2576351232                                {product} {ergonomic}
   size_t MinHeapDeltaBytes                        = 1048576                                   {product} {ergonomic}
   size_t MinHeapSize                              = 8388608                                   {product} {ergonomic}
    uintx NonNMethodCodeHeapSize                   = 7549744                                {pd product} {ergonomic}
    uintx NonProfiledCodeHeapSize                  = 244108496                              {pd product} {ergonomic}
    uintx ProfiledCodeHeapSize                     = 0                                      {pd product} {ergonomic}
    uintx ReservedCodeCacheSize                    = 251658240                              {pd product} {ergonomic}
     bool SegmentedCodeCache                       = true                                      {product} {ergonomic}
   size_t SoftMaxHeapSize                          = 4294967296                             {manageable} {ergonomic}
     intx TieredStopAtLevel                        = 1                                         {product} {command line}
     bool UseCompressedClassPointers               = true                                 {lp64_product} {ergonomic}
     bool UseCompressedOops                        = true                                 {lp64_product} {ergonomic}
     bool UseG1GC                                  = true                                      {product} {ergonomic}

Logging:
Log output configuration:
 #0: stdout all=warning uptime,level,tags
 #1: stderr all=off uptime,level,tags

Environment Variables:
PATH=/opt/homebrew/bin:/usr/local/bin:/usr/bin:/bin:/usr/sbin:/sbin:/Users/liujian/Desktop/Maven/apache-maven-3.6.3/bin
SHELL=/bin/zsh

Signal Handlers:
SIGSEGV: [libjvm.dylib+0x74e468], sa_mask[0]=11111111011111110111111111111111, sa_flags=SA_ONSTACK|SA_RESTART|SA_SIGINFO
SIGBUS: [libjvm.dylib+0x74e468], sa_mask[0]=11111111011111110111111111111111, sa_flags=SA_RESTART|SA_SIGINFO
SIGFPE: [libjvm.dylib+0x74e468], sa_mask[0]=11111111011111110111111111111111, sa_flags=SA_RESTART|SA_SIGINFO
SIGPIPE: [libjvm.dylib+0x5acf00], sa_mask[0]=11111111011111110111111111111111, sa_flags=SA_RESTART|SA_SIGINFO
SIGXFSZ: [libjvm.dylib+0x5acf00], sa_mask[0]=11111111011111110111111111111111, sa_flags=SA_RESTART|SA_SIGINFO
SIGILL: [libjvm.dylib+0x74e468], sa_mask[0]=11111111011111110111111111111111, sa_flags=SA_RESTART|SA_SIGINFO
SIGUSR2: [libjvm.dylib+0x5ad500], sa_mask[0]=00100000000000000000000000000000, sa_flags=SA_RESTART|SA_SIGINFO
SIGHUP: [libjvm.dylib+0x5ac188], sa_mask[0]=11111111011111110111111111111111, sa_flags=SA_RESTART|SA_SIGINFO
SIGINT: [libjvm.dylib+0x5ac188], sa_mask[0]=11111111011111110111111111111111, sa_flags=SA_RESTART|SA_SIGINFO
SIGTERM: [libjvm.dylib+0x5ac188], sa_mask[0]=11111111011111110111111111111111, sa_flags=SA_RESTART|SA_SIGINFO
SIGQUIT: [libjvm.dylib+0x5ac188], sa_mask[0]=11111111011111110111111111111111, sa_flags=SA_RESTART|SA_SIGINFO


---------------  S Y S T E M  ---------------

OS:uname:Darwin 20.2.0 Darwin Kernel Version 20.2.0: Wed Dec  2 20:40:21 PST 2020; root:xnu-7195.60.75~1/RELEASE_ARM64_T8101 arm64
OS uptime: 5 days 22:27 hours
rlimit (soft/hard): STACK 8176k/65520k , CORE 0k/infinity , NPROC 2666/4000 , NOFILE 10240/infinity , AS infinity/infinity , CPU infinity/infinity , DATA infinity/infinity , FSIZE infinity/infinity , MEMLOCK infinity/infinity , RSS infinity/infinity
load average:4.18 4.17 4.10

CPU:total 8 (initial active 8) 0x61:0x0:0x1b588bb3:0, simd, crc, lse

Memory: 16k page, physical 16777216k(1352352k free), swap 5242880k(798976k free)

vm_info: OpenJDK 64-Bit Server VM (13.0.6+5-MTS) for bsd-aarch64 JRE (13.0.6+5-MTS) (Zulu13.37+21-CA), built on Dec 25 2020 12:57:28 by "zulu_re" with clang Apple LLVM 12.0.0 (clang-1200.0.32.27)

END.
