#
# A fatal error has been detected by the Java Runtime Environment:
#
#  SIGBUS (0xa) at pc=0x00000001056dc568, pid=33286, tid=6403
#
# JRE version: OpenJDK Runtime Environment Zulu13.37+21-CA (13.0.6+5) (build 13.0.6+5-MTS)
# Java VM: OpenJDK 64-Bit Server VM Zulu13.37+21-CA (13.0.6+5-MTS, mixed mode, tiered, compressed oops, g1 gc, bsd-aarch64)
# Problematic frame:
# V  [libjvm.dylib+0x6dc568]  MarkActivationClosure::do_code_blob(CodeBlob*)+0x3c
#
# No core dump will be written. Core dumps have been disabled. To enable core dumping, try "ulimit -c unlimited" before starting Java again
#
# If you would like to submit a bug report, please visit:
#   http://www.azulsystems.com/support/
#

---------------  S U M M A R Y ------------

Command Line: -agentlib:jdwp=transport=dt_socket,address=127.0.0.1:53820,suspend=y,server=n -XX:TieredStopAtLevel=1 -Xverify:none -Dspring.output.ansi.enabled=always -javaagent:/Users/liujian/Library/Caches/JetBrains/IntelliJIdea2020.3/captureAgent/debugger-agent.jar -Dcom.sun.management.jmxremote -Dspring.jmx.enabled=true -Dspring.liveBeansView.mbeanDomain -Dspring.application.admin.enabled=true -Dfile.encoding=UTF-8 com.ecommerce.demo.DemoApplication

Host: MacBookPro17,1 arm64 1 MHz, 8 cores, 16G, Darwin 20.2.0
Time: Thu Feb 25 18:04:53 2021 CST elapsed time: 1 seconds (0d 0h 0m 1s)

---------------  T H R E A D  ---------------

Current thread (0x000000012d010000):  JavaThread "main" [_thread_in_vm, id=6403, stack(0x000000016f59c000,0x000000016f79f000)]

Stack: [0x000000016f59c000,0x000000016f79f000],  sp=0x000000016f79ca80,  free space=2050k
Native frames: (J=compiled Java code, A=aot compiled Java code, j=interpreted, Vv=VM code, C=native code)
V  [libjvm.dylib+0x6dc568]  MarkActivationClosure::do_code_blob(CodeBlob*)+0x3c
V  [libjvm.dylib+0x70ad88]  JavaThread::nmethods_do(CodeBlobClosure*)+0x78
V  [libjvm.dylib+0x2de3a0]  HandshakeThreadsOperation::do_handshake(JavaThread*)+0xcc
V  [libjvm.dylib+0x2de744]  HandshakeState::process_self_inner(JavaThread*)+0x110
V  [libjvm.dylib+0x62258c]  SafepointMechanism::block_or_handshake(JavaThread*)+0x60
V  [libjvm.dylib+0x6225b4]  SafepointMechanism::block_if_requested_slow(JavaThread*)+0x18
V  [libjvm.dylib+0x70a56c]  JavaThread::check_safepoint_and_suspend_for_native_trans(JavaThread*)+0x74
V  [libjvm.dylib+0x4879b4]  JvmtiEnv::GetThreadLocalStorage(_jobject*, void**)+0xb8
C  [libjdwp.dylib+0x1eb58]  findThread+0x84
C  [libjdwp.dylib+0x1fe14]  threadControl_onEventHandlerEntry+0x68
C  [libjdwp.dylib+0x16a10]  event_callback+0x198
C  [libjdwp.dylib+0x14af8]  cbClassPrepare+0xc0
V  [libjvm.dylib+0x496ca8]  JvmtiExport::post_class_prepare(JavaThread*, Klass*)+0x1c0
V  [libjvm.dylib+0x304260]  InstanceKlass::link_class_impl(Thread*)+0x324
V  [libjvm.dylib+0x304394]  InstanceKlass::initialize_impl(Thread*)+0x54
V  [libjvm.dylib+0x314ec4]  InterpreterRuntime::_new(JavaThread*, ConstantPool*, int)+0x84
j  org.springframework.beans.factory.support.AbstractAutowireCapableBeanFactory.instantiateUsingFactoryMethod(Ljava/lang/String;Lorg/springframework/beans/factory/support/RootBeanDefinition;[Ljava/lang/Object;)Lorg/springframework/beans/BeanWrapper;+0
j  org.springframework.beans.factory.support.AbstractAutowireCapableBeanFactory.createBeanInstance(Ljava/lang/String;Lorg/springframework/beans/factory/support/RootBeanDefinition;[Ljava/lang/Object;)Lorg/springframework/beans/BeanWrapper;+102
j  org.springframework.beans.factory.support.AbstractAutowireCapableBeanFactory.doCreateBean(Ljava/lang/String;Lorg/springframework/beans/factory/support/RootBeanDefinition;[Ljava/lang/Object;)Ljava/lang/Object;+34
j  org.springframework.beans.factory.support.AbstractAutowireCapableBeanFactory.createBean(Ljava/lang/String;Lorg/springframework/beans/factory/support/RootBeanDefinition;[Ljava/lang/Object;)Ljava/lang/Object;+169
j  org.springframework.beans.factory.support.AbstractBeanFactory.lambda$doGetBean$0(Ljava/lang/String;Lorg/springframework/beans/factory/support/RootBeanDefinition;[Ljava/lang/Object;)Ljava/lang/Object;+4
j  org.springframework.beans.factory.support.AbstractBeanFactory$$Lambda$305.getObject()Ljava/lang/Object;+16
j  org.springframework.beans.factory.support.DefaultSingletonBeanRegistry.getSingleton(Ljava/lang/String;Lorg/springframework/beans/factory/ObjectFactory;)Ljava/lang/Object;+132
J 2880 c1 org.springframework.beans.factory.support.AbstractBeanFactory.doGetBean(Ljava/lang/String;Ljava/lang/Class;[Ljava/lang/Object;Z)Ljava/lang/Object; (832 bytes) @ 0x000000010e2a5a74 [0x000000010e2a5480+0x00000000000005f4]
j  org.springframework.beans.factory.support.AbstractBeanFactory.getBean(Ljava/lang/String;)Ljava/lang/Object;+5
j  org.springframework.beans.factory.support.DefaultListableBeanFactory.getBeansOfType(Ljava/lang/Class;ZZ)Ljava/util/Map;+46
j  org.springframework.context.support.AbstractApplicationContext.getBeansOfType(Ljava/lang/Class;ZZ)Ljava/util/Map;+11
j  org.mybatis.spring.mapper.MapperScannerConfigurer.processPropertyPlaceHolders()V+8
j  org.mybatis.spring.mapper.MapperScannerConfigurer.postProcessBeanDefinitionRegistry(Lorg/springframework/beans/factory/support/BeanDefinitionRegistry;)V+8
j  org.springframework.context.support.PostProcessorRegistrationDelegate.invokeBeanDefinitionRegistryPostProcessors(Ljava/util/Collection;Lorg/springframework/beans/factory/support/BeanDefinitionRegistry;Lorg/springframework/core/metrics/ApplicationStartup;)V+59
j  org.springframework.context.support.PostProcessorRegistrationDelegate.invokeBeanFactoryPostProcessors(Lorg/springframework/beans/factory/config/ConfigurableListableBeanFactory;Ljava/util/List;)V+496
j  org.springframework.context.support.AbstractApplicationContext.invokeBeanFactoryPostProcessors(Lorg/springframework/beans/factory/config/ConfigurableListableBeanFactory;)V+5
j  org.springframework.context.support.AbstractApplicationContext.refresh()V+53
j  org.springframework.boot.web.servlet.context.ServletWebServerApplicationContext.refresh()V+1
j  org.springframework.boot.SpringApplication.refresh(Lorg/springframework/context/ConfigurableApplicationContext;)V+1
j  org.springframework.boot.SpringApplication.refreshContext(Lorg/springframework/context/ConfigurableApplicationContext;)V+19
j  org.springframework.boot.SpringApplication.run([Ljava/lang/String;)Lorg/springframework/context/ConfigurableApplicationContext;+111
j  org.springframework.boot.SpringApplication.run([Ljava/lang/Class;[Ljava/lang/String;)Lorg/springframework/context/ConfigurableApplicationContext;+9
j  org.springframework.boot.SpringApplication.run(Ljava/lang/Class;[Ljava/lang/String;)Lorg/springframework/context/ConfigurableApplicationContext;+9
j  com.ecommerce.demo.DemoApplication.main([Ljava/lang/String;)V+3
v  ~StubRoutines::call_stub
V  [libjvm.dylib+0x31cd40]  JavaCalls::call_helper(JavaValue*, methodHandle const&, JavaCallArguments*, Thread*)+0x2f4
V  [libjvm.dylib+0x367760]  jni_invoke_static(JNIEnv_*, JavaValue*, _jobject*, JNICallType, _jmethodID*, JNI_ArgumentPusher*, Thread*)+0x10c
V  [libjvm.dylib+0x36ae28]  jni_CallStaticVoidMethod+0x158
C  [libjli.dylib+0x59c0]  JavaMain+0xb3c
C  [libjli.dylib+0x7af4]  ThreadJavaMain+0xc
C  [libsystem_pthread.dylib+0x706c]  _pthread_start+0x140

Java frames: (J=compiled Java code, j=interpreted, Vv=VM code)
j  org.springframework.beans.factory.support.AbstractAutowireCapableBeanFactory.instantiateUsingFactoryMethod(Ljava/lang/String;Lorg/springframework/beans/factory/support/RootBeanDefinition;[Ljava/lang/Object;)Lorg/springframework/beans/BeanWrapper;+0
j  org.springframework.beans.factory.support.AbstractAutowireCapableBeanFactory.createBeanInstance(Ljava/lang/String;Lorg/springframework/beans/factory/support/RootBeanDefinition;[Ljava/lang/Object;)Lorg/springframework/beans/BeanWrapper;+102
j  org.springframework.beans.factory.support.AbstractAutowireCapableBeanFactory.doCreateBean(Ljava/lang/String;Lorg/springframework/beans/factory/support/RootBeanDefinition;[Ljava/lang/Object;)Ljava/lang/Object;+34
j  org.springframework.beans.factory.support.AbstractAutowireCapableBeanFactory.createBean(Ljava/lang/String;Lorg/springframework/beans/factory/support/RootBeanDefinition;[Ljava/lang/Object;)Ljava/lang/Object;+169
j  org.springframework.beans.factory.support.AbstractBeanFactory.lambda$doGetBean$0(Ljava/lang/String;Lorg/springframework/beans/factory/support/RootBeanDefinition;[Ljava/lang/Object;)Ljava/lang/Object;+4
j  org.springframework.beans.factory.support.AbstractBeanFactory$$Lambda$305.getObject()Ljava/lang/Object;+16
j  org.springframework.beans.factory.support.DefaultSingletonBeanRegistry.getSingleton(Ljava/lang/String;Lorg/springframework/beans/factory/ObjectFactory;)Ljava/lang/Object;+132
J 2880 c1 org.springframework.beans.factory.support.AbstractBeanFactory.doGetBean(Ljava/lang/String;Ljava/lang/Class;[Ljava/lang/Object;Z)Ljava/lang/Object; (832 bytes) @ 0x000000010e2a5a74 [0x000000010e2a5480+0x00000000000005f4]
j  org.springframework.beans.factory.support.AbstractBeanFactory.getBean(Ljava/lang/String;)Ljava/lang/Object;+5
j  org.springframework.beans.factory.support.DefaultListableBeanFactory.getBeansOfType(Ljava/lang/Class;ZZ)Ljava/util/Map;+46
j  org.springframework.context.support.AbstractApplicationContext.getBeansOfType(Ljava/lang/Class;ZZ)Ljava/util/Map;+11
j  org.mybatis.spring.mapper.MapperScannerConfigurer.processPropertyPlaceHolders()V+8
j  org.mybatis.spring.mapper.MapperScannerConfigurer.postProcessBeanDefinitionRegistry(Lorg/springframework/beans/factory/support/BeanDefinitionRegistry;)V+8
j  org.springframework.context.support.PostProcessorRegistrationDelegate.invokeBeanDefinitionRegistryPostProcessors(Ljava/util/Collection;Lorg/springframework/beans/factory/support/BeanDefinitionRegistry;Lorg/springframework/core/metrics/ApplicationStartup;)V+59
j  org.springframework.context.support.PostProcessorRegistrationDelegate.invokeBeanFactoryPostProcessors(Lorg/springframework/beans/factory/config/ConfigurableListableBeanFactory;Ljava/util/List;)V+496
j  org.springframework.context.support.AbstractApplicationContext.invokeBeanFactoryPostProcessors(Lorg/springframework/beans/factory/config/ConfigurableListableBeanFactory;)V+5
j  org.springframework.context.support.AbstractApplicationContext.refresh()V+53
j  org.springframework.boot.web.servlet.context.ServletWebServerApplicationContext.refresh()V+1
j  org.springframework.boot.SpringApplication.refresh(Lorg/springframework/context/ConfigurableApplicationContext;)V+1
j  org.springframework.boot.SpringApplication.refreshContext(Lorg/springframework/context/ConfigurableApplicationContext;)V+19
j  org.springframework.boot.SpringApplication.run([Ljava/lang/String;)Lorg/springframework/context/ConfigurableApplicationContext;+111
j  org.springframework.boot.SpringApplication.run([Ljava/lang/Class;[Ljava/lang/String;)Lorg/springframework/context/ConfigurableApplicationContext;+9
j  org.springframework.boot.SpringApplication.run(Ljava/lang/Class;[Ljava/lang/String;)Lorg/springframework/context/ConfigurableApplicationContext;+9
j  com.ecommerce.demo.DemoApplication.main([Ljava/lang/String;)V+3
v  ~StubRoutines::call_stub

siginfo: si_signo: 10 (SIGBUS), si_code: 1 (BUS_ADRALN), si_addr: 0x000000010e2a4be0

Register to memory mapping:

 x0=0x0000000105978820: _ZL23mark_activation_closure+0 in /Library/Java/JavaVirtualMachines/zulu-13.jdk/Contents/Home/lib/server/libjvm.dylib at 0x0000000105000000
 x1=0x000000010e2a4a90 is at entry_point+-2544 in (nmethod*)0x000000010e2a4a90
 x2=0x00000001056dc52c: _ZN21MarkActivationClosure12do_code_blobEP8CodeBlob+0 in /Library/Java/JavaVirtualMachines/zulu-13.jdk/Contents/Home/lib/server/libjvm.dylib at 0x0000000105000000
 x3=0x000000012c106e1c points into unknown readable memory: 00 00 00 00
 x4=0x000000016f79cbc0 is pointing into the stack for thread: 0x000000012d010000
 x5=0x000000016f79d180 is pointing into the stack for thread: 0x000000012d010000
 x6=0x0000000000000065 is an unknown value
 x7=0xd10143ff910003ed is an unknown value
 x8=0x0000000105925000: _ZN12StubRoutines17_verify_oop_countE+0 in /Library/Java/JavaVirtualMachines/zulu-13.jdk/Contents/Home/lib/server/libjvm.dylib at 0x0000000105000000
 x9=0x00000000000001e0 is an unknown value
x10=0x0000000000009d15 is an unknown value
x11=0x0000000100c90000 points into unknown readable memory: 00 01 02 03 04 05 06 07
x12=0x0000000000009d15 is an unknown value
x13=0x0 is NULL
x14=0x0000000000000010 is an unknown value
x15=0x00000000000026a6 is an unknown value
x16=0x00000001a18a9eec: free+0 in /usr/lib/system/libsystem_malloc.dylib at 0x00000001a18a8000
x17=0x0000000207469bb0: _printf_tbl_defaults_fbsd+0x3d8 in /usr/lib/system/libsystem_c.dylib at 0x00000001a1954000
x18=0x0 is NULL
x19=0x000000010e2a4a90 is at entry_point+-2544 in (nmethod*)0x000000010e2a4a90
x20=0x000000016f79cad0 is pointing into the stack for thread: 0x000000012d010000
x21=0x0000000105924fb8: _ZN12StubRoutines25_call_stub_return_addressE+0 in /Library/Java/JavaVirtualMachines/zulu-13.jdk/Contents/Home/lib/server/libjvm.dylib at 0x0000000105000000
x22=0x0000000170f3ad00 is pointing into the stack for thread: 0x000000012b01d000
x23=0x000000012ae18fe0 points into unknown readable memory: 90 d3 60 c0 06 00 00 00
x24=0x00000001a1a96940: tlv_get_addr+0 in /usr/lib/system/libdyld.dylib at 0x00000001a1a8a000
x25=0x0000000000000007 is an unknown value
x26=0x0000000100a08000: debugInit_exit.cold.1+0xab28 in /Library/Java/JavaVirtualMachines/zulu-13.jdk/Contents/Home/lib/libjdwp.dylib at 0x00000001009d4000
x27=0x000000010591eec0: _ZN10JvmtiTrace18_event_trace_flagsE+0 in /Library/Java/JavaVirtualMachines/zulu-13.jdk/Contents/Home/lib/server/libjvm.dylib at 0x0000000105000000
x28=0x0000000105924d00: _ZN18SafepointMechanism13_polling_typeE+0 in /Library/Java/JavaVirtualMachines/zulu-13.jdk/Contents/Home/lib/server/libjvm.dylib at 0x0000000105000000


Registers:
 x0=0x0000000105978820  x1=0x000000010e2a4a90  x2=0x00000001056dc52c  x3=0x000000012c106e1c
 x4=0x000000016f79cbc0  x5=0x000000016f79d180  x6=0x0000000000000065  x7=0xd10143ff910003ed
 x8=0x0000000105925000  x9=0x00000000000001e0 x10=0x0000000000009d15 x11=0x0000000100c90000
x12=0x0000000000009d15 x13=0x0000000000000000 x14=0x0000000000000010 x15=0x00000000000026a6
x16=0x00000001a18a9eec x17=0x0000000207469bb0 x18=0x0000000000000000 x19=0x000000010e2a4a90
x20=0x000000016f79cad0 x21=0x0000000105924fb8 x22=0x0000000170f3ad00 x23=0x000000012ae18fe0
x24=0x00000001a1a96940 x25=0x0000000000000007 x26=0x0000000100a08000 x27=0x000000010591eec0
x28=0x0000000105924d00  fp=0x000000016f79ca90  lr=0x000000010570ad88  sp=0x000000016f79ca80
pc=0x00000001056dc568 cpsr=0x0000000080001000
Top of Stack: (sp=0x000000016f79ca80)
0x000000016f79ca80:   000000016f79cad0 0000000105978820
0x000000016f79ca90:   000000016f79d170 000000010570ad88
0x000000016f79caa0:   000000016f79de90 000000010e2a5a74
0x000000016f79cab0:   000000010e2a4a90 0000000100000000
0x000000016f79cac0:   000000016f79e2d0 000000016f79df00
0x000000016f79cad0:   000000016f79cb50 000000016f79cd8c
0x000000016f79cae0:   000000016f79cd8b 000000016f79cc64
0x000000016f79caf0:   00000000b2f3be99 000000016f79cd8a
0x000000016f79cb00:   00000001a19d0e81 000000016f79cc64
0x000000016f79cb10:   000000016f79cc64 0000000000000001
0x000000016f79cb20:   000000016f79ccd7 00000000b2f3be99
0x000000016f79cb30:   000000016f79cf78 0000000000000000
0x000000016f79cb40:   000000016f79cd88 000000020c0e6728
0x000000016f79cb50:   000000000000003c 0000000000000010
0x000000016f79cb60:   000000016f79ce7f 000000016f79cc64
0x000000016f79cb70:   0000000000000003 00000001057a26ea
0x000000016f79cb80:   0000000000000005 000000000000003c
0x000000016f79cb90:   0000000000000000 ffffffffffffffff
0x000000016f79cba0:   000000016f79cbc8 000000016f79d180
0x000000016f79cbb0:   0000000000000000 000000010539ca5c
0x000000016f79cbc0:   000000016f79cf78 000000016f79cbd8
0x000000016f79cbd0:   0000000000000000 00000001057a2707
0x000000016f79cbe0:   0000000000000010 00000001057856a4
0x000000016f79cbf0:   0000000000000005 000000016f79cd7f
0x000000016f79cc00:   0000000000000009 000000016f79cd64
0x000000016f79cc10:   000000016f79cd64 0000000000000001
0x000000016f79cc20:   000000016f79cdd7 0000000000000000
0x000000016f79cc30:   000000016f79d078 0000000000000000
0x000000016f79cc40:   000000016f79ce88 000000020c0e6728
0x000000016f79cc50:   0000000000000037 58000006c8763020
0x000000016f79cc60:   000000016f79ccc0 000000016f79cd64
0x000000016f79cc70:   0000000000000004 00000001057d6c7b 

Instructions: (pc=0x00000001056dc568)
0x00000001056dc468:   fd41b500 5e61d800 f00008e8 fd474501
0x00000001056dc478:   1e611800 fd0003e0 f0000801 910c2421
0x00000001056dc488:   aa1303e0 97fb60bb b0001248 f9419508
0x00000001056dc498:   f90003e8 f0000801 910cd821 aa1303e0
0x00000001056dc4a8:   97fb60b4 b0001248 f941a908 b0001249
0x00000001056dc4b8:   f941ad29 a90027e8 f0000801 910d7421
0x00000001056dc4c8:   aa1303e0 97fb60ab b0001248 f941b108
0x00000001056dc4d8:   d34afd08 f90003e8 f0000801 910e7421
0x00000001056dc4e8:   aa1303e0 97fb60a3 aa1403e0 a9427bfd
0x00000001056dc4f8:   a9414ff4 9100c3ff 17fb6794 a9bf7bfd
0x00000001056dc508:   910003fd d2800000 a8c17bfd d65f03c0
0x00000001056dc518:   a9bf7bfd 910003fd d2800000 a8c17bfd
0x00000001056dc528:   d65f03c0 a9be4ff4 a9017bfd 910043fd
0x00000001056dc538:   aa0103f3 b0001248 b9434d09 35000129
0x00000001056dc548:   f0000f29 d503201f f9447529 d354fd2a
0x00000001056dc558:   531f794a f144013f 1a9f2549 b9034d09
0x00000001056dc568:   b9015269 f9400268 f9404108 aa1303e0
0x00000001056dc578:   d63f0100 340000a0 aa1303e0 a9417bfd
0x00000001056dc588:   a8c24ff4 17faaca0 a9417bfd a8c24ff4
0x00000001056dc598:   d65f03c0 a9bf7bfd 910003fd b0001248
0x00000001056dc5a8:   b9434d09 35000129 f0000f29 d503201f
0x00000001056dc5b8:   f9447529 d354fd2a 531f794a f144013f
0x00000001056dc5c8:   1a9f2549 b9034d09 b9015029 a8c17bfd
0x00000001056dc5d8:   d65f03c0 a9be4ff4 a9017bfd 910043fd
0x00000001056dc5e8:   aa0103f3 aa0003f4 f9400028 f9402108
0x00000001056dc5f8:   aa0103e0 d63f0100 340000c0 f9400268
0x00000001056dc608:   f9402908 aa1303e0 d63f0100 36000080
0x00000001056dc618:   a9417bfd a8c24ff4 d65f03c0 f9400681
0x00000001056dc628:   f9400268 f9406502 aa1303e0 a9417bfd
0x00000001056dc638:   a8c24ff4 d61f0040 a9bf7bfd 910003fd
0x00000001056dc648:   f9400c01 52800020 a8c17bfd 1400bdb4
0x00000001056dc658:   a9be4ff4 a9017bfd 910043fd 39404008 


Stack slot to memory mapping:
stack at sp + 0 slots: 0x000000016f79cad0 is pointing into the stack for thread: 0x000000012d010000
stack at sp + 1 slots: 0x0000000105978820: _ZL23mark_activation_closure+0 in /Library/Java/JavaVirtualMachines/zulu-13.jdk/Contents/Home/lib/server/libjvm.dylib at 0x0000000105000000
stack at sp + 2 slots: 0x000000016f79d170 is pointing into the stack for thread: 0x000000012d010000
stack at sp + 3 slots: 0x000000010570ad88: _ZN10JavaThread11nmethods_doEP15CodeBlobClosure+0x78 in /Library/Java/JavaVirtualMachines/zulu-13.jdk/Contents/Home/lib/server/libjvm.dylib at 0x0000000105000000
stack at sp + 4 slots: 0x000000016f79de90 is pointing into the stack for thread: 0x000000012d010000
stack at sp + 5 slots: 0x000000010e2a5a74 is at entry_point+1524 in (nmethod*)0x000000010e2a4a90
stack at sp + 6 slots: 0x000000010e2a4a90 is at entry_point+-2544 in (nmethod*)0x000000010e2a4a90
stack at sp + 7 slots: 0x0000000100000000 is an unknown value


---------------  P R O C E S S  ---------------

Threads class SMR info:
_java_thread_list=0x0000000100fde510, length=15, elements={
0x000000012d010000, 0x000000012b017800, 0x000000012b01a800, 0x000000012d86e800,
0x000000012b019000, 0x000000012b01d000, 0x000000012d88a000, 0x000000012b01e000,
0x000000011d05a800, 0x000000012d88e000, 0x000000012d892800, 0x000000012b842000,
0x000000012b1ff800, 0x000000012ba73800, 0x000000012dae4800
}

Java Threads: ( => current thread )
=>0x000000012d010000 JavaThread "main" [_thread_in_vm, id=6403, stack(0x000000016f59c000,0x000000016f79f000)]
  0x000000012b017800 JavaThread "Reference Handler" daemon [_thread_blocked, id=15107, stack(0x00000001703f0000,0x00000001705f3000)]
  0x000000012b01a800 JavaThread "Finalizer" daemon [_thread_blocked, id=15875, stack(0x00000001705fc000,0x00000001707ff000)]
  0x000000012d86e800 JavaThread "Signal Dispatcher" daemon [_thread_blocked, id=43267, stack(0x0000000170920000,0x0000000170b23000)]
  0x000000012b019000 JavaThread "C1 CompilerThread0" daemon [_thread_blocked, id=22275, stack(0x0000000170b2c000,0x0000000170d2f000)]
  0x000000012b01d000 JavaThread "Sweeper thread" daemon [_thread_blocked, id=22787, stack(0x0000000170d38000,0x0000000170f3b000)]
  0x000000012d88a000 JavaThread "Common-Cleaner" daemon [_thread_blocked, id=23043, stack(0x0000000170f44000,0x0000000171147000)]
  0x000000012b01e000 JavaThread "JDWP Transport Listener: dt_socket" daemon [_thread_blocked, id=41987, stack(0x0000000171150000,0x0000000171353000)]
  0x000000011d05a800 JavaThread "JDWP Event Helper Thread" daemon [_thread_blocked, id=41731, stack(0x000000017135c000,0x000000017155f000)]
  0x000000012d88e000 JavaThread "JDWP Command Reader" daemon [_thread_in_native, id=24579, stack(0x0000000171568000,0x000000017176b000)]
  0x000000012d892800 JavaThread "Service Thread" daemon [_thread_blocked, id=40963, stack(0x0000000171774000,0x0000000171977000)]
  0x000000012b842000 JavaThread "RMI TCP Accept-0" daemon [_thread_in_native, id=25603, stack(0x0000000171980000,0x0000000171b83000)]
  0x000000012b1ff800 JavaThread "logback-1" daemon [_thread_blocked, id=38659, stack(0x00000001729e0000,0x0000000172be3000)]
  0x000000012ba73800 JavaThread "logback-2" daemon [_thread_blocked, id=28419, stack(0x0000000172bec000,0x0000000172def000)]
  0x000000012dae4800 JavaThread "Attach Listener" daemon [_thread_blocked, id=27659, stack(0x00000001727d4000,0x00000001729d7000)]

Other Threads:
  0x000000012b015800 VMThread "VM Thread" [stack: 0x00000001701e4000,0x00000001703e7000] [id=14339] _threads_hazard_ptr=0x0000000100fde510
  0x000000012d089800 WatcherThread [stack: 0x0000000171b8c000,0x0000000171d8f000] [id=25859]
  0x000000012d831000 GCTaskThread "GC Thread#0" [stack: 0x000000016f7a8000,0x000000016f9ab000] [id=20995]
  0x000000012d937800 GCTaskThread "GC Thread#1" [stack: 0x0000000171d98000,0x0000000171f9b000] [id=26371]
  0x000000012d938000 GCTaskThread "GC Thread#2" [stack: 0x0000000171fa4000,0x00000001721a7000] [id=26883]
  0x000000012d93d800 GCTaskThread "GC Thread#3" [stack: 0x00000001721b0000,0x00000001723b3000] [id=27139]
  0x000000011d05b800 GCTaskThread "GC Thread#4" [stack: 0x00000001723bc000,0x00000001725bf000] [id=40195]
  0x000000011c80f000 GCTaskThread "GC Thread#5" [stack: 0x00000001725c8000,0x00000001727cb000] [id=39683]
  0x000000012d842000 ConcurrentGCThread "G1 Main Marker" [stack: 0x000000016f9b4000,0x000000016fbb7000] [id=20483]
  0x000000011f008800 ConcurrentGCThread "G1 Conc#0" [stack: 0x000000016fbc0000,0x000000016fdc3000] [id=19715]
  0x000000012d203000 ConcurrentGCThread "G1 Conc#1" [stack: 0x0000000172df8000,0x0000000172ffb000] [id=37891]
  0x000000012b83e000 ConcurrentGCThread "G1 Refine#0" [stack: 0x000000016fdcc000,0x000000016ffcf000] [id=12547]
  0x000000011f02d800 ConcurrentGCThread "G1 Young RemSet Sampling" [stack: 0x000000016ffd8000,0x00000001701db000] [id=13059]

Threads with active compile tasks:

VM state:not at safepoint (normal execution)

VM Mutex/Monitor currently owned by a thread: None

Heap address: 0x00000006c0000000, size: 4096 MB, Compressed Oops mode: Zero based, Oop shift amount: 3
Narrow klass base: 0x0000000800000000, Narrow klass shift: 0
Compressed class space size: 1073741824 Address: 0x0000000800000000

Heap:
 garbage-first heap   total 155648K, used 29746K [0x00000006c0000000, 0x00000007c0000000)
  region size 1024K, 19 young (19456K), 2 survivors (2048K)
 Metaspace       used 27928K, capacity 28725K, committed 28976K, reserved 1075200K
  class space    used 3355K, capacity 3667K, committed 3712K, reserved 1048576K
Heap Regions: E=young(eden), S=young(survivor), O=old, HS=humongous(starts), HC=humongous(continues), CS=collection set, F=free, A=archive, TAMS=top-at-mark-start (previous, next)
|   0|0x00000006c0000000, 0x00000006c0100000, 0x00000006c0100000|100%|HS|  |TAMS 0x00000006c0100000, 0x00000006c0000000| Complete 
|   1|0x00000006c0100000, 0x00000006c0200000, 0x00000006c0200000|100%|HC|  |TAMS 0x00000006c0200000, 0x00000006c0100000| Complete 
|   2|0x00000006c0200000, 0x00000006c0300000, 0x00000006c0300000|100%| O|  |TAMS 0x00000006c0300000, 0x00000006c0200000| Untracked 
|   3|0x00000006c0300000, 0x00000006c0400000, 0x00000006c0400000|100%| O|  |TAMS 0x00000006c0400000, 0x00000006c0300000| Untracked 
|   4|0x00000006c0400000, 0x00000006c0500000, 0x00000006c0500000|100%| O|  |TAMS 0x00000006c0500000, 0x00000006c0400000| Untracked 
|   5|0x00000006c0500000, 0x00000006c0584800, 0x00000006c0600000| 51%| O|  |TAMS 0x00000006c0584800, 0x00000006c0500000| Untracked 
|   6|0x00000006c0600000, 0x00000006c0700000, 0x00000006c0700000|100%| O|  |TAMS 0x00000006c0600000, 0x00000006c0600000| Untracked 
|   7|0x00000006c0700000, 0x00000006c0800000, 0x00000006c0800000|100%| O|  |TAMS 0x00000006c0700000, 0x00000006c0700000| Untracked 
|   8|0x00000006c0800000, 0x00000006c0900000, 0x00000006c0900000|100%| O|  |TAMS 0x00000006c0800000, 0x00000006c0800000| Untracked 
|   9|0x00000006c0900000, 0x00000006c0a00000, 0x00000006c0a00000|100%| O|  |TAMS 0x00000006c0900000, 0x00000006c0900000| Untracked 
|  10|0x00000006c0a00000, 0x00000006c0adba00, 0x00000006c0b00000| 85%| O|  |TAMS 0x00000006c0a00000, 0x00000006c0a00000| Untracked 
|  11|0x00000006c0b00000, 0x00000006c0b00000, 0x00000006c0c00000|  0%| F|  |TAMS 0x00000006c0b00000, 0x00000006c0b00000| Untracked 
|  12|0x00000006c0c00000, 0x00000006c0c00000, 0x00000006c0d00000|  0%| F|  |TAMS 0x00000006c0c00000, 0x00000006c0c00000| Untracked 
|  13|0x00000006c0d00000, 0x00000006c0d00000, 0x00000006c0e00000|  0%| F|  |TAMS 0x00000006c0d00000, 0x00000006c0d00000| Untracked 
|  14|0x00000006c0e00000, 0x00000006c0f00000, 0x00000006c0f00000|100%| O|  |TAMS 0x00000006c0e00000, 0x00000006c0e00000| Untracked 
|  15|0x00000006c0f00000, 0x00000006c0f00000, 0x00000006c1000000|  0%| F|  |TAMS 0x00000006c0f00000, 0x00000006c0f00000| Untracked 
|  16|0x00000006c1000000, 0x00000006c1000000, 0x00000006c1100000|  0%| F|  |TAMS 0x00000006c1000000, 0x00000006c1000000| Untracked 
|  17|0x00000006c1100000, 0x00000006c1100000, 0x00000006c1200000|  0%| F|  |TAMS 0x00000006c1100000, 0x00000006c1100000| Untracked 
|  18|0x00000006c1200000, 0x00000006c1200000, 0x00000006c1300000|  0%| F|  |TAMS 0x00000006c1200000, 0x00000006c1200000| Untracked 
|  19|0x00000006c1300000, 0x00000006c1300000, 0x00000006c1400000|  0%| F|  |TAMS 0x00000006c1300000, 0x00000006c1300000| Untracked 
|  20|0x00000006c1400000, 0x00000006c1400000, 0x00000006c1500000|  0%| F|  |TAMS 0x00000006c1400000, 0x00000006c1400000| Untracked 
|  21|0x00000006c1500000, 0x00000006c1500000, 0x00000006c1600000|  0%| F|  |TAMS 0x00000006c1500000, 0x00000006c1500000| Untracked 
|  22|0x00000006c1600000, 0x00000006c16ac950, 0x00000006c1700000| 67%| S|CS|TAMS 0x00000006c1600000, 0x00000006c1600000| Complete 
|  23|0x00000006c1700000, 0x00000006c1800000, 0x00000006c1800000|100%| S|CS|TAMS 0x00000006c1700000, 0x00000006c1700000| Complete 
|  24|0x00000006c1800000, 0x00000006c1800000, 0x00000006c1900000|  0%| F|  |TAMS 0x00000006c1800000, 0x00000006c1800000| Untracked 
|  25|0x00000006c1900000, 0x00000006c1900000, 0x00000006c1a00000|  0%| F|  |TAMS 0x00000006c1900000, 0x00000006c1900000| Untracked 
|  26|0x00000006c1a00000, 0x00000006c1a00000, 0x00000006c1b00000|  0%| F|  |TAMS 0x00000006c1a00000, 0x00000006c1a00000| Untracked 
|  27|0x00000006c1b00000, 0x00000006c1b00000, 0x00000006c1c00000|  0%| F|  |TAMS 0x00000006c1b00000, 0x00000006c1b00000| Untracked 
|  28|0x00000006c1c00000, 0x00000006c1c00000, 0x00000006c1d00000|  0%| F|  |TAMS 0x00000006c1c00000, 0x00000006c1c00000| Untracked 
|  29|0x00000006c1d00000, 0x00000006c1d00000, 0x00000006c1e00000|  0%| F|  |TAMS 0x00000006c1d00000, 0x00000006c1d00000| Untracked 
|  30|0x00000006c1e00000, 0x00000006c1e00000, 0x00000006c1f00000|  0%| F|  |TAMS 0x00000006c1e00000, 0x00000006c1e00000| Untracked 
|  31|0x00000006c1f00000, 0x00000006c1f00000, 0x00000006c2000000|  0%| F|  |TAMS 0x00000006c1f00000, 0x00000006c1f00000| Untracked 
|  32|0x00000006c2000000, 0x00000006c2000000, 0x00000006c2100000|  0%| F|  |TAMS 0x00000006c2000000, 0x00000006c2000000| Untracked 
|  33|0x00000006c2100000, 0x00000006c2100000, 0x00000006c2200000|  0%| F|  |TAMS 0x00000006c2100000, 0x00000006c2100000| Untracked 
|  34|0x00000006c2200000, 0x00000006c2200000, 0x00000006c2300000|  0%| F|  |TAMS 0x00000006c2200000, 0x00000006c2200000| Untracked 
|  35|0x00000006c2300000, 0x00000006c2300000, 0x00000006c2400000|  0%| F|  |TAMS 0x00000006c2300000, 0x00000006c2300000| Untracked 
|  36|0x00000006c2400000, 0x00000006c2400000, 0x00000006c2500000|  0%| F|  |TAMS 0x00000006c2400000, 0x00000006c2400000| Untracked 
|  37|0x00000006c2500000, 0x00000006c2500000, 0x00000006c2600000|  0%| F|  |TAMS 0x00000006c2500000, 0x00000006c2500000| Untracked 
|  38|0x00000006c2600000, 0x00000006c2600000, 0x00000006c2700000|  0%| F|  |TAMS 0x00000006c2600000, 0x00000006c2600000| Untracked 
|  39|0x00000006c2700000, 0x00000006c2700000, 0x00000006c2800000|  0%| F|  |TAMS 0x00000006c2700000, 0x00000006c2700000| Untracked 
|  40|0x00000006c2800000, 0x00000006c2800000, 0x00000006c2900000|  0%| F|  |TAMS 0x00000006c2800000, 0x00000006c2800000| Untracked 
|  41|0x00000006c2900000, 0x00000006c2900000, 0x00000006c2a00000|  0%| F|  |TAMS 0x00000006c2900000, 0x00000006c2900000| Untracked 
|  42|0x00000006c2a00000, 0x00000006c2a00000, 0x00000006c2b00000|  0%| F|  |TAMS 0x00000006c2a00000, 0x00000006c2a00000| Untracked 
|  43|0x00000006c2b00000, 0x00000006c2b00000, 0x00000006c2c00000|  0%| F|  |TAMS 0x00000006c2b00000, 0x00000006c2b00000| Untracked 
|  44|0x00000006c2c00000, 0x00000006c2c00000, 0x00000006c2d00000|  0%| F|  |TAMS 0x00000006c2c00000, 0x00000006c2c00000| Untracked 
|  45|0x00000006c2d00000, 0x00000006c2d00000, 0x00000006c2e00000|  0%| F|  |TAMS 0x00000006c2d00000, 0x00000006c2d00000| Untracked 
|  46|0x00000006c2e00000, 0x00000006c2e00000, 0x00000006c2f00000|  0%| F|  |TAMS 0x00000006c2e00000, 0x00000006c2e00000| Untracked 
|  47|0x00000006c2f00000, 0x00000006c2f00000, 0x00000006c3000000|  0%| F|  |TAMS 0x00000006c2f00000, 0x00000006c2f00000| Untracked 
|  48|0x00000006c3000000, 0x00000006c3000000, 0x00000006c3100000|  0%| F|  |TAMS 0x00000006c3000000, 0x00000006c3000000| Untracked 
|  49|0x00000006c3100000, 0x00000006c3100000, 0x00000006c3200000|  0%| F|  |TAMS 0x00000006c3100000, 0x00000006c3100000| Untracked 
|  50|0x00000006c3200000, 0x00000006c3200000, 0x00000006c3300000|  0%| F|  |TAMS 0x00000006c3200000, 0x00000006c3200000| Untracked 
|  51|0x00000006c3300000, 0x00000006c3300000, 0x00000006c3400000|  0%| F|  |TAMS 0x00000006c3300000, 0x00000006c3300000| Untracked 
|  52|0x00000006c3400000, 0x00000006c3400000, 0x00000006c3500000|  0%| F|  |TAMS 0x00000006c3400000, 0x00000006c3400000| Untracked 
|  53|0x00000006c3500000, 0x00000006c3500000, 0x00000006c3600000|  0%| F|  |TAMS 0x00000006c3500000, 0x00000006c3500000| Untracked 
|  54|0x00000006c3600000, 0x00000006c3600000, 0x00000006c3700000|  0%| F|  |TAMS 0x00000006c3600000, 0x00000006c3600000| Untracked 
|  55|0x00000006c3700000, 0x00000006c3700000, 0x00000006c3800000|  0%| F|  |TAMS 0x00000006c3700000, 0x00000006c3700000| Untracked 
|  56|0x00000006c3800000, 0x00000006c3800000, 0x00000006c3900000|  0%| F|  |TAMS 0x00000006c3800000, 0x00000006c3800000| Untracked 
|  57|0x00000006c3900000, 0x00000006c3900000, 0x00000006c3a00000|  0%| F|  |TAMS 0x00000006c3900000, 0x00000006c3900000| Untracked 
|  58|0x00000006c3a00000, 0x00000006c3a00000, 0x00000006c3b00000|  0%| F|  |TAMS 0x00000006c3a00000, 0x00000006c3a00000| Untracked 
|  59|0x00000006c3b00000, 0x00000006c3b00000, 0x00000006c3c00000|  0%| F|  |TAMS 0x00000006c3b00000, 0x00000006c3b00000| Untracked 
|  60|0x00000006c3c00000, 0x00000006c3c00000, 0x00000006c3d00000|  0%| F|  |TAMS 0x00000006c3c00000, 0x00000006c3c00000| Untracked 
|  61|0x00000006c3d00000, 0x00000006c3d00000, 0x00000006c3e00000|  0%| F|  |TAMS 0x00000006c3d00000, 0x00000006c3d00000| Untracked 
|  62|0x00000006c3e00000, 0x00000006c3e00000, 0x00000006c3f00000|  0%| F|  |TAMS 0x00000006c3e00000, 0x00000006c3e00000| Untracked 
|  63|0x00000006c3f00000, 0x00000006c3f00000, 0x00000006c4000000|  0%| F|  |TAMS 0x00000006c3f00000, 0x00000006c3f00000| Untracked 
|  64|0x00000006c4000000, 0x00000006c4000000, 0x00000006c4100000|  0%| F|  |TAMS 0x00000006c4000000, 0x00000006c4000000| Untracked 
|  65|0x00000006c4100000, 0x00000006c4100000, 0x00000006c4200000|  0%| F|  |TAMS 0x00000006c4100000, 0x00000006c4100000| Untracked 
|  66|0x00000006c4200000, 0x00000006c4200000, 0x00000006c4300000|  0%| F|  |TAMS 0x00000006c4200000, 0x00000006c4200000| Untracked 
|  67|0x00000006c4300000, 0x00000006c4300000, 0x00000006c4400000|  0%| F|  |TAMS 0x00000006c4300000, 0x00000006c4300000| Untracked 
|  68|0x00000006c4400000, 0x00000006c4400000, 0x00000006c4500000|  0%| F|  |TAMS 0x00000006c4400000, 0x00000006c4400000| Untracked 
|  69|0x00000006c4500000, 0x00000006c4500000, 0x00000006c4600000|  0%| F|  |TAMS 0x00000006c4500000, 0x00000006c4500000| Untracked 
|  70|0x00000006c4600000, 0x00000006c4600000, 0x00000006c4700000|  0%| F|  |TAMS 0x00000006c4600000, 0x00000006c4600000| Untracked 
|  71|0x00000006c4700000, 0x00000006c4700000, 0x00000006c4800000|  0%| F|  |TAMS 0x00000006c4700000, 0x00000006c4700000| Untracked 
|  72|0x00000006c4800000, 0x00000006c4800000, 0x00000006c4900000|  0%| F|  |TAMS 0x00000006c4800000, 0x00000006c4800000| Untracked 
|  73|0x00000006c4900000, 0x00000006c4900000, 0x00000006c4a00000|  0%| F|  |TAMS 0x00000006c4900000, 0x00000006c4900000| Untracked 
|  74|0x00000006c4a00000, 0x00000006c4a00000, 0x00000006c4b00000|  0%| F|  |TAMS 0x00000006c4a00000, 0x00000006c4a00000| Untracked 
|  75|0x00000006c4b00000, 0x00000006c4b00000, 0x00000006c4c00000|  0%| F|  |TAMS 0x00000006c4b00000, 0x00000006c4b00000| Untracked 
|  76|0x00000006c4c00000, 0x00000006c4c00000, 0x00000006c4d00000|  0%| F|  |TAMS 0x00000006c4c00000, 0x00000006c4c00000| Untracked 
|  77|0x00000006c4d00000, 0x00000006c4d00000, 0x00000006c4e00000|  0%| F|  |TAMS 0x00000006c4d00000, 0x00000006c4d00000| Untracked 
|  78|0x00000006c4e00000, 0x00000006c4e00000, 0x00000006c4f00000|  0%| F|  |TAMS 0x00000006c4e00000, 0x00000006c4e00000| Untracked 
|  79|0x00000006c4f00000, 0x00000006c4f00000, 0x00000006c5000000|  0%| F|  |TAMS 0x00000006c4f00000, 0x00000006c4f00000| Untracked 
|  80|0x00000006c5000000, 0x00000006c5000000, 0x00000006c5100000|  0%| F|  |TAMS 0x00000006c5000000, 0x00000006c5000000| Untracked 
|  81|0x00000006c5100000, 0x00000006c5100000, 0x00000006c5200000|  0%| F|  |TAMS 0x00000006c5100000, 0x00000006c5100000| Untracked 
|  82|0x00000006c5200000, 0x00000006c5200000, 0x00000006c5300000|  0%| F|  |TAMS 0x00000006c5200000, 0x00000006c5200000| Untracked 
|  83|0x00000006c5300000, 0x00000006c5300000, 0x00000006c5400000|  0%| F|  |TAMS 0x00000006c5300000, 0x00000006c5300000| Untracked 
|  84|0x00000006c5400000, 0x00000006c5400000, 0x00000006c5500000|  0%| F|  |TAMS 0x00000006c5400000, 0x00000006c5400000| Untracked 
|  85|0x00000006c5500000, 0x00000006c5500000, 0x00000006c5600000|  0%| F|  |TAMS 0x00000006c5500000, 0x00000006c5500000| Untracked 
|  86|0x00000006c5600000, 0x00000006c5600000, 0x00000006c5700000|  0%| F|  |TAMS 0x00000006c5600000, 0x00000006c5600000| Untracked 
|  87|0x00000006c5700000, 0x00000006c5700000, 0x00000006c5800000|  0%| F|  |TAMS 0x00000006c5700000, 0x00000006c5700000| Untracked 
|  88|0x00000006c5800000, 0x00000006c5800000, 0x00000006c5900000|  0%| F|  |TAMS 0x00000006c5800000, 0x00000006c5800000| Untracked 
|  89|0x00000006c5900000, 0x00000006c5900000, 0x00000006c5a00000|  0%| F|  |TAMS 0x00000006c5900000, 0x00000006c5900000| Untracked 
|  90|0x00000006c5a00000, 0x00000006c5a00000, 0x00000006c5b00000|  0%| F|  |TAMS 0x00000006c5a00000, 0x00000006c5a00000| Untracked 
|  91|0x00000006c5b00000, 0x00000006c5b00000, 0x00000006c5c00000|  0%| F|  |TAMS 0x00000006c5b00000, 0x00000006c5b00000| Untracked 
|  92|0x00000006c5c00000, 0x00000006c5c00000, 0x00000006c5d00000|  0%| F|  |TAMS 0x00000006c5c00000, 0x00000006c5c00000| Untracked 
|  93|0x00000006c5d00000, 0x00000006c5d00000, 0x00000006c5e00000|  0%| F|  |TAMS 0x00000006c5d00000, 0x00000006c5d00000| Untracked 
|  94|0x00000006c5e00000, 0x00000006c5e00000, 0x00000006c5f00000|  0%| F|  |TAMS 0x00000006c5e00000, 0x00000006c5e00000| Untracked 
|  95|0x00000006c5f00000, 0x00000006c5f00000, 0x00000006c6000000|  0%| F|  |TAMS 0x00000006c5f00000, 0x00000006c5f00000| Untracked 
|  96|0x00000006c6000000, 0x00000006c6000000, 0x00000006c6100000|  0%| F|  |TAMS 0x00000006c6000000, 0x00000006c6000000| Untracked 
|  97|0x00000006c6100000, 0x00000006c6100000, 0x00000006c6200000|  0%| F|  |TAMS 0x00000006c6100000, 0x00000006c6100000| Untracked 
|  98|0x00000006c6200000, 0x00000006c6200000, 0x00000006c6300000|  0%| F|  |TAMS 0x00000006c6200000, 0x00000006c6200000| Untracked 
|  99|0x00000006c6300000, 0x00000006c6300000, 0x00000006c6400000|  0%| F|  |TAMS 0x00000006c6300000, 0x00000006c6300000| Untracked 
| 100|0x00000006c6400000, 0x00000006c6400000, 0x00000006c6500000|  0%| F|  |TAMS 0x00000006c6400000, 0x00000006c6400000| Untracked 
| 101|0x00000006c6500000, 0x00000006c6500000, 0x00000006c6600000|  0%| F|  |TAMS 0x00000006c6500000, 0x00000006c6500000| Untracked 
| 102|0x00000006c6600000, 0x00000006c6600000, 0x00000006c6700000|  0%| F|  |TAMS 0x00000006c6600000, 0x00000006c6600000| Untracked 
| 103|0x00000006c6700000, 0x00000006c6700000, 0x00000006c6800000|  0%| F|  |TAMS 0x00000006c6700000, 0x00000006c6700000| Untracked 
| 104|0x00000006c6800000, 0x00000006c6800000, 0x00000006c6900000|  0%| F|  |TAMS 0x00000006c6800000, 0x00000006c6800000| Untracked 
| 105|0x00000006c6900000, 0x00000006c6900000, 0x00000006c6a00000|  0%| F|  |TAMS 0x00000006c6900000, 0x00000006c6900000| Untracked 
| 106|0x00000006c6a00000, 0x00000006c6a00000, 0x00000006c6b00000|  0%| F|  |TAMS 0x00000006c6a00000, 0x00000006c6a00000| Untracked 
| 107|0x00000006c6b00000, 0x00000006c6b00000, 0x00000006c6c00000|  0%| F|  |TAMS 0x00000006c6b00000, 0x00000006c6b00000| Untracked 
| 108|0x00000006c6c00000, 0x00000006c6c00000, 0x00000006c6d00000|  0%| F|  |TAMS 0x00000006c6c00000, 0x00000006c6c00000| Untracked 
| 109|0x00000006c6d00000, 0x00000006c6d00000, 0x00000006c6e00000|  0%| F|  |TAMS 0x00000006c6d00000, 0x00000006c6d00000| Untracked 
| 110|0x00000006c6e00000, 0x00000006c6e00000, 0x00000006c6f00000|  0%| F|  |TAMS 0x00000006c6e00000, 0x00000006c6e00000| Untracked 
| 111|0x00000006c6f00000, 0x00000006c6f00000, 0x00000006c7000000|  0%| F|  |TAMS 0x00000006c6f00000, 0x00000006c6f00000| Untracked 
| 112|0x00000006c7000000, 0x00000006c7000000, 0x00000006c7100000|  0%| F|  |TAMS 0x00000006c7000000, 0x00000006c7000000| Untracked 
| 113|0x00000006c7100000, 0x00000006c7100000, 0x00000006c7200000|  0%| F|  |TAMS 0x00000006c7100000, 0x00000006c7100000| Untracked 
| 114|0x00000006c7200000, 0x00000006c7200000, 0x00000006c7300000|  0%| F|  |TAMS 0x00000006c7200000, 0x00000006c7200000| Untracked 
| 115|0x00000006c7300000, 0x00000006c7300000, 0x00000006c7400000|  0%| F|  |TAMS 0x00000006c7300000, 0x00000006c7300000| Untracked 
| 116|0x00000006c7400000, 0x00000006c7400000, 0x00000006c7500000|  0%| F|  |TAMS 0x00000006c7400000, 0x00000006c7400000| Untracked 
| 117|0x00000006c7500000, 0x00000006c7500000, 0x00000006c7600000|  0%| F|  |TAMS 0x00000006c7500000, 0x00000006c7500000| Untracked 
| 118|0x00000006c7600000, 0x00000006c7600000, 0x00000006c7700000|  0%| F|  |TAMS 0x00000006c7600000, 0x00000006c7600000| Untracked 
| 119|0x00000006c7700000, 0x00000006c7700000, 0x00000006c7800000|  0%| F|  |TAMS 0x00000006c7700000, 0x00000006c7700000| Untracked 
| 120|0x00000006c7800000, 0x00000006c7800000, 0x00000006c7900000|  0%| F|  |TAMS 0x00000006c7800000, 0x00000006c7800000| Untracked 
| 121|0x00000006c7900000, 0x00000006c7900000, 0x00000006c7a00000|  0%| F|  |TAMS 0x00000006c7900000, 0x00000006c7900000| Untracked 
| 122|0x00000006c7a00000, 0x00000006c7a00000, 0x00000006c7b00000|  0%| F|  |TAMS 0x00000006c7a00000, 0x00000006c7a00000| Untracked 
| 123|0x00000006c7b00000, 0x00000006c7b00000, 0x00000006c7c00000|  0%| F|  |TAMS 0x00000006c7b00000, 0x00000006c7b00000| Untracked 
| 124|0x00000006c7c00000, 0x00000006c7c00000, 0x00000006c7d00000|  0%| F|  |TAMS 0x00000006c7c00000, 0x00000006c7c00000| Untracked 
| 125|0x00000006c7d00000, 0x00000006c7d00000, 0x00000006c7e00000|  0%| F|  |TAMS 0x00000006c7d00000, 0x00000006c7d00000| Untracked 
| 126|0x00000006c7e00000, 0x00000006c7e00000, 0x00000006c7f00000|  0%| F|  |TAMS 0x00000006c7e00000, 0x00000006c7e00000| Untracked 
| 127|0x00000006c7f00000, 0x00000006c7f00000, 0x00000006c8000000|  0%| F|  |TAMS 0x00000006c7f00000, 0x00000006c7f00000| Untracked 
| 128|0x00000006c8000000, 0x00000006c8000000, 0x00000006c8100000|  0%| F|  |TAMS 0x00000006c8000000, 0x00000006c8000000| Untracked 
| 129|0x00000006c8100000, 0x00000006c8100000, 0x00000006c8200000|  0%| F|  |TAMS 0x00000006c8100000, 0x00000006c8100000| Untracked 
| 130|0x00000006c8200000, 0x00000006c8200000, 0x00000006c8300000|  0%| F|  |TAMS 0x00000006c8200000, 0x00000006c8200000| Untracked 
| 131|0x00000006c8300000, 0x00000006c8300000, 0x00000006c8400000|  0%| F|  |TAMS 0x00000006c8300000, 0x00000006c8300000| Untracked 
| 132|0x00000006c8400000, 0x00000006c8400000, 0x00000006c8500000|  0%| F|  |TAMS 0x00000006c8400000, 0x00000006c8400000| Untracked 
| 133|0x00000006c8500000, 0x00000006c8500000, 0x00000006c8600000|  0%| F|  |TAMS 0x00000006c8500000, 0x00000006c8500000| Untracked 
| 134|0x00000006c8600000, 0x00000006c8600000, 0x00000006c8700000|  0%| F|  |TAMS 0x00000006c8600000, 0x00000006c8600000| Untracked 
| 135|0x00000006c8700000, 0x00000006c8780800, 0x00000006c8800000| 50%| E|  |TAMS 0x00000006c8700000, 0x00000006c8700000| Complete 
| 136|0x00000006c8800000, 0x00000006c8900000, 0x00000006c8900000|100%| E|CS|TAMS 0x00000006c8800000, 0x00000006c8800000| Complete 
| 137|0x00000006c8900000, 0x00000006c8a00000, 0x00000006c8a00000|100%| E|CS|TAMS 0x00000006c8900000, 0x00000006c8900000| Complete 
| 138|0x00000006c8a00000, 0x00000006c8b00000, 0x00000006c8b00000|100%| E|CS|TAMS 0x00000006c8a00000, 0x00000006c8a00000| Complete 
| 139|0x00000006c8b00000, 0x00000006c8c00000, 0x00000006c8c00000|100%| E|CS|TAMS 0x00000006c8b00000, 0x00000006c8b00000| Complete 
| 140|0x00000006c8c00000, 0x00000006c8d00000, 0x00000006c8d00000|100%| E|CS|TAMS 0x00000006c8c00000, 0x00000006c8c00000| Complete 
| 141|0x00000006c8d00000, 0x00000006c8e00000, 0x00000006c8e00000|100%| E|CS|TAMS 0x00000006c8d00000, 0x00000006c8d00000| Complete 
| 142|0x00000006c8e00000, 0x00000006c8f00000, 0x00000006c8f00000|100%| E|CS|TAMS 0x00000006c8e00000, 0x00000006c8e00000| Complete 
| 143|0x00000006c8f00000, 0x00000006c9000000, 0x00000006c9000000|100%| E|CS|TAMS 0x00000006c8f00000, 0x00000006c8f00000| Complete 
| 201|0x00000006cc900000, 0x00000006cca00000, 0x00000006cca00000|100%| E|CS|TAMS 0x00000006cc900000, 0x00000006cc900000| Complete 
| 202|0x00000006cca00000, 0x00000006ccb00000, 0x00000006ccb00000|100%| E|CS|TAMS 0x00000006cca00000, 0x00000006cca00000| Complete 
| 203|0x00000006ccb00000, 0x00000006ccc00000, 0x00000006ccc00000|100%| E|CS|TAMS 0x00000006ccb00000, 0x00000006ccb00000| Complete 
| 204|0x00000006ccc00000, 0x00000006ccd00000, 0x00000006ccd00000|100%| E|CS|TAMS 0x00000006ccc00000, 0x00000006ccc00000| Complete 
| 205|0x00000006ccd00000, 0x00000006cce00000, 0x00000006cce00000|100%| E|CS|TAMS 0x00000006ccd00000, 0x00000006ccd00000| Complete 
| 206|0x00000006cce00000, 0x00000006ccf00000, 0x00000006ccf00000|100%| E|CS|TAMS 0x00000006cce00000, 0x00000006cce00000| Complete 
| 254|0x00000006cfe00000, 0x00000006cff00000, 0x00000006cff00000|100%| E|CS|TAMS 0x00000006cfe00000, 0x00000006cfe00000| Complete 
| 255|0x00000006cff00000, 0x00000006d0000000, 0x00000006d0000000|100%| E|CS|TAMS 0x00000006cff00000, 0x00000006cff00000| Complete 

Card table byte_map: [0x000000011e000000,0x000000011e800000] _byte_map_base: 0x000000011aa00000

Marking Bits (Prev, Next): (CMBitMap*) 0x000000012d831858, (CMBitMap*) 0x000000012d831818
 Prev Bits: [0x0000000144000000, 0x0000000148000000)
 Next Bits: [0x0000000140000000, 0x0000000144000000)

Polling page: 0x00000001009cc000

Metaspace:

Usage:
  Non-class:     24.47 MB capacity,    24.00 MB ( 98%) used,   396.14 KB (  2%) free+waste,    88.81 KB ( <1%) overhead. 
      Class:      3.58 MB capacity,     3.28 MB ( 92%) used,   265.89 KB (  7%) free+waste,    45.69 KB (  1%) overhead. 
       Both:     28.05 MB capacity,    27.27 MB ( 97%) used,   662.03 KB (  2%) free+waste,   134.50 KB ( <1%) overhead. 

Virtual space:
  Non-class space:       26.00 MB reserved,      24.67 MB ( 95%) committed 
      Class space:        1.00 GB reserved,       3.62 MB ( <1%) committed 
             Both:        1.03 GB reserved,      28.30 MB (  3%) committed 

Chunk freelists:
   Non-Class:  14.00 KB
       Class:  13.00 KB
        Both:  27.00 KB

MaxMetaspaceSize: unlimited
CompressedClassSpaceSize: 1.00 GB

CodeHeap 'non-profiled nmethods': size=238384Kb used=5204Kb max_used=5204Kb free=233179Kb
 bounds [0x000000010ddbc000, 0x000000010e2dc000, 0x000000011c688000]
CodeHeap 'non-nmethods': size=7376Kb used=1671Kb max_used=1671Kb free=5704Kb
 bounds [0x000000010d688000, 0x000000010d8f8000, 0x000000010ddbc000]
 total_blobs=3318 nmethods=2886 adapters=370
 compilation: enabled
              stopped_count=0, restarted_count=0
 full_count=0

Compilation events (20 events):
Event: 1.221 Thread 0x000000012b019000 2944       1       java.beans.FeatureDescriptor::getName (5 bytes)
Event: 1.221 Thread 0x000000012b019000 nmethod 2944 0x000000010e2cc810 code [0x000000010e2cc980, 0x000000010e2ccad0]
Event: 1.221 Thread 0x000000012b019000 2945       1       java.util.Collections$UnmodifiableCollection::isEmpty (10 bytes)
Event: 1.221 Thread 0x000000012b019000 nmethod 2945 0x000000010e2ccb90 code [0x000000010e2ccd40, 0x000000010e2ccec0]
Event: 1.221 Thread 0x000000012b019000 2946       1       java.lang.Class::getTypeParameters (19 bytes)
Event: 1.221 Thread 0x000000012b019000 nmethod 2946 0x000000010e2ccf90 code [0x000000010e2cd180, 0x000000010e2cd560]
Event: 1.221 Thread 0x000000012b019000 2947       1       java.beans.FeatureDescriptor::setName (6 bytes)
Event: 1.221 Thread 0x000000012b019000 nmethod 2947 0x000000010e2cd710 code [0x000000010e2cd880, 0x000000010e2cda10]
Event: 1.222 Thread 0x000000012b019000 2948       1       java.util.StringJoiner::add (104 bytes)
Event: 1.222 Thread 0x000000012b019000 nmethod 2948 0x000000010e2cda90 code [0x000000010e2cdc80, 0x000000010e2ce230]
Event: 1.222 Thread 0x000000012b019000 2949       1       java.util.TimSort::sort (229 bytes)
Event: 1.222 Thread 0x000000012b019000 nmethod 2949 0x000000010e2ce490 code [0x000000010e2ce6c0, 0x000000010e2cebd0]
Event: 1.222 Thread 0x000000012b019000 2950       1       java.beans.FeatureDescriptor::getClass0 (22 bytes)
Event: 1.222 Thread 0x000000012b019000 nmethod 2950 0x000000010e2cef90 code [0x000000010e2cf140, 0x000000010e2cf340]
Event: 1.223 Thread 0x000000012b019000 2951       1       java.util.StringJoiner::getChars (15 bytes)
Event: 1.223 Thread 0x000000012b019000 nmethod 2951 0x000000010e2cf410 code [0x000000010e2cf5c0, 0x000000010e2cf740]
Event: 1.223 Thread 0x000000012b019000 2952       1       org.springframework.beans.factory.support.AbstractBeanFactory::isSingleton (179 bytes)
Event: 1.224 Thread 0x000000012b019000 nmethod 2952 0x000000010e2cf810 code [0x000000010e2cfb80, 0x000000010e2d07b0]
Event: 1.224 Thread 0x000000012b019000 2953       1       org.springframework.beans.factory.support.AbstractBeanDefinition::isSingleton (30 bytes)
Event: 1.224 Thread 0x000000012b019000 nmethod 2953 0x000000010e2d0f10 code [0x000000010e2d10c0, 0x000000010e2d12b0]

GC Heap History (10 events):
Event: 0.506 GC heap before
{Heap before GC invocations=0 (full 0):
 garbage-first heap   total 262144K, used 25600K [0x00000006c0000000, 0x00000007c0000000)
  region size 1024K, 24 young (24576K), 0 survivors (0K)
 Metaspace       used 13144K, capacity 13483K, committed 13568K, reserved 1060864K
  class space    used 1360K, capacity 1466K, committed 1536K, reserved 1048576K
}
Event: 0.511 GC heap after
{Heap after GC invocations=1 (full 0):
 garbage-first heap   total 262144K, used 8722K [0x00000006c0000000, 0x00000007c0000000)
  region size 1024K, 3 young (3072K), 3 survivors (3072K)
 Metaspace       used 13144K, capacity 13483K, committed 13568K, reserved 1060864K
  class space    used 1360K, capacity 1466K, committed 1536K, reserved 1048576K
}
Event: 0.846 GC heap before
{Heap before GC invocations=1 (full 0):
 garbage-first heap   total 262144K, used 54802K [0x00000006c0000000, 0x00000007c0000000)
  region size 1024K, 49 young (50176K), 3 survivors (3072K)
 Metaspace       used 20571K, capacity 21116K, committed 21296K, reserved 1069056K
  class space    used 2352K, capacity 2582K, committed 2688K, reserved 1048576K
}
Event: 0.850 GC heap after
{Heap after GC invocations=2 (full 0):
 garbage-first heap   total 262144K, used 10873K [0x00000006c0000000, 0x00000007c0000000)
  region size 1024K, 6 young (6144K), 6 survivors (6144K)
 Metaspace       used 20571K, capacity 21116K, committed 21296K, reserved 1069056K
  class space    used 2352K, capacity 2582K, committed 2688K, reserved 1048576K
}
Event: 0.943 GC heap before
{Heap before GC invocations=3 (full 0):
 garbage-first heap   total 48128K, used 38521K [0x00000006c0000000, 0x00000007c0000000)
  region size 1024K, 33 young (33792K), 6 survivors (6144K)
 Metaspace       used 23568K, capacity 24237K, committed 24496K, reserved 1071104K
  class space    used 2766K, capacity 3050K, committed 3072K, reserved 1048576K
}
Event: 0.946 GC heap after
{Heap after GC invocations=4 (full 0):
 garbage-first heap   total 48128K, used 11880K [0x00000006c0000000, 0x00000007c0000000)
  region size 1024K, 4 young (4096K), 4 survivors (4096K)
 Metaspace       used 23568K, capacity 24237K, committed 24496K, reserved 1071104K
  class space    used 2766K, capacity 3050K, committed 3072K, reserved 1048576K
}
Event: 1.035 GC heap before
{Heap before GC invocations=4 (full 0):
 garbage-first heap   total 48128K, used 32360K [0x00000006c0000000, 0x00000007c0000000)
  region size 1024K, 24 young (24576K), 4 survivors (4096K)
 Metaspace       used 24800K, capacity 25524K, committed 25776K, reserved 1071104K
  class space    used 2926K, capacity 3203K, committed 3328K, reserved 1048576K
}
Event: 1.037 GC heap after
{Heap after GC invocations=5 (full 0):
 garbage-first heap   total 48128K, used 13121K [0x00000006c0000000, 0x00000007c0000000)
  region size 1024K, 3 young (3072K), 3 survivors (3072K)
 Metaspace       used 24800K, capacity 25524K, committed 25776K, reserved 1071104K
  class space    used 2926K, capacity 3203K, committed 3328K, reserved 1048576K
}
Event: 1.133 GC heap before
{Heap before GC invocations=5 (full 0):
 garbage-first heap   total 48128K, used 33601K [0x00000006c0000000, 0x00000007c0000000)
  region size 1024K, 23 young (23552K), 3 survivors (3072K)
 Metaspace       used 26311K, capacity 27106K, committed 27184K, reserved 1073152K
  class space    used 3136K, capacity 3449K, committed 3456K, reserved 1048576K
}
Event: 1.136 GC heap after
{Heap after GC invocations=6 (full 0):
 garbage-first heap   total 155648K, used 13362K [0x00000006c0000000, 0x00000007c0000000)
  region size 1024K, 2 young (2048K), 2 survivors (2048K)
 Metaspace       used 26311K, capacity 27106K, committed 27184K, reserved 1073152K
  class space    used 3136K, capacity 3449K, committed 3456K, reserved 1048576K
}

Deoptimization events (20 events):
Event: 1.223 Thread 0x000000012d010000 DEOPT PACKING pc=0x000000010df015cc sp=0x000000016f79d340
Event: 1.223 Thread 0x000000012d010000 DEOPT UNPACKING pc=0x000000010d73747c sp=0x000000016f79d130 mode 1
Event: 1.223 Thread 0x000000012d010000 DEOPT PACKING pc=0x000000010df74ea4 sp=0x000000016f79ca60
Event: 1.223 Thread 0x000000012d010000 DEOPT UNPACKING pc=0x000000010d73747c sp=0x000000016f79c800 mode 1
Event: 1.223 Thread 0x000000012d010000 DEOPT PACKING pc=0x000000010df7293c sp=0x000000016f79cb30
Event: 1.223 Thread 0x000000012d010000 DEOPT UNPACKING pc=0x000000010d73747c sp=0x000000016f79c900 mode 1
Event: 1.223 Thread 0x000000012d010000 DEOPT PACKING pc=0x000000010df015cc sp=0x000000016f79d2d0
Event: 1.223 Thread 0x000000012d010000 DEOPT UNPACKING pc=0x000000010d73747c sp=0x000000016f79d0c0 mode 1
Event: 1.223 Thread 0x000000012d010000 DEOPT PACKING pc=0x000000010e0d5518 sp=0x000000016f79d2f0
Event: 1.223 Thread 0x000000012d010000 DEOPT UNPACKING pc=0x000000010d73747c sp=0x000000016f79d0c0 mode 1
Event: 1.223 Thread 0x000000012d010000 DEOPT PACKING pc=0x000000010e0bd154 sp=0x000000016f79d270
Event: 1.223 Thread 0x000000012d010000 DEOPT UNPACKING pc=0x000000010d73747c sp=0x000000016f79d0f0 mode 1
Event: 1.223 Thread 0x000000012d010000 DEOPT PACKING pc=0x000000010e0bd154 sp=0x000000016f79d2f0
Event: 1.223 Thread 0x000000012d010000 DEOPT UNPACKING pc=0x000000010d73747c sp=0x000000016f79d170 mode 1
Event: 1.223 Thread 0x000000012d010000 DEOPT PACKING pc=0x000000010e0bd154 sp=0x000000016f79d2f0
Event: 1.223 Thread 0x000000012d010000 DEOPT UNPACKING pc=0x000000010d73747c sp=0x000000016f79d170 mode 1
Event: 1.223 Thread 0x000000012d010000 DEOPT PACKING pc=0x000000010e0bd154 sp=0x000000016f79d2f0
Event: 1.223 Thread 0x000000012d010000 DEOPT UNPACKING pc=0x000000010d73747c sp=0x000000016f79d170 mode 1
Event: 1.223 Thread 0x000000012d010000 DEOPT PACKING pc=0x000000010e2168e0 sp=0x000000016f79d280
Event: 1.223 Thread 0x000000012d010000 DEOPT UNPACKING pc=0x000000010d73747c sp=0x000000016f79d0d0 mode 1

Classes unloaded (0 events):
No events

Classes redefined (0 events):
No events

Internal exceptions (20 events):
Event: 0.896 Thread 0x000000012d010000 Exception <a 'java/lang/ClassNotFoundException'{0x00000006c1666350}: org/springframework/context/ResourceLoaderAwareCustomizer> (0x00000006c1666350) 
thrown [src/hotspot/share/classfile/systemDictionary.cpp, line 232]
Event: 0.896 Thread 0x000000012d010000 Exception <a 'java/lang/ClassNotFoundException'{0x00000006c16767b8}: org/springframework/beans/factory/AwareCustomizer> (0x00000006c16767b8) 
thrown [src/hotspot/share/classfile/systemDictionary.cpp, line 232]
Event: 0.896 Thread 0x000000012d010000 Exception <a 'java/lang/ClassNotFoundException'{0x00000006c16b88f0}: org/springframework/context/ApplicationStartupAwareCustomizer> (0x00000006c16b88f0) 
thrown [src/hotspot/share/classfile/systemDictionary.cpp, line 232]
Event: 0.896 Thread 0x000000012d010000 Exception <a 'java/lang/ClassNotFoundException'{0x00000006c16c8fd0}: org/springframework/beans/factory/AwareCustomizer> (0x00000006c16c8fd0) 
thrown [src/hotspot/share/classfile/systemDictionary.cpp, line 232]
Event: 0.896 Thread 0x000000012d010000 Exception <a 'java/lang/ClassNotFoundException'{0x00000006c16da5c8}: org/springframework/beans/factory/BeanClassLoaderAwareCustomizer> (0x00000006c16da5c8) 
thrown [src/hotspot/share/classfile/systemDictionary.cpp, line 232]
Event: 0.896 Thread 0x000000012d010000 Exception <a 'java/lang/ClassNotFoundException'{0x00000006c16eaa48}: org/springframework/beans/factory/AwareCustomizer> (0x00000006c16eaa48) 
thrown [src/hotspot/share/classfile/systemDictionary.cpp, line 232]
Event: 0.896 Thread 0x000000012d010000 Exception <a 'java/lang/ClassNotFoundException'{0x00000006c16faaa0}: org/springframework/context/EnvironmentAwareCustomizer> (0x00000006c16faaa0) 
thrown [src/hotspot/share/classfile/systemDictionary.cpp, line 232]
Event: 0.897 Thread 0x000000012d010000 Exception <a 'java/lang/ClassNotFoundException'{0x00000006c150b6c8}: org/springframework/beans/factory/AwareCustomizer> (0x00000006c150b6c8) 
thrown [src/hotspot/share/classfile/systemDictionary.cpp, line 232]
Event: 0.969 Thread 0x000000012d010000 Exception <a 'java/lang/IncompatibleClassChangeError'{0x00000006cc938590}: Found class java.lang.Object, but interface was expected> (0x00000006cc938590) 
thrown [src/hotspot/share/interpreter/linkResolver.cpp, line 833]
Event: 0.980 Thread 0x000000012d010000 Exception <a 'java/lang/NoSuchMethodError'{0x00000006c25166e0}: 'void java.lang.invoke.DirectMethodHandle$Holder.invokeInterface(java.lang.Object, java.lang.Object, java.lang.Object, java.lang.Object)'> (0x00000006c25166e0) 
thrown [src/hotspot/share/interpreter/linkResolver.cpp, line 767]
Event: 1.013 Thread 0x000000012d010000 Exception <a 'java/lang/NoSuchMethodError'{0x00000006c1f34d10}: 'void java.lang.invoke.DelegatingMethodHandle$Holder.delegate(java.lang.Object, java.lang.Object, int, java.lang.Object)'> (0x00000006c1f34d10) 
thrown [src/hotspot/share/interpreter/linkResolver.cpp, line 767]
Event: 1.220 Thread 0x000000012d010000 Exception <a 'java/lang/ClassNotFoundException'{0x00000006c887d698}: java/lang/ObjectCustomizer> (0x00000006c887d698) 
thrown [src/hotspot/share/classfile/systemDictionary.cpp, line 232]
Event: 1.221 Thread 0x000000012d010000 Exception <a 'java/lang/ClassNotFoundException'{0x00000006c8891ff8}: org/mybatis/spring/mapper/MapperScannerConfigurerCustomizer> (0x00000006c8891ff8) 
thrown [src/hotspot/share/classfile/systemDictionary.cpp, line 232]
Event: 1.222 Thread 0x000000012d010000 Exception <a 'java/lang/ClassNotFoundException'{0x00000006c88c4048}: org/springframework/beans/factory/support/BeanDefinitionRegistryPostProcessorCustomizer> (0x00000006c88c4048) 
thrown [src/hotspot/share/classfile/systemDictionary.cpp, line 232]
Event: 1.222 Thread 0x000000012d010000 Exception <a 'java/lang/ClassNotFoundException'{0x00000006c88d7e10}: org/springframework/beans/factory/config/BeanFactoryPostProcessorCustomizer> (0x00000006c88d7e10) 
thrown [src/hotspot/share/classfile/systemDictionary.cpp, line 232]
Event: 1.222 Thread 0x000000012d010000 Exception <a 'java/lang/ClassNotFoundException'{0x00000006c88e9ae8}: org/springframework/beans/factory/InitializingBeanCustomizer> (0x00000006c88e9ae8) 
thrown [src/hotspot/share/classfile/systemDictionary.cpp, line 232]
Event: 1.222 Thread 0x000000012d010000 Exception <a 'java/lang/ClassNotFoundException'{0x00000006c88fb7f0}: org/springframework/context/ApplicationContextAwareCustomizer> (0x00000006c88fb7f0) 
thrown [src/hotspot/share/classfile/systemDictionary.cpp, line 232]
Event: 1.222 Thread 0x000000012d010000 Exception <a 'java/lang/ClassNotFoundException'{0x00000006c870cc10}: org/springframework/beans/factory/AwareCustomizer> (0x00000006c870cc10) 
thrown [src/hotspot/share/classfile/systemDictionary.cpp, line 232]
Event: 1.222 Thread 0x000000012d010000 Exception <a 'java/lang/ClassNotFoundException'{0x00000006c871d248}: org/springframework/beans/factory/BeanNameAwareCustomizer> (0x00000006c871d248) 
thrown [src/hotspot/share/classfile/systemDictionary.cpp, line 232]
Event: 1.223 Thread 0x000000012d010000 Exception <a 'java/lang/ClassNotFoundException'{0x00000006c872d648}: org/springframework/beans/factory/AwareCustomizer> (0x00000006c872d648) 
thrown [src/hotspot/share/classfile/systemDictionary.cpp, line 232]

Events (20 events):
Event: 1.222 loading class org/springframework/beans/factory/AwareCustomizer done
Event: 1.222 loading class org/springframework/beans/factory/AwareCustomizer
Event: 1.222 loading class org/springframework/beans/factory/AwareCustomizer done
Event: 1.222 loading class org/springframework/beans/factory/AwareCustomizer
Event: 1.222 loading class org/springframework/beans/factory/AwareCustomizer done
Event: 1.222 loading class org/springframework/beans/factory/BeanNameAwareCustomizer
Event: 1.222 loading class org/springframework/beans/factory/BeanNameAwareCustomizer done
Event: 1.222 loading class org/springframework/beans/factory/BeanNameAwareCustomizer
Event: 1.222 loading class org/springframework/beans/factory/BeanNameAwareCustomizer done
Event: 1.222 loading class org/springframework/beans/factory/BeanNameAwareCustomizer
Event: 1.222 loading class org/springframework/beans/factory/BeanNameAwareCustomizer done
Event: 1.222 loading class org/springframework/beans/factory/AwareCustomizer
Event: 1.222 loading class org/springframework/beans/factory/AwareCustomizer done
Event: 1.223 loading class org/springframework/beans/factory/AwareCustomizer
Event: 1.223 loading class org/springframework/beans/factory/AwareCustomizer done
Event: 1.223 loading class org/springframework/beans/factory/AwareCustomizer
Event: 1.223 loading class org/springframework/beans/factory/AwareCustomizer done
Event: 1.223 loading class org/springframework/beans/factory/support/ConstructorResolver
Event: 1.223 loading class org/springframework/beans/factory/support/ConstructorResolver done
Event: 1.224 Executing VM operation: HandshakeAllThreads


Dynamic libraries:
0x00000001ab045000 	/usr/lib/libz.1.dylib
0x000000010091c000 	/Library/Java/JavaVirtualMachines/zulu-13.jdk/Contents/Home/lib/libjli.dylib
0x00000001b5660000 	/System/Library/Frameworks/Cocoa.framework/Versions/A/Cocoa
0x00000001a38ae000 	/System/Library/Frameworks/Security.framework/Versions/A/Security
0x00000001b39b0000 	/System/Library/Frameworks/ApplicationServices.framework/Versions/A/ApplicationServices
0x00000001ab0ef000 	/usr/lib/libSystem.B.dylib
0x00000001ab0e9000 	/usr/lib/system/libcache.dylib
0x00000001ab0a8000 	/usr/lib/system/libcommonCrypto.dylib
0x00000001ab0d2000 	/usr/lib/system/libcompiler_rt.dylib
0x00000001ab0c9000 	/usr/lib/system/libcopyfile.dylib
0x00000001a1834000 	/usr/lib/system/libcorecrypto.dylib
0x00000001a18d4000 	/usr/lib/system/libdispatch.dylib
0x00000001a1a8a000 	/usr/lib/system/libdyld.dylib
0x00000001ab0df000 	/usr/lib/system/libkeymgr.dylib
0x00000001ae501000 	/usr/lib/system/liblaunch.dylib
0x00000001ab086000 	/usr/lib/system/libmacho.dylib
0x00000001aa91b000 	/usr/lib/system/libquarantine.dylib
0x00000001ab0dc000 	/usr/lib/system/libremovefile.dylib
0x00000001a62dc000 	/usr/lib/system/libsystem_asl.dylib
0x00000001a17e2000 	/usr/lib/system/libsystem_blocks.dylib
0x00000001a1954000 	/usr/lib/system/libsystem_c.dylib
0x00000001ab0d6000 	/usr/lib/system/libsystem_collections.dylib
0x00000001a9f57000 	/usr/lib/system/libsystem_configuration.dylib
0x00000001a92d4000 	/usr/lib/system/libsystem_containermanager.dylib
0x00000001aae52000 	/usr/lib/system/libsystem_coreservices.dylib
0x00000001a3e7e000 	/usr/lib/system/libsystem_darwin.dylib
0x00000001ab0e0000 	/usr/lib/system/libsystem_dnssd.dylib
0x00000001a1951000 	/usr/lib/system/libsystem_featureflags.dylib
0x00000001a1ad0000 	/usr/lib/system/libsystem_info.dylib
0x00000001ab057000 	/usr/lib/system/libsystem_m.dylib
0x00000001a18a8000 	/usr/lib/system/libsystem_malloc.dylib
0x00000001a6275000 	/usr/lib/system/libsystem_networkextension.dylib
0x00000001a42bb000 	/usr/lib/system/libsystem_notify.dylib
0x00000001b09c4000 	/usr/lib/system/libsystem_product_info_filter.dylib
0x00000001a9f5c000 	/usr/lib/system/libsystem_sandbox.dylib
0x00000001ab0d9000 	/usr/lib/system/libsystem_secinit.dylib
0x00000001a1a4b000 	/usr/lib/system/libsystem_kernel.dylib
0x00000001a1ac9000 	/usr/lib/system/libsystem_platform.dylib
0x00000001a1a7e000 	/usr/lib/system/libsystem_pthread.dylib
0x00000001a7863000 	/usr/lib/system/libsystem_symptoms.dylib
0x00000001a181c000 	/usr/lib/system/libsystem_trace.dylib
0x00000001ab0b6000 	/usr/lib/system/libunwind.dylib
0x00000001a17e4000 	/usr/lib/system/libxpc.dylib
0x00000001a1a31000 	/usr/lib/libc++abi.dylib
0x00000001a1918000 	/usr/lib/libobjc.A.dylib
0x00000001ab0c1000 	/usr/lib/liboah.dylib
0x00000001a19d5000 	/usr/lib/libc++.1.dylib
0x00000001a1afc000 	/System/Library/Frameworks/CoreFoundation.framework/Versions/A/CoreFoundation
0x00000001a28a2000 	/System/Library/Frameworks/Foundation.framework/Versions/C/Foundation
0x00000001a4314000 	/System/Library/Frameworks/AppKit.framework/Versions/C/AppKit
0x00000001a710f000 	/System/Library/Frameworks/CoreData.framework/Versions/A/CoreData
0x00000001a5073000 	/System/Library/PrivateFrameworks/UIFoundation.framework/Versions/A/UIFoundation
0x00000001b0744000 	/System/Library/PrivateFrameworks/RemoteViewServices.framework/Versions/A/RemoteViewServices
0x00000001a9991000 	/System/Library/PrivateFrameworks/XCTTargetBootstrap.framework/Versions/A/XCTTargetBootstrap
0x00000001ac2b3000 	/usr/lib/libspindump.dylib
0x00000001a52a1000 	/System/Library/Frameworks/UniformTypeIdentifiers.framework/Versions/A/UniformTypeIdentifiers
0x00000001a8355000 	/usr/lib/libapp_launch_measurement.dylib
0x00000001a8358000 	/System/Library/PrivateFrameworks/CoreAutoLayout.framework/Versions/A/CoreAutoLayout
0x00000001a9302000 	/System/Library/Frameworks/Metal.framework/Versions/A/Metal
0x00000001a9f67000 	/usr/lib/liblangid.dylib
0x00000001a9995000 	/System/Library/PrivateFrameworks/CoreSVG.framework/Versions/A/CoreSVG
0x00000001a630e000 	/System/Library/PrivateFrameworks/SkyLight.framework/Versions/A/SkyLight
0x00000001a6674000 	/System/Library/Frameworks/CoreGraphics.framework/Versions/A/CoreGraphics
0x00000001b0d7e000 	/System/Library/Frameworks/Accelerate.framework/Versions/A/Accelerate
0x00000001abd07000 	/System/Library/PrivateFrameworks/IconServices.framework/Versions/A/IconServices
0x00000001a92e6000 	/System/Library/Frameworks/IOSurface.framework/Versions/A/IOSurface
0x00000001a79ee000 	/usr/lib/libDiagnosticMessagesClient.dylib
0x00000001a9979000 	/System/Library/PrivateFrameworks/DFRFoundation.framework/Versions/A/DFRFoundation
0x00000001a3c0c000 	/usr/lib/libicucore.A.dylib
0x00000001ad7d3000 	/System/Library/Frameworks/AudioToolbox.framework/Versions/A/AudioToolbox
0x00000001aca2b000 	/System/Library/PrivateFrameworks/DataDetectorsCore.framework/Versions/A/DataDetectorsCore
0x00000001a9669000 	/System/Library/Frameworks/Carbon.framework/Versions/A/Frameworks/HIToolbox.framework/Versions/A/HIToolbox
0x00000001a7dfd000 	/System/Library/Frameworks/QuartzCore.framework/Versions/A/QuartzCore
0x00000001b077c000 	/System/Library/Frameworks/Carbon.framework/Versions/A/Frameworks/SpeechRecognition.framework/Versions/A/SpeechRecognition
0x00000001a80f3000 	/System/Library/PrivateFrameworks/CoreUI.framework/Versions/A/CoreUI
0x00000001a3289000 	/System/Library/Frameworks/CoreAudio.framework/Versions/A/CoreAudio
0x00000001a7ad7000 	/System/Library/Frameworks/DiskArbitration.framework/Versions/A/DiskArbitration
0x00000001ac68a000 	/System/Library/PrivateFrameworks/MultitouchSupport.framework/Versions/A/MultitouchSupport
0x00000001aca22000 	/System/Library/PrivateFrameworks/InternationalSupport.framework/Versions/A/InternationalSupport
0x00000001a6285000 	/usr/lib/libenergytrace.dylib
0x00000001a41f0000 	/System/Library/Frameworks/IOKit.framework/Versions/A/IOKit
0x00000001b0ac4000 	/System/Library/Frameworks/CoreServices.framework/Versions/A/CoreServices
0x00000001a82ee000 	/System/Library/PrivateFrameworks/PerformanceAnalysis.framework/Versions/A/PerformanceAnalysis
0x00000001e416f000 	/System/Library/Frameworks/OpenGL.framework/Versions/A/OpenGL
0x00000001acaa0000 	/System/Library/PrivateFrameworks/UserActivity.framework/Versions/A/UserActivity
0x00000001a6c62000 	/System/Library/Frameworks/ColorSync.framework/Versions/A/ColorSync
0x00000001a9bde000 	/System/Library/Frameworks/CoreImage.framework/Versions/A/CoreImage
0x00000001a30b7000 	/System/Library/Frameworks/CoreText.framework/Versions/A/CoreText
0x00000001a99c0000 	/System/Library/Frameworks/ImageIO.framework/Versions/A/ImageIO
0x00000001ab0f5000 	/System/Library/PrivateFrameworks/SoftLinking.framework/Versions/A/SoftLinking
0x00000001a839c000 	/usr/lib/libxml2.2.dylib
0x00000001ab373000 	/usr/lib/libcompression.dylib
0x00000001a6287000 	/usr/lib/libMobileGestalt.dylib
0x00000001ac96d000 	/System/Library/PrivateFrameworks/TextureIO.framework/Versions/A/TextureIO
0x00000001aba4b000 	/usr/lib/libate.dylib
0x00000001ab88d000 	/usr/lib/liblzma.5.dylib
0x00000001a25bb000 	/System/Library/Frameworks/SystemConfiguration.framework/Versions/A/SystemConfiguration
0x00000001ab0f1000 	/usr/lib/libfakelink.dylib
0x00000001a5de7000 	/System/Library/Frameworks/CFNetwork.framework/Versions/A/CFNetwork
0x00000001ab23a000 	/usr/lib/libarchive.2.dylib
0x00000001a2643000 	/usr/lib/libCRFSuite.dylib
0x00000001aa945000 	/usr/lib/libbsm.0.dylib
0x00000001a56dc000 	/usr/lib/libnetwork.dylib
0x00000001ab0f6000 	/usr/lib/libpcap.A.dylib
0x00000001a785b000 	/usr/lib/libdns_services.dylib
0x00000001ab8a6000 	/usr/lib/libcoretls_cfhelpers.dylib
0x00000001ab343000 	/usr/lib/libapple_nghttp2.dylib
0x00000001ab08c000 	/usr/lib/system/libkxld.dylib
0x00000001a74d9000 	/usr/lib/libsqlite3.dylib
0x00000001aae35000 	/System/Library/PrivateFrameworks/AppleFSCompression.framework/Versions/A/AppleFSCompression
0x00000001aa92e000 	/usr/lib/libcoretls.dylib
0x00000001ab36e000 	/usr/lib/libpam.2.dylib
0x00000001ab98f000 	/usr/lib/libxar.1.dylib
0x00000001a9f63000 	/System/Library/PrivateFrameworks/AppleSystemInfo.framework/Versions/A/AppleSystemInfo
0x00000001aa57b000 	/System/Library/PrivateFrameworks/IOMobileFramebuffer.framework/Versions/A/IOMobileFramebuffer
0x00000001aae45000 	/usr/lib/libbz2.1.0.dylib
0x00000001ab131000 	/usr/lib/libiconv.2.dylib
0x00000001ab085000 	/usr/lib/libcharset.1.dylib
0x00000001a8327000 	/System/Library/Frameworks/CoreServices.framework/Versions/A/Frameworks/FSEvents.framework/Versions/A/FSEvents
0x00000001a3e89000 	/System/Library/Frameworks/CoreServices.framework/Versions/A/Frameworks/CarbonCore.framework/Versions/A/CarbonCore
0x00000001a7a3d000 	/System/Library/Frameworks/CoreServices.framework/Versions/A/Frameworks/Metadata.framework/Versions/A/Metadata
0x00000001aae57000 	/System/Library/Frameworks/CoreServices.framework/Versions/A/Frameworks/OSServices.framework/Versions/A/OSServices
0x00000001ab2ab000 	/System/Library/Frameworks/CoreServices.framework/Versions/A/Frameworks/SearchKit.framework/Versions/A/SearchKit
0x00000001a77e7000 	/System/Library/Frameworks/CoreServices.framework/Versions/A/Frameworks/AE.framework/Versions/A/AE
0x00000001a1fa6000 	/System/Library/Frameworks/CoreServices.framework/Versions/A/Frameworks/LaunchServices.framework/Versions/A/LaunchServices
0x00000001ab83b000 	/System/Library/Frameworks/CoreServices.framework/Versions/A/Frameworks/DictionaryServices.framework/Versions/A/DictionaryServices
0x00000001a8330000 	/System/Library/Frameworks/CoreServices.framework/Versions/A/Frameworks/SharedFileList.framework/Versions/A/SharedFileList
0x00000001aa91e000 	/usr/lib/libCheckFix.dylib
0x00000001a62f4000 	/System/Library/PrivateFrameworks/TCC.framework/Versions/A/TCC
0x00000001a9f69000 	/System/Library/PrivateFrameworks/CoreNLP.framework/Versions/A/CoreNLP
0x00000001a79f1000 	/System/Library/PrivateFrameworks/MetadataUtilities.framework/Versions/A/MetadataUtilities
0x00000001a2677000 	/usr/lib/libmecabra.dylib
0x00000001aac04000 	/System/Library/Frameworks/MLCompute.framework/Versions/A/MLCompute
0x00000001aa956000 	/usr/lib/libmecab.dylib
0x00000001aa99b000 	/usr/lib/libgermantok.dylib
0x00000001ab31c000 	/usr/lib/libThaiTokenizer.dylib
0x00000001ab9cb000 	/usr/lib/libChineseTokenizer.dylib
0x00000001ab36c000 	/System/Library/Frameworks/MetalPerformanceShaders.framework/Versions/A/MetalPerformanceShaders
0x00000001a7ade000 	/System/Library/Frameworks/Accelerate.framework/Versions/A/Frameworks/vImage.framework/Versions/A/vImage
0x00000001b0a9d000 	/System/Library/Frameworks/Accelerate.framework/Versions/A/Frameworks/vecLib.framework/Versions/A/vecLib
0x00000001ab9d6000 	/System/Library/Frameworks/Accelerate.framework/Versions/A/Frameworks/vecLib.framework/Versions/A/libvMisc.dylib
0x00000001aa4b5000 	/System/Library/Frameworks/Accelerate.framework/Versions/A/Frameworks/vecLib.framework/Versions/A/libvDSP.dylib
0x00000001a22b2000 	/System/Library/Frameworks/Accelerate.framework/Versions/A/Frameworks/vecLib.framework/Versions/A/libBLAS.dylib
0x00000001ab390000 	/System/Library/Frameworks/Accelerate.framework/Versions/A/Frameworks/vecLib.framework/Versions/A/libLAPACK.dylib
0x00000001aa9a0000 	/System/Library/Frameworks/Accelerate.framework/Versions/A/Frameworks/vecLib.framework/Versions/A/libLinearAlgebra.dylib
0x00000001ab35a000 	/System/Library/Frameworks/Accelerate.framework/Versions/A/Frameworks/vecLib.framework/Versions/A/libSparseBLAS.dylib
0x00000001ab38b000 	/System/Library/Frameworks/Accelerate.framework/Versions/A/Frameworks/vecLib.framework/Versions/A/libQuadrature.dylib
0x00000001aa000000 	/System/Library/Frameworks/Accelerate.framework/Versions/A/Frameworks/vecLib.framework/Versions/A/libBNNS.dylib
0x00000001a2558000 	/System/Library/Frameworks/Accelerate.framework/Versions/A/Frameworks/vecLib.framework/Versions/A/libSparse.dylib
0x00000001a9eff000 	/System/Library/Frameworks/MetalPerformanceShaders.framework/Versions/A/Frameworks/MPSCore.framework/Versions/A/MPSCore
0x00000001aadaa000 	/System/Library/Frameworks/MetalPerformanceShaders.framework/Versions/A/Frameworks/MPSImage.framework/Versions/A/MPSImage
0x00000001aa9b6000 	/System/Library/Frameworks/MetalPerformanceShaders.framework/Versions/A/Frameworks/MPSNeuralNetwork.framework/Versions/A/MPSNeuralNetwork
0x00000001aad3f000 	/System/Library/Frameworks/MetalPerformanceShaders.framework/Versions/A/Frameworks/MPSMatrix.framework/Versions/A/MPSMatrix
0x00000001aabba000 	/System/Library/Frameworks/MetalPerformanceShaders.framework/Versions/A/Frameworks/MPSRayIntersector.framework/Versions/A/MPSRayIntersector
0x00000001aad6e000 	/System/Library/Frameworks/MetalPerformanceShaders.framework/Versions/A/Frameworks/MPSNDArray.framework/Versions/A/MPSNDArray
0x00000001a21d9000 	/System/Library/PrivateFrameworks/MetalTools.framework/Versions/A/MetalTools
0x00000001a9f61000 	/System/Library/PrivateFrameworks/AggregateDictionary.framework/Versions/A/AggregateDictionary
0x00000001a79c8000 	/System/Library/PrivateFrameworks/CoreAnalytics.framework/Versions/A/CoreAnalytics
0x00000001ab31e000 	/System/Library/PrivateFrameworks/AppleSauce.framework/Versions/A/AppleSauce
0x00000001a92f8000 	/System/Library/PrivateFrameworks/IOAccelerator.framework/Versions/A/IOAccelerator
0x00000001e4162000 	/System/Library/Frameworks/OpenGL.framework/Versions/A/Libraries/libCoreFSCache.dylib
0x00000001a2c34000 	/System/Library/PrivateFrameworks/LanguageModeling.framework/Versions/A/LanguageModeling
0x00000001aa568000 	/System/Library/PrivateFrameworks/CoreEmoji.framework/Versions/A/CoreEmoji
0x00000001a9ff8000 	/System/Library/PrivateFrameworks/LinguisticData.framework/Versions/A/LinguisticData
0x00000001a250d000 	/System/Library/PrivateFrameworks/Lexicon.framework/Versions/A/Lexicon
0x00000001ab224000 	/usr/lib/libcmph.dylib
0x00000001a8307000 	/System/Library/Frameworks/OpenDirectory.framework/Versions/A/Frameworks/CFOpenDirectory.framework/Versions/A/CFOpenDirectory
0x00000001a82f9000 	/System/Library/Frameworks/OpenDirectory.framework/Versions/A/OpenDirectory
0x00000001ab8a8000 	/System/Library/PrivateFrameworks/APFS.framework/Versions/A/APFS
0x00000001aa885000 	/System/Library/Frameworks/SecurityFoundation.framework/Versions/A/SecurityFoundation
0x00000001ab99d000 	/usr/lib/libutil.dylib
0x00000001a41b4000 	/System/Library/PrivateFrameworks/CoreServicesStore.framework/Versions/A/CoreServicesStore
0x00000001aa915000 	/System/Library/Frameworks/ServiceManagement.framework/Versions/A/ServiceManagement
0x00000001ab9a1000 	/usr/lib/libxslt.1.dylib
0x00000001aa90b000 	/System/Library/PrivateFrameworks/BackgroundTaskManagement.framework/Versions/A/BackgroundTaskManagement
0x00000001ac8bc000 	/System/Library/Frameworks/ImageIO.framework/Versions/A/Resources/libRadiance.dylib
0x00000001ac8c5000 	/System/Library/Frameworks/ImageIO.framework/Versions/A/Resources/libJPEG.dylib
0x00000001ac818000 	/System/Library/Frameworks/ImageIO.framework/Versions/A/Resources/libPng.dylib
0x00000001ac83f000 	/System/Library/Frameworks/ImageIO.framework/Versions/A/Resources/libTIFF.dylib
0x00000001ac916000 	/System/Library/Frameworks/ImageIO.framework/Versions/A/Resources/libGIF.dylib
0x00000001ac5a1000 	/System/Library/Frameworks/ImageIO.framework/Versions/A/Resources/libJP2.dylib
0x00000001abcd0000 	/usr/lib/libexpat.1.dylib
0x00000001ac55d000 	/System/Library/PrivateFrameworks/AppleJPEG.framework/Versions/A/AppleJPEG
0x00000001a9510000 	/System/Library/PrivateFrameworks/FontServices.framework/libFontParser.dylib
0x00000001a7796000 	/System/Library/PrivateFrameworks/RunningBoardServices.framework/Versions/A/RunningBoardServices
0x00000001b5b8b000 	/System/Library/PrivateFrameworks/IOSurfaceAccelerator.framework/Versions/A/IOSurfaceAccelerator
0x00000001ac686000 	/System/Library/PrivateFrameworks/WatchdogClient.framework/Versions/A/WatchdogClient
0x00000001a2d26000 	/System/Library/Frameworks/CoreDisplay.framework/Versions/A/CoreDisplay
0x00000001a9419000 	/System/Library/Frameworks/CoreMedia.framework/Versions/A/CoreMedia
0x00000001a8488000 	/System/Library/Frameworks/CoreVideo.framework/Versions/A/CoreVideo
0x00000001ac6bf000 	/System/Library/Frameworks/VideoToolbox.framework/Versions/A/VideoToolbox
0x00000001a7711000 	/System/Library/PrivateFrameworks/BaseBoard.framework/Versions/A/BaseBoard
0x00000001abe12000 	/System/Library/PrivateFrameworks/PersistentConnection.framework/Versions/A/PersistentConnection
0x00000001a74c1000 	/System/Library/PrivateFrameworks/ProtocolBuffer.framework/Versions/A/ProtocolBuffer
0x00000001a76f9000 	/System/Library/PrivateFrameworks/CommonUtilities.framework/Versions/A/CommonUtilities
0x00000001ac4fd000 	/System/Library/PrivateFrameworks/Bom.framework/Versions/A/Bom
0x00000001ac8b7000 	/System/Library/PrivateFrameworks/GPUWrangler.framework/Versions/A/GPUWrangler
0x00000001ac89a000 	/System/Library/PrivateFrameworks/IOPresentment.framework/Versions/A/IOPresentment
0x00000001ac8bf000 	/System/Library/PrivateFrameworks/DSExternalDisplay.framework/Versions/A/DSExternalDisplay
0x00000001ac91b000 	/System/Library/PrivateFrameworks/CMCaptureCore.framework/Versions/A/CMCaptureCore
0x00000001ac29c000 	/System/Library/PrivateFrameworks/AppServerSupport.framework/Versions/A/AppServerSupport
0x00000001ae2b0000 	/System/Library/PrivateFrameworks/perfdata.framework/Versions/A/perfdata
0x00000001aa875000 	/System/Library/PrivateFrameworks/AssertionServices.framework/Versions/A/AssertionServices
0x00000001a2e49000 	/System/Library/PrivateFrameworks/AudioToolboxCore.framework/Versions/A/AudioToolboxCore
0x00000001a93f9000 	/System/Library/PrivateFrameworks/caulk.framework/Versions/A/caulk
0x00000001bd969000 	/System/Library/PrivateFrameworks/SystemPolicy.framework/Versions/A/SystemPolicy
0x00000001abadd000 	/usr/lib/libIOReport.dylib
0x00000001adb37000 	/usr/lib/libSMC.dylib
0x00000001ac7e5000 	/usr/lib/libAudioToolboxUtility.dylib
0x00000001be2f7000 	/usr/lib/libmis.dylib
0x00000001e41c4000 	/System/Library/Frameworks/OpenGL.framework/Versions/A/Libraries/libGLU.dylib
0x00000001e4182000 	/System/Library/Frameworks/OpenGL.framework/Versions/A/Libraries/libGFXShared.dylib
0x00000001e436c000 	/System/Library/Frameworks/OpenGL.framework/Versions/A/Libraries/libGL.dylib
0x00000001e418b000 	/System/Library/Frameworks/OpenGL.framework/Versions/A/Libraries/libGLImage.dylib
0x00000001e417f000 	/System/Library/Frameworks/OpenGL.framework/Versions/A/Libraries/libCVMSPluginSupport.dylib
0x00000001e4169000 	/System/Library/Frameworks/OpenGL.framework/Versions/A/Libraries/libCoreVMClient.dylib
0x00000001b46c8000 	/System/Library/PrivateFrameworks/ASEProcessing.framework/Versions/A/ASEProcessing
0x00000001abe39000 	/System/Library/PrivateFrameworks/GraphVisualizer.framework/Versions/A/GraphVisualizer
0x00000001abe47000 	/System/Library/PrivateFrameworks/FaceCore.framework/Versions/A/FaceCore
0x00000001ac25a000 	/System/Library/PrivateFrameworks/OTSVG.framework/Versions/A/OTSVG
0x00000001a80b0000 	/System/Library/Frameworks/ApplicationServices.framework/Versions/A/Frameworks/ATS.framework/Versions/A/Resources/libFontRegistry.dylib
0x00000001ac2a4000 	/System/Library/PrivateFrameworks/FontServices.framework/libhvf.dylib
0x00000001e4507000 	/System/Library/Frameworks/OpenCL.framework/Versions/A/OpenCL
0x00000001abc84000 	/System/Library/PrivateFrameworks/AppleVA.framework/Versions/A/AppleVA
0x00000001ad989000 	/System/Library/Frameworks/ApplicationServices.framework/Versions/A/Frameworks/ATS.framework/Versions/A/ATS
0x00000001adc95000 	/System/Library/Frameworks/ApplicationServices.framework/Versions/A/Frameworks/ColorSyncLegacy.framework/Versions/A/ColorSyncLegacy
0x00000001a6d58000 	/System/Library/Frameworks/ApplicationServices.framework/Versions/A/Frameworks/HIServices.framework/Versions/A/HIServices
0x00000001adc78000 	/System/Library/Frameworks/ApplicationServices.framework/Versions/A/Frameworks/LangAnalysis.framework/Versions/A/LangAnalysis
0x00000001ac925000 	/System/Library/Frameworks/ApplicationServices.framework/Versions/A/Frameworks/PrintCore.framework/Versions/A/PrintCore
0x00000001adc9d000 	/System/Library/Frameworks/ApplicationServices.framework/Versions/A/Frameworks/QD.framework/Versions/A/QD
0x00000001ad975000 	/System/Library/Frameworks/ApplicationServices.framework/Versions/A/Frameworks/SpeechSynthesis.framework/Versions/A/SpeechSynthesis
0x00000001ac8e6000 	/System/Library/Frameworks/ApplicationServices.framework/Versions/A/Frameworks/ATSUI.framework/Versions/A/ATSUI
0x00000001adc17000 	/usr/lib/libcups.2.dylib
0x00000001adc88000 	/System/Library/PrivateFrameworks/NetAuth.framework/Versions/A/NetAuth
0x00000001ae2cb000 	/System/Library/Frameworks/Kerberos.framework/Versions/A/Kerberos
0x00000001ae2dc000 	/System/Library/Frameworks/GSS.framework/Versions/A/GSS
0x00000001ad9f7000 	/usr/lib/libresolv.9.dylib
0x00000001ac2b6000 	/System/Library/PrivateFrameworks/Heimdal.framework/Versions/A/Heimdal
0x00000001b3c96000 	/System/Library/Frameworks/Kerberos.framework/Versions/A/Libraries/libHeimdalProxy.dylib
0x00000001a786b000 	/System/Library/Frameworks/Network.framework/Versions/A/Network
0x00000001abcea000 	/usr/lib/libheimdal-asn1.dylib
0x00000001ae325000 	/System/Library/PrivateFrameworks/CommonAuth.framework/Versions/A/CommonAuth
0x00000001a84db000 	/System/Library/PrivateFrameworks/login.framework/Versions/A/Frameworks/loginsupport.framework/Versions/A/loginsupport
0x00000001ad8f8000 	/System/Library/PrivateFrameworks/AudioSession.framework/Versions/A/AudioSession
0x00000001ad962000 	/usr/lib/libAudioStatistics.dylib
0x00000001abd6e000 	/System/Library/PrivateFrameworks/MediaExperience.framework/Versions/A/MediaExperience
0x00000001ad79d000 	/System/Library/PrivateFrameworks/AudioSession.framework/libSessionUtility.dylib
0x00000001ae2bc000 	/usr/lib/libperfcheck.dylib
0x00000001adca9000 	/System/Library/PrivateFrameworks/AudioResourceArbitration.framework/Versions/A/AudioResourceArbitration
0x00000001abcf4000 	/System/Library/PrivateFrameworks/IconFoundation.framework/Versions/A/IconFoundation
0x00000001b076c000 	/System/Library/PrivateFrameworks/SpeechRecognitionCore.framework/Versions/A/SpeechRecognitionCore
0x00000001ddb23000 	/System/Library/CoreServices/Encodings/libSimplifiedChineseConverter.dylib
0x0000000105000000 	/Library/Java/JavaVirtualMachines/zulu-13.jdk/Contents/Home/lib/server/libjvm.dylib
0x0000000100968000 	/Library/Java/JavaVirtualMachines/zulu-13.jdk/Contents/Home/lib/libverify.dylib
0x0000000100980000 	/Library/Java/JavaVirtualMachines/zulu-13.jdk/Contents/Home/lib/libjava.dylib
0x00000001009b8000 	/Library/Java/JavaVirtualMachines/zulu-13.jdk/Contents/Home/lib/libjimage.dylib
0x00000001009d4000 	/Library/Java/JavaVirtualMachines/zulu-13.jdk/Contents/Home/lib/libjdwp.dylib
0x0000000100a18000 	/Library/Java/JavaVirtualMachines/zulu-13.jdk/Contents/Home/lib/libinstrument.dylib
0x0000000100a78000 	/Library/Java/JavaVirtualMachines/zulu-13.jdk/Contents/Home/lib/libzip.dylib
0x0000000100e64000 	/Library/Java/JavaVirtualMachines/zulu-13.jdk/Contents/Home/lib/libdt_socket.dylib
0x0000000100e78000 	/Library/Java/JavaVirtualMachines/zulu-13.jdk/Contents/Home/lib/libnio.dylib
0x0000000100e98000 	/Library/Java/JavaVirtualMachines/zulu-13.jdk/Contents/Home/lib/libnet.dylib
0x0000000100ebc000 	/Library/Java/JavaVirtualMachines/zulu-13.jdk/Contents/Home/lib/libmanagement.dylib
0x0000000100ed0000 	/Library/Java/JavaVirtualMachines/zulu-13.jdk/Contents/Home/lib/libmanagement_ext.dylib
0x0000000100ee4000 	/Library/Java/JavaVirtualMachines/zulu-13.jdk/Contents/Home/lib/libextnet.dylib


VM Arguments:
jvm_args: -agentlib:jdwp=transport=dt_socket,address=127.0.0.1:53820,suspend=y,server=n -XX:TieredStopAtLevel=1 -Xverify:none -Dspring.output.ansi.enabled=always -javaagent:/Users/liujian/Library/Caches/JetBrains/IntelliJIdea2020.3/captureAgent/debugger-agent.jar -Dcom.sun.management.jmxremote -Dspring.jmx.enabled=true -Dspring.liveBeansView.mbeanDomain -Dspring.application.admin.enabled=true -Dfile.encoding=UTF-8 
java_command: com.ecommerce.demo.DemoApplication
java_class_path (initial): /Users/liujian/Desktop/java/GraduationDesign/target/classes:/Users/liujian/Desktop/Maven/repo/org/springframework/boot/spring-boot-starter/2.4.2/spring-boot-starter-2.4.2.jar:/Users/liujian/Desktop/Maven/repo/org/springframework/boot/spring-boot/2.5.0-SNAPSHOT/spring-boot-2.5.0-20210219.201259-236.jar:/Users/liujian/Desktop/Maven/repo/org/springframework/boot/spring-boot-starter-logging/2.5.0-SNAPSHOT/spring-boot-starter-logging-2.5.0-20210219.201259-236.jar:/Users/liujian/Desktop/Maven/repo/ch/qos/logback/logback-classic/1.2.3/logback-classic-1.2.3.jar:/Users/liujian/Desktop/Maven/repo/ch/qos/logback/logback-core/1.2.3/logback-core-1.2.3.jar:/Users/liujian/Desktop/Maven/repo/org/apache/logging/log4j/log4j-to-slf4j/2.14.0/log4j-to-slf4j-2.14.0.jar:/Users/liujian/Desktop/Maven/repo/org/apache/logging/log4j/log4j-api/2.14.0/log4j-api-2.14.0.jar:/Users/liujian/Desktop/Maven/repo/org/slf4j/jul-to-slf4j/1.7.30/jul-to-slf4j-1.7.30.jar:/Users/liujian/Desktop/Maven/repo/jakarta/annotation/jakarta.annotation-api/1.3.5/jakarta.annotation-api-1.3.5.jar:/Users/liujian/Desktop/Maven/repo/org/yaml/snakeyaml/1.27/snakeyaml-1.27.jar:/Users/liujian/Desktop/Maven/repo/com/zhenzikj/zhenzisms/2.0.2/zhenzisms-2.0.2.jar:/Users/liujian/Desktop/Maven/repo/cn/hutool/hutool-all/5.3.3/hutool-all-5.3.3.jar:/Users/liujian/Desktop/Maven/repo/org/springframework/boot/spring-boot-starter-web/2.4.2/spring-boot-starter-web-2.4.2.jar:/Users/liujian/Desktop/Maven/repo/org/springframework/boot/spring-boot-starter-json/2.5.0-SNAPSHOT/spring-boot-starter-json-2.5.0-20210219.201259-236.jar:/Users/liujian/Desktop/Maven/repo/com/fasterxml/jackson/datatype/jackson-datatype-jdk8/2.12.1/jackson-datatype-jdk8-2.12.1.jar:/Users/liujian/Desktop/Maven/repo/com/fasterxml/jackson/datatype/jackson-datatype-jsr310/2.12.1/jackson-datatype-jsr310-2.12.1.jar:/Users/liujian/Desktop/Maven/repo/com/fasterxml/jackson/module/jackson-module-parameter-names/2.12.1/jackson-module-parameter-name
Launcher Type: SUN_STANDARD

[Global flags]
     intx CICompilerCount                          = 4                                         {product} {ergonomic}
     uint ConcGCThreads                            = 2                                         {product} {ergonomic}
     uint G1ConcRefinementThreads                  = 8                                         {product} {ergonomic}
   size_t G1HeapRegionSize                         = 1048576                                   {product} {ergonomic}
    uintx GCDrainStackTargetSize                   = 64                                        {product} {ergonomic}
   size_t InitialHeapSize                          = 268435456                                 {product} {ergonomic}
     bool ManagementServer                         = true                                      {product} {command line}
   size_t MarkStackSize                            = 4194304                                   {product} {ergonomic}
   size_t MaxHeapSize                              = 4294967296                                {product} {ergonomic}
   size_t MaxNewSize                               = 2576351232                                {product} {ergonomic}
   size_t MinHeapDeltaBytes                        = 1048576                                   {product} {ergonomic}
   size_t MinHeapSize                              = 8388608                                   {product} {ergonomic}
    uintx NonNMethodCodeHeapSize                   = 7549744                                {pd product} {ergonomic}
    uintx NonProfiledCodeHeapSize                  = 244108496                              {pd product} {ergonomic}
    uintx ProfiledCodeHeapSize                     = 0                                      {pd product} {ergonomic}
    uintx ReservedCodeCacheSize                    = 251658240                              {pd product} {ergonomic}
     bool SegmentedCodeCache                       = true                                      {product} {ergonomic}
   size_t SoftMaxHeapSize                          = 4294967296                             {manageable} {ergonomic}
     intx TieredStopAtLevel                        = 1                                         {product} {command line}
     bool UseCompressedClassPointers               = true                                 {lp64_product} {ergonomic}
     bool UseCompressedOops                        = true                                 {lp64_product} {ergonomic}
     bool UseG1GC                                  = true                                      {product} {ergonomic}

Logging:
Log output configuration:
 #0: stdout all=warning uptime,level,tags
 #1: stderr all=off uptime,level,tags

Environment Variables:
PATH=/opt/homebrew/bin:/usr/local/bin:/usr/bin:/bin:/usr/sbin:/sbin:/Users/liujian/Desktop/Maven/apache-maven-3.6.3/bin
SHELL=/bin/zsh

Signal Handlers:
SIGSEGV: [libjvm.dylib+0x74e468], sa_mask[0]=11111111011111110111111111111111, sa_flags=SA_ONSTACK|SA_RESTART|SA_SIGINFO
SIGBUS: [libjvm.dylib+0x74e468], sa_mask[0]=11111111011111110111111111111111, sa_flags=SA_RESTART|SA_SIGINFO
SIGFPE: [libjvm.dylib+0x74e468], sa_mask[0]=11111111011111110111111111111111, sa_flags=SA_RESTART|SA_SIGINFO
SIGPIPE: [libjvm.dylib+0x5acf00], sa_mask[0]=11111111011111110111111111111111, sa_flags=SA_RESTART|SA_SIGINFO
SIGXFSZ: [libjvm.dylib+0x5acf00], sa_mask[0]=11111111011111110111111111111111, sa_flags=SA_RESTART|SA_SIGINFO
SIGILL: [libjvm.dylib+0x74e468], sa_mask[0]=11111111011111110111111111111111, sa_flags=SA_RESTART|SA_SIGINFO
SIGUSR2: [libjvm.dylib+0x5ad500], sa_mask[0]=00100000000000000000000000000000, sa_flags=SA_RESTART|SA_SIGINFO
SIGHUP: [libjvm.dylib+0x5ac188], sa_mask[0]=11111111011111110111111111111111, sa_flags=SA_RESTART|SA_SIGINFO
SIGINT: [libjvm.dylib+0x5ac188], sa_mask[0]=11111111011111110111111111111111, sa_flags=SA_RESTART|SA_SIGINFO
SIGTERM: [libjvm.dylib+0x5ac188], sa_mask[0]=11111111011111110111111111111111, sa_flags=SA_RESTART|SA_SIGINFO
SIGQUIT: [libjvm.dylib+0x5ac188], sa_mask[0]=11111111011111110111111111111111, sa_flags=SA_RESTART|SA_SIGINFO


---------------  S Y S T E M  ---------------

OS:uname:Darwin 20.2.0 Darwin Kernel Version 20.2.0: Wed Dec  2 20:40:21 PST 2020; root:xnu-7195.60.75~1/RELEASE_ARM64_T8101 arm64
OS uptime: 5 days 22:00 hours
rlimit (soft/hard): STACK 8176k/65520k , CORE 0k/infinity , NPROC 2666/4000 , NOFILE 10240/infinity , AS infinity/infinity , CPU infinity/infinity , DATA infinity/infinity , FSIZE infinity/infinity , MEMLOCK infinity/infinity , RSS infinity/infinity
load average:5.03 4.39 4.16

CPU:total 8 (initial active 8) 0x61:0x0:0x1b588bb3:0, simd, crc, lse

Memory: 16k page, physical 16777216k(208944k free), swap 5242880k(1067776k free)

vm_info: OpenJDK 64-Bit Server VM (13.0.6+5-MTS) for bsd-aarch64 JRE (13.0.6+5-MTS) (Zulu13.37+21-CA), built on Dec 25 2020 12:57:28 by "zulu_re" with clang Apple LLVM 12.0.0 (clang-1200.0.32.27)

END.
